{"/home/elon/task-manager-crud/js/advancedFilters.js": {"path":"/home/elon/task-manager-crud/js/advancedFilters.js","statementMap":{"0":{"start":{"line":7,"column":25},"end":{"line":10,"column":1}},"1":{"start":{"line":28,"column":2},"end":{"line":31,"column":3}},"2":{"start":{"line":29,"column":4},"end":{"line":29,"column":74}},"3":{"start":{"line":30,"column":4},"end":{"line":30,"column":14}},"4":{"start":{"line":34,"column":2},"end":{"line":36,"column":3}},"5":{"start":{"line":35,"column":4},"end":{"line":35,"column":22}},"6":{"start":{"line":39,"column":19},"end":{"line":39,"column":59}},"7":{"start":{"line":40,"column":2},"end":{"line":43,"column":3}},"8":{"start":{"line":41,"column":4},"end":{"line":41,"column":91}},"9":{"start":{"line":42,"column":4},"end":{"line":42,"column":44}},"10":{"start":{"line":45,"column":2},"end":{"line":45,"column":69}},"11":{"start":{"line":45,"column":30},"end":{"line":45,"column":67}},"12":{"start":{"line":56,"column":2},"end":{"line":58,"column":3}},"13":{"start":{"line":57,"column":4},"end":{"line":57,"column":17}},"14":{"start":{"line":60,"column":46},"end":{"line":60,"column":53}},"15":{"start":{"line":61,"column":26},"end":{"line":61,"column":28}},"16":{"start":{"line":64,"column":2},"end":{"line":66,"column":3}},"17":{"start":{"line":65,"column":4},"end":{"line":65,"column":71}},"18":{"start":{"line":69,"column":2},"end":{"line":71,"column":3}},"19":{"start":{"line":70,"column":4},"end":{"line":70,"column":69}},"20":{"start":{"line":74,"column":2},"end":{"line":76,"column":3}},"21":{"start":{"line":75,"column":4},"end":{"line":75,"column":65}},"22":{"start":{"line":79,"column":2},"end":{"line":86,"column":3}},"23":{"start":{"line":80,"column":24},"end":{"line":80,"column":63}},"24":{"start":{"line":81,"column":4},"end":{"line":85,"column":5}},"25":{"start":{"line":82,"column":25},"end":{"line":82,"column":85}},"26":{"start":{"line":83,"column":31},"end":{"line":83,"column":103}},"27":{"start":{"line":84,"column":6},"end":{"line":84,"column":59}},"28":{"start":{"line":89,"column":23},"end":{"line":89,"column":25}},"29":{"start":{"line":90,"column":2},"end":{"line":92,"column":3}},"30":{"start":{"line":91,"column":4},"end":{"line":91,"column":47}},"31":{"start":{"line":93,"column":2},"end":{"line":95,"column":3}},"32":{"start":{"line":94,"column":4},"end":{"line":94,"column":48}},"33":{"start":{"line":96,"column":2},"end":{"line":98,"column":3}},"34":{"start":{"line":97,"column":4},"end":{"line":97,"column":51}},"35":{"start":{"line":101,"column":2},"end":{"line":103,"column":3}},"36":{"start":{"line":102,"column":4},"end":{"line":102,"column":62}},"37":{"start":{"line":102,"column":53},"end":{"line":102,"column":59}},"38":{"start":{"line":106,"column":2},"end":{"line":108,"column":3}},"39":{"start":{"line":107,"column":4},"end":{"line":107,"column":16}},"40":{"start":{"line":111,"column":2},"end":{"line":113,"column":46}},"41":{"start":{"line":112,"column":37},"end":{"line":112,"column":43}},"42":{"start":{"line":113,"column":38},"end":{"line":113,"column":44}},"43":{"start":{"line":122,"column":2},"end":{"line":122,"column":29}},"44":{"start":{"line":122,"column":16},"end":{"line":122,"column":29}},"45":{"start":{"line":124,"column":16},"end":{"line":124,"column":26}},"46":{"start":{"line":125,"column":2},"end":{"line":125,"column":29}},"47":{"start":{"line":127,"column":14},"end":{"line":127,"column":31}},"48":{"start":{"line":128,"column":2},"end":{"line":128,"column":27}},"49":{"start":{"line":130,"column":2},"end":{"line":130,"column":21}},"50":{"start":{"line":139,"column":2},"end":{"line":139,"column":29}},"51":{"start":{"line":139,"column":16},"end":{"line":139,"column":29}},"52":{"start":{"line":141,"column":16},"end":{"line":141,"column":54}},"53":{"start":{"line":142,"column":2},"end":{"line":142,"column":27}},"54":{"start":{"line":151,"column":2},"end":{"line":151,"column":29}},"55":{"start":{"line":151,"column":16},"end":{"line":151,"column":29}},"56":{"start":{"line":153,"column":16},"end":{"line":153,"column":26}},"57":{"start":{"line":154,"column":20},"end":{"line":154,"column":35}},"58":{"start":{"line":155,"column":2},"end":{"line":155,"column":60}},"59":{"start":{"line":157,"column":14},"end":{"line":157,"column":31}},"60":{"start":{"line":158,"column":2},"end":{"line":158,"column":42}},"61":{"start":{"line":161,"column":0},"end":{"line":167,"column":2}}},"fnMap":{"0":{"name":"filterTasksAdvanced","decl":{"start":{"line":26,"column":9},"end":{"line":26,"column":28}},"loc":{"start":{"line":26,"column":50},"end":{"line":46,"column":1}},"line":26},"1":{"name":"(anonymous_1)","decl":{"start":{"line":45,"column":22},"end":{"line":45,"column":23}},"loc":{"start":{"line":45,"column":30},"end":{"line":45,"column":67}},"line":45},"2":{"name":"matchesAdvancedFilters","decl":{"start":{"line":54,"column":9},"end":{"line":54,"column":31}},"loc":{"start":{"line":54,"column":47},"end":{"line":114,"column":1}},"line":54},"3":{"name":"(anonymous_3)","decl":{"start":{"line":102,"column":43},"end":{"line":102,"column":44}},"loc":{"start":{"line":102,"column":53},"end":{"line":102,"column":59}},"line":102},"4":{"name":"(anonymous_4)","decl":{"start":{"line":112,"column":27},"end":{"line":112,"column":28}},"loc":{"start":{"line":112,"column":37},"end":{"line":112,"column":43}},"line":112},"5":{"name":"(anonymous_5)","decl":{"start":{"line":113,"column":28},"end":{"line":113,"column":29}},"loc":{"start":{"line":113,"column":38},"end":{"line":113,"column":44}},"line":113},"6":{"name":"isOverdue","decl":{"start":{"line":121,"column":9},"end":{"line":121,"column":18}},"loc":{"start":{"line":121,"column":28},"end":{"line":131,"column":1}},"line":121},"7":{"name":"isDueToday","decl":{"start":{"line":138,"column":9},"end":{"line":138,"column":19}},"loc":{"start":{"line":138,"column":29},"end":{"line":143,"column":1}},"line":138},"8":{"name":"isDueThisWeek","decl":{"start":{"line":150,"column":9},"end":{"line":150,"column":22}},"loc":{"start":{"line":150,"column":32},"end":{"line":159,"column":1}},"line":150}},"branchMap":{"0":{"loc":{"start":{"line":26,"column":36},"end":{"line":26,"column":48}},"type":"default-arg","locations":[{"start":{"line":26,"column":46},"end":{"line":26,"column":48}}],"line":26},"1":{"loc":{"start":{"line":28,"column":2},"end":{"line":31,"column":3}},"type":"if","locations":[{"start":{"line":28,"column":2},"end":{"line":31,"column":3}},{"start":{},"end":{}}],"line":28},"2":{"loc":{"start":{"line":34,"column":2},"end":{"line":36,"column":3}},"type":"if","locations":[{"start":{"line":34,"column":2},"end":{"line":36,"column":3}},{"start":{},"end":{}}],"line":34},"3":{"loc":{"start":{"line":34,"column":6},"end":{"line":34,"column":51}},"type":"binary-expr","locations":[{"start":{"line":34,"column":6},"end":{"line":34,"column":14}},{"start":{"line":34,"column":18},"end":{"line":34,"column":51}}],"line":34},"4":{"loc":{"start":{"line":39,"column":19},"end":{"line":39,"column":59}},"type":"binary-expr","locations":[{"start":{"line":39,"column":19},"end":{"line":39,"column":35}},{"start":{"line":39,"column":39},"end":{"line":39,"column":59}}],"line":39},"5":{"loc":{"start":{"line":40,"column":2},"end":{"line":43,"column":3}},"type":"if","locations":[{"start":{"line":40,"column":2},"end":{"line":43,"column":3}},{"start":{},"end":{}}],"line":40},"6":{"loc":{"start":{"line":56,"column":2},"end":{"line":58,"column":3}},"type":"if","locations":[{"start":{"line":56,"column":2},"end":{"line":58,"column":3}},{"start":{},"end":{}}],"line":56},"7":{"loc":{"start":{"line":56,"column":6},"end":{"line":56,"column":39}},"type":"binary-expr","locations":[{"start":{"line":56,"column":6},"end":{"line":56,"column":11}},{"start":{"line":56,"column":15},"end":{"line":56,"column":39}}],"line":56},"8":{"loc":{"start":{"line":60,"column":10},"end":{"line":60,"column":41}},"type":"default-arg","locations":[{"start":{"line":60,"column":21},"end":{"line":60,"column":41}}],"line":60},"9":{"loc":{"start":{"line":64,"column":2},"end":{"line":66,"column":3}},"type":"if","locations":[{"start":{"line":64,"column":2},"end":{"line":66,"column":3}},{"start":{},"end":{}}],"line":64},"10":{"loc":{"start":{"line":64,"column":6},"end":{"line":64,"column":94}},"type":"binary-expr","locations":[{"start":{"line":64,"column":6},"end":{"line":64,"column":24}},{"start":{"line":64,"column":28},"end":{"line":64,"column":61}},{"start":{"line":64,"column":65},"end":{"line":64,"column":94}}],"line":64},"11":{"loc":{"start":{"line":69,"column":2},"end":{"line":71,"column":3}},"type":"if","locations":[{"start":{"line":69,"column":2},"end":{"line":71,"column":3}},{"start":{},"end":{}}],"line":69},"12":{"loc":{"start":{"line":69,"column":6},"end":{"line":69,"column":94}},"type":"binary-expr","locations":[{"start":{"line":69,"column":6},"end":{"line":69,"column":24}},{"start":{"line":69,"column":28},"end":{"line":69,"column":61}},{"start":{"line":69,"column":65},"end":{"line":69,"column":94}}],"line":69},"13":{"loc":{"start":{"line":74,"column":2},"end":{"line":76,"column":3}},"type":"if","locations":[{"start":{"line":74,"column":2},"end":{"line":76,"column":3}},{"start":{},"end":{}}],"line":74},"14":{"loc":{"start":{"line":74,"column":6},"end":{"line":74,"column":88}},"type":"binary-expr","locations":[{"start":{"line":74,"column":6},"end":{"line":74,"column":22}},{"start":{"line":74,"column":26},"end":{"line":74,"column":57}},{"start":{"line":74,"column":61},"end":{"line":74,"column":88}}],"line":74},"15":{"loc":{"start":{"line":79,"column":2},"end":{"line":86,"column":3}},"type":"if","locations":[{"start":{"line":79,"column":2},"end":{"line":86,"column":3}},{"start":{},"end":{}}],"line":79},"16":{"loc":{"start":{"line":79,"column":6},"end":{"line":79,"column":66}},"type":"binary-expr","locations":[{"start":{"line":79,"column":6},"end":{"line":79,"column":24}},{"start":{"line":79,"column":28},"end":{"line":79,"column":66}}],"line":79},"17":{"loc":{"start":{"line":81,"column":4},"end":{"line":85,"column":5}},"type":"if","locations":[{"start":{"line":81,"column":4},"end":{"line":85,"column":5}},{"start":{},"end":{}}],"line":81},"18":{"loc":{"start":{"line":82,"column":25},"end":{"line":82,"column":85}},"type":"binary-expr","locations":[{"start":{"line":82,"column":25},"end":{"line":82,"column":35}},{"start":{"line":82,"column":39},"end":{"line":82,"column":85}}],"line":82},"19":{"loc":{"start":{"line":83,"column":31},"end":{"line":83,"column":103}},"type":"binary-expr","locations":[{"start":{"line":83,"column":31},"end":{"line":83,"column":47}},{"start":{"line":83,"column":51},"end":{"line":83,"column":103}}],"line":83},"20":{"loc":{"start":{"line":84,"column":27},"end":{"line":84,"column":57}},"type":"binary-expr","locations":[{"start":{"line":84,"column":27},"end":{"line":84,"column":37}},{"start":{"line":84,"column":41},"end":{"line":84,"column":57}}],"line":84},"21":{"loc":{"start":{"line":90,"column":2},"end":{"line":92,"column":3}},"type":"if","locations":[{"start":{"line":90,"column":2},"end":{"line":92,"column":3}},{"start":{},"end":{}}],"line":90},"22":{"loc":{"start":{"line":93,"column":2},"end":{"line":95,"column":3}},"type":"if","locations":[{"start":{"line":93,"column":2},"end":{"line":95,"column":3}},{"start":{},"end":{}}],"line":93},"23":{"loc":{"start":{"line":96,"column":2},"end":{"line":98,"column":3}},"type":"if","locations":[{"start":{"line":96,"column":2},"end":{"line":98,"column":3}},{"start":{},"end":{}}],"line":96},"24":{"loc":{"start":{"line":101,"column":2},"end":{"line":103,"column":3}},"type":"if","locations":[{"start":{"line":101,"column":2},"end":{"line":103,"column":3}},{"start":{},"end":{}}],"line":101},"25":{"loc":{"start":{"line":106,"column":2},"end":{"line":108,"column":3}},"type":"if","locations":[{"start":{"line":106,"column":2},"end":{"line":108,"column":3}},{"start":{},"end":{}}],"line":106},"26":{"loc":{"start":{"line":111,"column":9},"end":{"line":113,"column":45}},"type":"cond-expr","locations":[{"start":{"line":112,"column":6},"end":{"line":112,"column":44}},{"start":{"line":113,"column":6},"end":{"line":113,"column":45}}],"line":111},"27":{"loc":{"start":{"line":122,"column":2},"end":{"line":122,"column":29}},"type":"if","locations":[{"start":{"line":122,"column":2},"end":{"line":122,"column":29}},{"start":{},"end":{}}],"line":122},"28":{"loc":{"start":{"line":139,"column":2},"end":{"line":139,"column":29}},"type":"if","locations":[{"start":{"line":139,"column":2},"end":{"line":139,"column":29}},{"start":{},"end":{}}],"line":139},"29":{"loc":{"start":{"line":151,"column":2},"end":{"line":151,"column":29}},"type":"if","locations":[{"start":{"line":151,"column":2},"end":{"line":151,"column":29}},{"start":{},"end":{}}],"line":151},"30":{"loc":{"start":{"line":158,"column":9},"end":{"line":158,"column":41}},"type":"binary-expr","locations":[{"start":{"line":158,"column":9},"end":{"line":158,"column":21}},{"start":{"line":158,"column":25},"end":{"line":158,"column":41}}],"line":158}},"s":{"0":8,"1":35,"2":0,"3":0,"4":35,"5":2,"6":33,"7":33,"8":0,"9":0,"10":33,"11":78,"12":78,"13":0,"14":78,"15":78,"16":78,"17":28,"18":78,"19":20,"20":78,"21":16,"22":78,"23":16,"24":16,"25":16,"26":16,"27":16,"28":78,"29":78,"30":8,"31":78,"32":13,"33":78,"34":5,"35":78,"36":26,"37":26,"38":78,"39":4,"40":74,"41":8,"42":81,"43":8,"44":1,"45":7,"46":7,"47":7,"48":7,"49":7,"50":13,"51":1,"52":12,"53":12,"54":5,"55":1,"56":4,"57":4,"58":4,"59":4,"60":4,"61":8},"f":{"0":35,"1":78,"2":78,"3":26,"4":8,"5":81,"6":8,"7":13,"8":5},"b":{"0":[0],"1":[0,35],"2":[2,33],"3":[35,35],"4":[33,27],"5":[0,33],"6":[0,78],"7":[78,78],"8":[54],"9":[28,50],"10":[78,32,32],"11":[20,58],"12":[78,24,24],"13":[16,62],"14":[78,20,20],"15":[16,62],"16":[78,16],"17":[16,0],"18":[16,16],"19":[16,4],"20":[16,8],"21":[8,70],"22":[13,65],"23":[5,73],"24":[26,52],"25":[4,74],"26":[8,66],"27":[1,7],"28":[1,12],"29":[1,4],"30":[4,3]},"_coverageSchema":"1a1c01bbd47fc00a2c39e90264f33305004495a9","hash":"9fc0030b9578319c7c6a7f6b2b47bf79ed839782"}
,"/home/elon/task-manager-crud/js/categoryManager.js": {"path":"/home/elon/task-manager-crud/js/categoryManager.js","statementMap":{"0":{"start":{"line":7,"column":8},"end":{"line":7,"column":29}},"1":{"start":{"line":8,"column":8},"end":{"line":8,"column":30}},"2":{"start":{"line":9,"column":8},"end":{"line":9,"column":26}},"3":{"start":{"line":14,"column":8},"end":{"line":14,"column":68}},"4":{"start":{"line":19,"column":8},"end":{"line":19,"column":66}},"5":{"start":{"line":24,"column":8},"end":{"line":24,"column":36}},"6":{"start":{"line":29,"column":8},"end":{"line":29,"column":68}},"7":{"start":{"line":29,"column":48},"end":{"line":29,"column":66}},"8":{"start":{"line":34,"column":25},"end":{"line":39,"column":9}},"9":{"start":{"line":42,"column":8},"end":{"line":44,"column":9}},"10":{"start":{"line":42,"column":40},"end":{"line":42,"column":94}},"11":{"start":{"line":43,"column":12},"end":{"line":43,"column":60}},"12":{"start":{"line":46,"column":8},"end":{"line":46,"column":39}},"13":{"start":{"line":47,"column":8},"end":{"line":47,"column":30}},"14":{"start":{"line":48,"column":8},"end":{"line":48,"column":24}},"15":{"start":{"line":53,"column":22},"end":{"line":53,"column":79}},"16":{"start":{"line":53,"column":60},"end":{"line":53,"column":78}},"17":{"start":{"line":54,"column":8},"end":{"line":56,"column":9}},"18":{"start":{"line":55,"column":12},"end":{"line":55,"column":50}},"19":{"start":{"line":58,"column":32},"end":{"line":62,"column":9}},"20":{"start":{"line":65,"column":8},"end":{"line":67,"column":9}},"21":{"start":{"line":65,"column":40},"end":{"line":65,"column":118}},"22":{"start":{"line":66,"column":12},"end":{"line":66,"column":60}},"23":{"start":{"line":69,"column":8},"end":{"line":69,"column":49}},"24":{"start":{"line":70,"column":8},"end":{"line":70,"column":30}},"25":{"start":{"line":71,"column":8},"end":{"line":71,"column":31}},"26":{"start":{"line":76,"column":22},"end":{"line":76,"column":79}},"27":{"start":{"line":76,"column":60},"end":{"line":76,"column":78}},"28":{"start":{"line":77,"column":8},"end":{"line":79,"column":9}},"29":{"start":{"line":78,"column":12},"end":{"line":78,"column":50}},"30":{"start":{"line":82,"column":22},"end":{"line":82,"column":58}},"31":{"start":{"line":83,"column":35},"end":{"line":83,"column":79}},"32":{"start":{"line":83,"column":56},"end":{"line":83,"column":78}},"33":{"start":{"line":85,"column":8},"end":{"line":87,"column":9}},"34":{"start":{"line":86,"column":12},"end":{"line":86,"column":113}},"35":{"start":{"line":89,"column":8},"end":{"line":89,"column":41}},"36":{"start":{"line":90,"column":8},"end":{"line":90,"column":30}},"37":{"start":{"line":91,"column":8},"end":{"line":91,"column":20}},"38":{"start":{"line":96,"column":25},"end":{"line":96,"column":49}},"39":{"start":{"line":97,"column":8},"end":{"line":97,"column":61}},"40":{"start":{"line":102,"column":25},"end":{"line":102,"column":49}},"41":{"start":{"line":103,"column":8},"end":{"line":103,"column":53}},"42":{"start":{"line":108,"column":31},"end":{"line":108,"column":72}},"43":{"start":{"line":109,"column":8},"end":{"line":109,"column":36}},"44":{"start":{"line":109,"column":29},"end":{"line":109,"column":36}},"45":{"start":{"line":111,"column":8},"end":{"line":111,"column":38}},"46":{"start":{"line":113,"column":8},"end":{"line":127,"column":11}},"47":{"start":{"line":114,"column":36},"end":{"line":114,"column":65}},"48":{"start":{"line":115,"column":12},"end":{"line":115,"column":56}},"49":{"start":{"line":116,"column":12},"end":{"line":125,"column":14}},"50":{"start":{"line":126,"column":12},"end":{"line":126,"column":56}},"51":{"start":{"line":130,"column":8},"end":{"line":130,"column":34}},"52":{"start":{"line":135,"column":8},"end":{"line":135,"column":35}},"53":{"start":{"line":135,"column":28},"end":{"line":135,"column":35}},"54":{"start":{"line":137,"column":8},"end":{"line":137,"column":80}},"55":{"start":{"line":139,"column":8},"end":{"line":144,"column":11}},"56":{"start":{"line":140,"column":27},"end":{"line":140,"column":59}},"57":{"start":{"line":141,"column":12},"end":{"line":141,"column":39}},"58":{"start":{"line":142,"column":12},"end":{"line":142,"column":47}},"59":{"start":{"line":143,"column":12},"end":{"line":143,"column":46}},"60":{"start":{"line":149,"column":32},"end":{"line":149,"column":74}},"61":{"start":{"line":150,"column":8},"end":{"line":150,"column":37}},"62":{"start":{"line":150,"column":30},"end":{"line":150,"column":37}},"63":{"start":{"line":152,"column":8},"end":{"line":152,"column":39}},"64":{"start":{"line":154,"column":8},"end":{"line":165,"column":11}},"65":{"start":{"line":155,"column":34},"end":{"line":155,"column":65}},"66":{"start":{"line":156,"column":12},"end":{"line":156,"column":54}},"67":{"start":{"line":157,"column":12},"end":{"line":163,"column":14}},"68":{"start":{"line":164,"column":12},"end":{"line":164,"column":55}},"69":{"start":{"line":170,"column":22},"end":{"line":170,"column":62}},"70":{"start":{"line":171,"column":21},"end":{"line":171,"column":60}},"71":{"start":{"line":172,"column":22},"end":{"line":172,"column":67}},"72":{"start":{"line":174,"column":8},"end":{"line":174,"column":46}},"73":{"start":{"line":174,"column":39},"end":{"line":174,"column":46}},"74":{"start":{"line":177,"column":8},"end":{"line":177,"column":48}},"75":{"start":{"line":179,"column":8},"end":{"line":186,"column":9}},"76":{"start":{"line":181,"column":12},"end":{"line":181,"column":48}},"77":{"start":{"line":182,"column":12},"end":{"line":182,"column":64}},"78":{"start":{"line":185,"column":12},"end":{"line":185,"column":51}},"79":{"start":{"line":189,"column":8},"end":{"line":189,"column":61}},"80":{"start":{"line":191,"column":8},"end":{"line":191,"column":36}},"81":{"start":{"line":196,"column":22},"end":{"line":196,"column":62}},"82":{"start":{"line":197,"column":8},"end":{"line":199,"column":9}},"83":{"start":{"line":198,"column":12},"end":{"line":198,"column":43}},"84":{"start":{"line":204,"column":8},"end":{"line":204,"column":31}},"85":{"start":{"line":206,"column":21},"end":{"line":206,"column":33}},"86":{"start":{"line":207,"column":25},"end":{"line":207,"column":66}},"87":{"start":{"line":208,"column":26},"end":{"line":208,"column":48}},"88":{"start":{"line":210,"column":8},"end":{"line":236,"column":9}},"89":{"start":{"line":213,"column":12},"end":{"line":221,"column":13}},"90":{"start":{"line":215,"column":16},"end":{"line":215,"column":68}},"91":{"start":{"line":216,"column":16},"end":{"line":216,"column":94}},"92":{"start":{"line":219,"column":16},"end":{"line":219,"column":54}},"93":{"start":{"line":220,"column":16},"end":{"line":220,"column":92}},"94":{"start":{"line":224,"column":12},"end":{"line":224,"column":36}},"95":{"start":{"line":225,"column":12},"end":{"line":225,"column":41}},"96":{"start":{"line":228,"column":12},"end":{"line":230,"column":13}},"97":{"start":{"line":229,"column":16},"end":{"line":229,"column":59}},"98":{"start":{"line":232,"column":12},"end":{"line":232,"column":37}},"99":{"start":{"line":235,"column":12},"end":{"line":235,"column":70}},"100":{"start":{"line":241,"column":25},"end":{"line":241,"column":57}},"101":{"start":{"line":242,"column":8},"end":{"line":242,"column":30}},"102":{"start":{"line":242,"column":23},"end":{"line":242,"column":30}},"103":{"start":{"line":244,"column":26},"end":{"line":246,"column":9}},"104":{"start":{"line":248,"column":8},"end":{"line":248,"column":31}},"105":{"start":{"line":248,"column":24},"end":{"line":248,"column":31}},"106":{"start":{"line":250,"column":8},"end":{"line":265,"column":9}},"107":{"start":{"line":251,"column":12},"end":{"line":251,"column":44}},"108":{"start":{"line":252,"column":12},"end":{"line":252,"column":90}},"109":{"start":{"line":255,"column":12},"end":{"line":255,"column":36}},"110":{"start":{"line":256,"column":12},"end":{"line":256,"column":41}},"111":{"start":{"line":259,"column":12},"end":{"line":261,"column":13}},"112":{"start":{"line":260,"column":16},"end":{"line":260,"column":59}},"113":{"start":{"line":264,"column":12},"end":{"line":264,"column":70}},"114":{"start":{"line":271,"column":30},"end":{"line":271,"column":70}},"115":{"start":{"line":272,"column":29},"end":{"line":272,"column":68}},"116":{"start":{"line":273,"column":36},"end":{"line":273,"column":82}},"117":{"start":{"line":275,"column":8},"end":{"line":277,"column":9}},"118":{"start":{"line":276,"column":12},"end":{"line":276,"column":90}},"119":{"start":{"line":276,"column":64},"end":{"line":276,"column":88}},"120":{"start":{"line":279,"column":8},"end":{"line":281,"column":9}},"121":{"start":{"line":280,"column":12},"end":{"line":280,"column":89}},"122":{"start":{"line":280,"column":59},"end":{"line":280,"column":87}},"123":{"start":{"line":284,"column":8},"end":{"line":296,"column":9}},"124":{"start":{"line":285,"column":33},"end":{"line":285,"column":92}},"125":{"start":{"line":286,"column":12},"end":{"line":288,"column":15}},"126":{"start":{"line":287,"column":16},"end":{"line":287,"column":81}},"127":{"start":{"line":287,"column":55},"end":{"line":287,"column":79}},"128":{"start":{"line":291,"column":12},"end":{"line":295,"column":15}},"129":{"start":{"line":292,"column":16},"end":{"line":294,"column":17}},"130":{"start":{"line":293,"column":20},"end":{"line":293,"column":45}},"131":{"start":{"line":299,"column":8},"end":{"line":299,"column":34}},"132":{"start":{"line":305,"column":8},"end":{"line":313,"column":11}},"133":{"start":{"line":306,"column":12},"end":{"line":312,"column":15}},"134":{"start":{"line":307,"column":35},"end":{"line":307,"column":54}},"135":{"start":{"line":308,"column":33},"end":{"line":308,"column":65}},"136":{"start":{"line":309,"column":16},"end":{"line":311,"column":17}},"137":{"start":{"line":310,"column":20},"end":{"line":310,"column":53}},"138":{"start":{"line":316,"column":8},"end":{"line":321,"column":11}},"139":{"start":{"line":317,"column":12},"end":{"line":320,"column":15}},"140":{"start":{"line":318,"column":35},"end":{"line":318,"column":54}},"141":{"start":{"line":319,"column":16},"end":{"line":319,"column":54}},"142":{"start":{"line":326,"column":8},"end":{"line":326,"column":32}},"143":{"start":{"line":327,"column":8},"end":{"line":327,"column":37}},"144":{"start":{"line":332,"column":24},"end":{"line":332,"column":45}},"145":{"start":{"line":335,"column":0},"end":{"line":335,"column":41}}},"fnMap":{"0":{"name":"(anonymous_0)","decl":{"start":{"line":6,"column":4},"end":{"line":6,"column":5}},"loc":{"start":{"line":6,"column":18},"end":{"line":10,"column":5}},"line":6},"1":{"name":"(anonymous_1)","decl":{"start":{"line":13,"column":4},"end":{"line":13,"column":5}},"loc":{"start":{"line":13,"column":21},"end":{"line":15,"column":5}},"line":13},"2":{"name":"(anonymous_2)","decl":{"start":{"line":18,"column":4},"end":{"line":18,"column":5}},"loc":{"start":{"line":18,"column":21},"end":{"line":20,"column":5}},"line":18},"3":{"name":"(anonymous_3)","decl":{"start":{"line":23,"column":4},"end":{"line":23,"column":5}},"loc":{"start":{"line":23,"column":20},"end":{"line":25,"column":5}},"line":23},"4":{"name":"(anonymous_4)","decl":{"start":{"line":28,"column":4},"end":{"line":28,"column":5}},"loc":{"start":{"line":28,"column":24},"end":{"line":30,"column":5}},"line":28},"5":{"name":"(anonymous_5)","decl":{"start":{"line":29,"column":36},"end":{"line":29,"column":37}},"loc":{"start":{"line":29,"column":48},"end":{"line":29,"column":66}},"line":29},"6":{"name":"(anonymous_6)","decl":{"start":{"line":33,"column":4},"end":{"line":33,"column":5}},"loc":{"start":{"line":33,"column":30},"end":{"line":49,"column":5}},"line":33},"7":{"name":"(anonymous_7)","decl":{"start":{"line":42,"column":33},"end":{"line":42,"column":34}},"loc":{"start":{"line":42,"column":40},"end":{"line":42,"column":94}},"line":42},"8":{"name":"(anonymous_8)","decl":{"start":{"line":52,"column":4},"end":{"line":52,"column":5}},"loc":{"start":{"line":52,"column":37},"end":{"line":72,"column":5}},"line":52},"9":{"name":"(anonymous_9)","decl":{"start":{"line":53,"column":48},"end":{"line":53,"column":49}},"loc":{"start":{"line":53,"column":60},"end":{"line":53,"column":78}},"line":53},"10":{"name":"(anonymous_10)","decl":{"start":{"line":65,"column":33},"end":{"line":65,"column":34}},"loc":{"start":{"line":65,"column":40},"end":{"line":65,"column":118}},"line":65},"11":{"name":"(anonymous_11)","decl":{"start":{"line":75,"column":4},"end":{"line":75,"column":5}},"loc":{"start":{"line":75,"column":23},"end":{"line":92,"column":5}},"line":75},"12":{"name":"(anonymous_12)","decl":{"start":{"line":76,"column":48},"end":{"line":76,"column":49}},"loc":{"start":{"line":76,"column":60},"end":{"line":76,"column":78}},"line":76},"13":{"name":"(anonymous_13)","decl":{"start":{"line":83,"column":48},"end":{"line":83,"column":49}},"loc":{"start":{"line":83,"column":56},"end":{"line":83,"column":78}},"line":83},"14":{"name":"(anonymous_14)","decl":{"start":{"line":95,"column":4},"end":{"line":95,"column":5}},"loc":{"start":{"line":95,"column":24},"end":{"line":98,"column":5}},"line":95},"15":{"name":"(anonymous_15)","decl":{"start":{"line":101,"column":4},"end":{"line":101,"column":5}},"loc":{"start":{"line":101,"column":25},"end":{"line":104,"column":5}},"line":101},"16":{"name":"(anonymous_16)","decl":{"start":{"line":107,"column":4},"end":{"line":107,"column":5}},"loc":{"start":{"line":107,"column":23},"end":{"line":131,"column":5}},"line":107},"17":{"name":"(anonymous_17)","decl":{"start":{"line":113,"column":32},"end":{"line":113,"column":33}},"loc":{"start":{"line":113,"column":44},"end":{"line":127,"column":9}},"line":113},"18":{"name":"(anonymous_18)","decl":{"start":{"line":134,"column":4},"end":{"line":134,"column":5}},"loc":{"start":{"line":134,"column":41},"end":{"line":145,"column":5}},"line":134},"19":{"name":"(anonymous_19)","decl":{"start":{"line":139,"column":32},"end":{"line":139,"column":33}},"loc":{"start":{"line":139,"column":44},"end":{"line":144,"column":9}},"line":139},"20":{"name":"(anonymous_20)","decl":{"start":{"line":148,"column":4},"end":{"line":148,"column":5}},"loc":{"start":{"line":148,"column":28},"end":{"line":166,"column":5}},"line":148},"21":{"name":"(anonymous_21)","decl":{"start":{"line":154,"column":32},"end":{"line":154,"column":33}},"loc":{"start":{"line":154,"column":44},"end":{"line":165,"column":9}},"line":154},"22":{"name":"(anonymous_22)","decl":{"start":{"line":169,"column":4},"end":{"line":169,"column":5}},"loc":{"start":{"line":169,"column":39},"end":{"line":192,"column":5}},"line":169},"23":{"name":"(anonymous_23)","decl":{"start":{"line":195,"column":4},"end":{"line":195,"column":5}},"loc":{"start":{"line":195,"column":24},"end":{"line":200,"column":5}},"line":195},"24":{"name":"(anonymous_24)","decl":{"start":{"line":203,"column":4},"end":{"line":203,"column":5}},"loc":{"start":{"line":203,"column":32},"end":{"line":237,"column":5}},"line":203},"25":{"name":"(anonymous_25)","decl":{"start":{"line":240,"column":4},"end":{"line":240,"column":5}},"loc":{"start":{"line":240,"column":43},"end":{"line":266,"column":5}},"line":240},"26":{"name":"(anonymous_26)","decl":{"start":{"line":269,"column":4},"end":{"line":269,"column":5}},"loc":{"start":{"line":269,"column":17},"end":{"line":300,"column":5}},"line":269},"27":{"name":"(anonymous_27)","decl":{"start":{"line":276,"column":58},"end":{"line":276,"column":59}},"loc":{"start":{"line":276,"column":64},"end":{"line":276,"column":88}},"line":276},"28":{"name":"(anonymous_28)","decl":{"start":{"line":280,"column":52},"end":{"line":280,"column":53}},"loc":{"start":{"line":280,"column":59},"end":{"line":280,"column":87}},"line":280},"29":{"name":"(anonymous_29)","decl":{"start":{"line":286,"column":33},"end":{"line":286,"column":34}},"loc":{"start":{"line":286,"column":43},"end":{"line":288,"column":13}},"line":286},"30":{"name":"(anonymous_30)","decl":{"start":{"line":287,"column":49},"end":{"line":287,"column":50}},"loc":{"start":{"line":287,"column":55},"end":{"line":287,"column":79}},"line":287},"31":{"name":"(anonymous_31)","decl":{"start":{"line":291,"column":52},"end":{"line":291,"column":53}},"loc":{"start":{"line":291,"column":59},"end":{"line":295,"column":13}},"line":291},"32":{"name":"(anonymous_32)","decl":{"start":{"line":303,"column":4},"end":{"line":303,"column":5}},"loc":{"start":{"line":303,"column":25},"end":{"line":322,"column":5}},"line":303},"33":{"name":"(anonymous_33)","decl":{"start":{"line":305,"column":64},"end":{"line":305,"column":65}},"loc":{"start":{"line":305,"column":74},"end":{"line":313,"column":9}},"line":305},"34":{"name":"(anonymous_34)","decl":{"start":{"line":306,"column":45},"end":{"line":306,"column":46}},"loc":{"start":{"line":306,"column":52},"end":{"line":312,"column":13}},"line":306},"35":{"name":"(anonymous_35)","decl":{"start":{"line":316,"column":66},"end":{"line":316,"column":67}},"loc":{"start":{"line":316,"column":76},"end":{"line":321,"column":9}},"line":316},"36":{"name":"(anonymous_36)","decl":{"start":{"line":317,"column":45},"end":{"line":317,"column":46}},"loc":{"start":{"line":317,"column":52},"end":{"line":320,"column":13}},"line":317},"37":{"name":"(anonymous_37)","decl":{"start":{"line":325,"column":4},"end":{"line":325,"column":5}},"loc":{"start":{"line":325,"column":11},"end":{"line":328,"column":5}},"line":325}},"branchMap":{"0":{"loc":{"start":{"line":37,"column":19},"end":{"line":37,"column":50}},"type":"binary-expr","locations":[{"start":{"line":37,"column":19},"end":{"line":37,"column":37}},{"start":{"line":37,"column":41},"end":{"line":37,"column":50}}],"line":37},"1":{"loc":{"start":{"line":42,"column":8},"end":{"line":44,"column":9}},"type":"if","locations":[{"start":{"line":42,"column":8},"end":{"line":44,"column":9}},{"start":{},"end":{}}],"line":42},"2":{"loc":{"start":{"line":54,"column":8},"end":{"line":56,"column":9}},"type":"if","locations":[{"start":{"line":54,"column":8},"end":{"line":56,"column":9}},{"start":{},"end":{}}],"line":54},"3":{"loc":{"start":{"line":61,"column":19},"end":{"line":61,"column":69}},"type":"binary-expr","locations":[{"start":{"line":61,"column":19},"end":{"line":61,"column":37}},{"start":{"line":61,"column":41},"end":{"line":61,"column":69}}],"line":61},"4":{"loc":{"start":{"line":65,"column":8},"end":{"line":67,"column":9}},"type":"if","locations":[{"start":{"line":65,"column":8},"end":{"line":67,"column":9}},{"start":{},"end":{}}],"line":65},"5":{"loc":{"start":{"line":65,"column":40},"end":{"line":65,"column":118}},"type":"binary-expr","locations":[{"start":{"line":65,"column":40},"end":{"line":65,"column":53}},{"start":{"line":65,"column":57},"end":{"line":65,"column":118}}],"line":65},"6":{"loc":{"start":{"line":77,"column":8},"end":{"line":79,"column":9}},"type":"if","locations":[{"start":{"line":77,"column":8},"end":{"line":79,"column":9}},{"start":{},"end":{}}],"line":77},"7":{"loc":{"start":{"line":85,"column":8},"end":{"line":87,"column":9}},"type":"if","locations":[{"start":{"line":85,"column":8},"end":{"line":87,"column":9}},{"start":{},"end":{}}],"line":85},"8":{"loc":{"start":{"line":97,"column":15},"end":{"line":97,"column":60}},"type":"cond-expr","locations":[{"start":{"line":97,"column":26},"end":{"line":97,"column":39}},{"start":{"line":97,"column":42},"end":{"line":97,"column":60}}],"line":97},"9":{"loc":{"start":{"line":103,"column":15},"end":{"line":103,"column":52}},"type":"cond-expr","locations":[{"start":{"line":103,"column":26},"end":{"line":103,"column":40}},{"start":{"line":103,"column":43},"end":{"line":103,"column":52}}],"line":103},"10":{"loc":{"start":{"line":109,"column":8},"end":{"line":109,"column":36}},"type":"if","locations":[{"start":{"line":109,"column":8},"end":{"line":109,"column":36}},{"start":{},"end":{}}],"line":109},"11":{"loc":{"start":{"line":135,"column":8},"end":{"line":135,"column":35}},"type":"if","locations":[{"start":{"line":135,"column":8},"end":{"line":135,"column":35}},{"start":{},"end":{}}],"line":135},"12":{"loc":{"start":{"line":150,"column":8},"end":{"line":150,"column":37}},"type":"if","locations":[{"start":{"line":150,"column":8},"end":{"line":150,"column":37}},{"start":{},"end":{}}],"line":150},"13":{"loc":{"start":{"line":169,"column":22},"end":{"line":169,"column":37}},"type":"default-arg","locations":[{"start":{"line":169,"column":33},"end":{"line":169,"column":37}}],"line":169},"14":{"loc":{"start":{"line":174,"column":8},"end":{"line":174,"column":46}},"type":"if","locations":[{"start":{"line":174,"column":8},"end":{"line":174,"column":46}},{"start":{},"end":{}}],"line":174},"15":{"loc":{"start":{"line":174,"column":12},"end":{"line":174,"column":37}},"type":"binary-expr","locations":[{"start":{"line":174,"column":12},"end":{"line":174,"column":18}},{"start":{"line":174,"column":22},"end":{"line":174,"column":27}},{"start":{"line":174,"column":31},"end":{"line":174,"column":37}}],"line":174},"16":{"loc":{"start":{"line":179,"column":8},"end":{"line":186,"column":9}},"type":"if","locations":[{"start":{"line":179,"column":8},"end":{"line":186,"column":9}},{"start":{"line":183,"column":15},"end":{"line":186,"column":9}}],"line":179},"17":{"loc":{"start":{"line":189,"column":33},"end":{"line":189,"column":60}},"type":"cond-expr","locations":[{"start":{"line":189,"column":44},"end":{"line":189,"column":55}},{"start":{"line":189,"column":58},"end":{"line":189,"column":60}}],"line":189},"18":{"loc":{"start":{"line":197,"column":8},"end":{"line":199,"column":9}},"type":"if","locations":[{"start":{"line":197,"column":8},"end":{"line":199,"column":9}},{"start":{},"end":{}}],"line":197},"19":{"loc":{"start":{"line":213,"column":12},"end":{"line":221,"column":13}},"type":"if","locations":[{"start":{"line":213,"column":12},"end":{"line":221,"column":13}},{"start":{"line":217,"column":19},"end":{"line":221,"column":13}}],"line":213},"20":{"loc":{"start":{"line":228,"column":12},"end":{"line":230,"column":13}},"type":"if","locations":[{"start":{"line":228,"column":12},"end":{"line":230,"column":13}},{"start":{},"end":{}}],"line":228},"21":{"loc":{"start":{"line":242,"column":8},"end":{"line":242,"column":30}},"type":"if","locations":[{"start":{"line":242,"column":8},"end":{"line":242,"column":30}},{"start":{},"end":{}}],"line":242},"22":{"loc":{"start":{"line":248,"column":8},"end":{"line":248,"column":31}},"type":"if","locations":[{"start":{"line":248,"column":8},"end":{"line":248,"column":31}},{"start":{},"end":{}}],"line":248},"23":{"loc":{"start":{"line":259,"column":12},"end":{"line":261,"column":13}},"type":"if","locations":[{"start":{"line":259,"column":12},"end":{"line":261,"column":13}},{"start":{},"end":{}}],"line":259},"24":{"loc":{"start":{"line":275,"column":8},"end":{"line":277,"column":9}},"type":"if","locations":[{"start":{"line":275,"column":8},"end":{"line":277,"column":9}},{"start":{},"end":{}}],"line":275},"25":{"loc":{"start":{"line":279,"column":8},"end":{"line":281,"column":9}},"type":"if","locations":[{"start":{"line":279,"column":8},"end":{"line":281,"column":9}},{"start":{},"end":{}}],"line":279},"26":{"loc":{"start":{"line":284,"column":8},"end":{"line":296,"column":9}},"type":"if","locations":[{"start":{"line":284,"column":8},"end":{"line":296,"column":9}},{"start":{},"end":{}}],"line":284},"27":{"loc":{"start":{"line":292,"column":16},"end":{"line":294,"column":17}},"type":"if","locations":[{"start":{"line":292,"column":16},"end":{"line":294,"column":17}},{"start":{},"end":{}}],"line":292},"28":{"loc":{"start":{"line":309,"column":16},"end":{"line":311,"column":17}},"type":"if","locations":[{"start":{"line":309,"column":16},"end":{"line":311,"column":17}},{"start":{},"end":{}}],"line":309}},"s":{"0":30,"1":30,"2":30,"3":31,"4":24,"5":0,"6":9,"7":9,"8":21,"9":21,"10":3,"11":2,"12":19,"13":19,"14":19,"15":4,"16":4,"17":4,"18":1,"19":3,"20":3,"21":3,"22":1,"23":2,"24":2,"25":2,"26":6,"27":5,"28":6,"29":1,"30":5,"31":5,"32":2,"33":5,"34":2,"35":3,"36":3,"37":3,"38":2,"39":2,"40":2,"41":2,"42":8,"43":8,"44":1,"45":7,"46":7,"47":5,"48":5,"49":5,"50":5,"51":7,"52":2,"53":1,"54":1,"55":1,"56":1,"57":1,"58":1,"59":1,"60":7,"61":7,"62":1,"63":6,"64":6,"65":4,"66":4,"67":4,"68":4,"69":4,"70":4,"71":4,"72":4,"73":1,"74":3,"75":3,"76":1,"77":1,"78":2,"79":3,"80":3,"81":6,"82":6,"83":4,"84":4,"85":4,"86":4,"87":4,"88":4,"89":4,"90":1,"91":1,"92":3,"93":2,"94":3,"95":3,"96":3,"97":0,"98":3,"99":1,"100":3,"101":3,"102":0,"103":3,"104":3,"105":0,"106":3,"107":3,"108":2,"109":2,"110":2,"111":2,"112":0,"113":1,"114":34,"115":34,"116":34,"117":34,"118":4,"119":1,"120":34,"121":4,"122":1,"123":34,"124":4,"125":4,"126":1,"127":1,"128":4,"129":2,"130":1,"131":34,"132":41,"133":5,"134":1,"135":1,"136":1,"137":1,"138":41,"139":5,"140":1,"141":1,"142":0,"143":0,"144":30,"145":30},"f":{"0":30,"1":31,"2":24,"3":0,"4":9,"5":9,"6":21,"7":3,"8":4,"9":4,"10":3,"11":6,"12":5,"13":2,"14":2,"15":2,"16":8,"17":5,"18":2,"19":1,"20":7,"21":4,"22":4,"23":6,"24":4,"25":3,"26":34,"27":1,"28":1,"29":1,"30":1,"31":2,"32":41,"33":5,"34":1,"35":5,"36":1,"37":0},"b":{"0":[21,0],"1":[2,19],"2":[1,3],"3":[3,0],"4":[1,2],"5":[3,1],"6":[1,5],"7":[2,3],"8":[1,1],"9":[1,1],"10":[1,7],"11":[1,1],"12":[1,6],"13":[3],"14":[1,3],"15":[4,3,3],"16":[1,2],"17":[1,2],"18":[4,2],"19":[1,3],"20":[0,3],"21":[0,3],"22":[0,3],"23":[0,2],"24":[4,30],"25":[4,30],"26":[4,30],"27":[1,1],"28":[1,0]},"_coverageSchema":"1a1c01bbd47fc00a2c39e90264f33305004495a9","hash":"124d4f83c7b3f69791b3839685fef13ca7242a88"}
,"/home/elon/task-manager-crud/js/dateUtils.js": {"path":"/home/elon/task-manager-crud/js/dateUtils.js","statementMap":{"0":{"start":{"line":7,"column":29},"end":{"line":7,"column":48}},"1":{"start":{"line":18,"column":2},"end":{"line":18,"column":54}},"2":{"start":{"line":18,"column":41},"end":{"line":18,"column":54}},"3":{"start":{"line":20,"column":16},"end":{"line":20,"column":41}},"4":{"start":{"line":21,"column":18},"end":{"line":21,"column":56}},"5":{"start":{"line":23,"column":2},"end":{"line":23,"column":25}},"6":{"start":{"line":32,"column":2},"end":{"line":32,"column":54}},"7":{"start":{"line":32,"column":41},"end":{"line":32,"column":54}},"8":{"start":{"line":34,"column":22},"end":{"line":34,"column":60}},"9":{"start":{"line":35,"column":2},"end":{"line":35,"column":39}},"10":{"start":{"line":44,"column":2},"end":{"line":44,"column":54}},"11":{"start":{"line":44,"column":41},"end":{"line":44,"column":54}},"12":{"start":{"line":46,"column":16},"end":{"line":46,"column":41}},"13":{"start":{"line":47,"column":20},"end":{"line":47,"column":35}},"14":{"start":{"line":48,"column":2},"end":{"line":48,"column":60}},"15":{"start":{"line":50,"column":18},"end":{"line":50,"column":56}},"16":{"start":{"line":52,"column":2},"end":{"line":52,"column":50}},"17":{"start":{"line":64,"column":2},"end":{"line":64,"column":53}},"18":{"start":{"line":64,"column":41},"end":{"line":64,"column":53}},"19":{"start":{"line":66,"column":16},"end":{"line":66,"column":41}},"20":{"start":{"line":67,"column":18},"end":{"line":67,"column":56}},"21":{"start":{"line":69,"column":19},"end":{"line":69,"column":54}},"22":{"start":{"line":70,"column":2},"end":{"line":70,"column":52}},"23":{"start":{"line":83,"column":2},"end":{"line":85,"column":3}},"24":{"start":{"line":84,"column":4},"end":{"line":84,"column":58}},"25":{"start":{"line":87,"column":18},"end":{"line":87,"column":56}},"26":{"start":{"line":88,"column":16},"end":{"line":88,"column":41}},"27":{"start":{"line":89,"column":19},"end":{"line":89,"column":34}},"28":{"start":{"line":90,"column":2},"end":{"line":90,"column":40}},"29":{"start":{"line":92,"column":2},"end":{"line":104,"column":3}},"30":{"start":{"line":93,"column":4},"end":{"line":93,"column":21}},"31":{"start":{"line":94,"column":9},"end":{"line":104,"column":3}},"32":{"start":{"line":95,"column":4},"end":{"line":95,"column":23}},"33":{"start":{"line":96,"column":9},"end":{"line":104,"column":3}},"34":{"start":{"line":97,"column":4},"end":{"line":97,"column":26}},"35":{"start":{"line":99,"column":4},"end":{"line":103,"column":9}},"36":{"start":{"line":117,"column":2},"end":{"line":117,"column":58}},"37":{"start":{"line":117,"column":41},"end":{"line":117,"column":58}},"38":{"start":{"line":119,"column":18},"end":{"line":119,"column":56}},"39":{"start":{"line":120,"column":16},"end":{"line":120,"column":41}},"40":{"start":{"line":121,"column":19},"end":{"line":121,"column":34}},"41":{"start":{"line":122,"column":2},"end":{"line":122,"column":40}},"42":{"start":{"line":124,"column":2},"end":{"line":134,"column":3}},"43":{"start":{"line":125,"column":4},"end":{"line":125,"column":21}},"44":{"start":{"line":126,"column":9},"end":{"line":134,"column":3}},"45":{"start":{"line":127,"column":4},"end":{"line":127,"column":23}},"46":{"start":{"line":128,"column":9},"end":{"line":134,"column":3}},"47":{"start":{"line":129,"column":4},"end":{"line":129,"column":26}},"48":{"start":{"line":130,"column":9},"end":{"line":134,"column":3}},"49":{"start":{"line":131,"column":4},"end":{"line":131,"column":27}},"50":{"start":{"line":133,"column":4},"end":{"line":133,"column":24}},"51":{"start":{"line":144,"column":2},"end":{"line":144,"column":66}},"52":{"start":{"line":144,"column":53},"end":{"line":144,"column":66}},"53":{"start":{"line":146,"column":15},"end":{"line":146,"column":35}},"54":{"start":{"line":147,"column":2},"end":{"line":147,"column":75}},"55":{"start":{"line":157,"column":21},"end":{"line":157,"column":35}},"56":{"start":{"line":158,"column":2},"end":{"line":158,"column":34}},"57":{"start":{"line":159,"column":2},"end":{"line":159,"column":20}},"58":{"start":{"line":162,"column":0},"end":{"line":169,"column":2}}},"fnMap":{"0":{"name":"isOverdue","decl":{"start":{"line":17,"column":9},"end":{"line":17,"column":18}},"loc":{"start":{"line":17,"column":34},"end":{"line":24,"column":1}},"line":17},"1":{"name":"isDueToday","decl":{"start":{"line":31,"column":9},"end":{"line":31,"column":19}},"loc":{"start":{"line":31,"column":35},"end":{"line":36,"column":1}},"line":31},"2":{"name":"isDueThisWeek","decl":{"start":{"line":43,"column":9},"end":{"line":43,"column":22}},"loc":{"start":{"line":43,"column":38},"end":{"line":53,"column":1}},"line":43},"3":{"name":"daysUntilDue","decl":{"start":{"line":63,"column":9},"end":{"line":63,"column":21}},"loc":{"start":{"line":63,"column":37},"end":{"line":71,"column":1}},"line":63},"4":{"name":"formatDueDate","decl":{"start":{"line":82,"column":9},"end":{"line":82,"column":22}},"loc":{"start":{"line":82,"column":38},"end":{"line":105,"column":1}},"line":82},"5":{"name":"getDueDateStatus","decl":{"start":{"line":116,"column":9},"end":{"line":116,"column":25}},"loc":{"start":{"line":116,"column":41},"end":{"line":135,"column":1}},"line":116},"6":{"name":"isValidDateString","decl":{"start":{"line":143,"column":9},"end":{"line":143,"column":26}},"loc":{"start":{"line":143,"column":39},"end":{"line":148,"column":1}},"line":143},"7":{"name":"getStartOfDay","decl":{"start":{"line":156,"column":9},"end":{"line":156,"column":22}},"loc":{"start":{"line":156,"column":29},"end":{"line":160,"column":1}},"line":156}},"branchMap":{"0":{"loc":{"start":{"line":18,"column":2},"end":{"line":18,"column":54}},"type":"if","locations":[{"start":{"line":18,"column":2},"end":{"line":18,"column":54}},{"start":{},"end":{}}],"line":18},"1":{"loc":{"start":{"line":32,"column":2},"end":{"line":32,"column":54}},"type":"if","locations":[{"start":{"line":32,"column":2},"end":{"line":32,"column":54}},{"start":{},"end":{}}],"line":32},"2":{"loc":{"start":{"line":44,"column":2},"end":{"line":44,"column":54}},"type":"if","locations":[{"start":{"line":44,"column":2},"end":{"line":44,"column":54}},{"start":{},"end":{}}],"line":44},"3":{"loc":{"start":{"line":52,"column":9},"end":{"line":52,"column":49}},"type":"binary-expr","locations":[{"start":{"line":52,"column":9},"end":{"line":52,"column":25}},{"start":{"line":52,"column":29},"end":{"line":52,"column":49}}],"line":52},"4":{"loc":{"start":{"line":64,"column":2},"end":{"line":64,"column":53}},"type":"if","locations":[{"start":{"line":64,"column":2},"end":{"line":64,"column":53}},{"start":{},"end":{}}],"line":64},"5":{"loc":{"start":{"line":83,"column":2},"end":{"line":85,"column":3}},"type":"if","locations":[{"start":{"line":83,"column":2},"end":{"line":85,"column":3}},{"start":{},"end":{}}],"line":83},"6":{"loc":{"start":{"line":84,"column":11},"end":{"line":84,"column":57}},"type":"cond-expr","locations":[{"start":{"line":84,"column":27},"end":{"line":84,"column":41}},{"start":{"line":84,"column":44},"end":{"line":84,"column":57}}],"line":84},"7":{"loc":{"start":{"line":92,"column":2},"end":{"line":104,"column":3}},"type":"if","locations":[{"start":{"line":92,"column":2},"end":{"line":104,"column":3}},{"start":{"line":94,"column":9},"end":{"line":104,"column":3}}],"line":92},"8":{"loc":{"start":{"line":94,"column":9},"end":{"line":104,"column":3}},"type":"if","locations":[{"start":{"line":94,"column":9},"end":{"line":104,"column":3}},{"start":{"line":96,"column":9},"end":{"line":104,"column":3}}],"line":94},"9":{"loc":{"start":{"line":96,"column":9},"end":{"line":104,"column":3}},"type":"if","locations":[{"start":{"line":96,"column":9},"end":{"line":104,"column":3}},{"start":{"line":98,"column":9},"end":{"line":104,"column":3}}],"line":96},"10":{"loc":{"start":{"line":117,"column":2},"end":{"line":117,"column":58}},"type":"if","locations":[{"start":{"line":117,"column":2},"end":{"line":117,"column":58}},{"start":{},"end":{}}],"line":117},"11":{"loc":{"start":{"line":124,"column":2},"end":{"line":134,"column":3}},"type":"if","locations":[{"start":{"line":124,"column":2},"end":{"line":134,"column":3}},{"start":{"line":126,"column":9},"end":{"line":134,"column":3}}],"line":124},"12":{"loc":{"start":{"line":126,"column":9},"end":{"line":134,"column":3}},"type":"if","locations":[{"start":{"line":126,"column":9},"end":{"line":134,"column":3}},{"start":{"line":128,"column":9},"end":{"line":134,"column":3}}],"line":126},"13":{"loc":{"start":{"line":128,"column":9},"end":{"line":134,"column":3}},"type":"if","locations":[{"start":{"line":128,"column":9},"end":{"line":134,"column":3}},{"start":{"line":130,"column":9},"end":{"line":134,"column":3}}],"line":128},"14":{"loc":{"start":{"line":130,"column":9},"end":{"line":134,"column":3}},"type":"if","locations":[{"start":{"line":130,"column":9},"end":{"line":134,"column":3}},{"start":{"line":132,"column":9},"end":{"line":134,"column":3}}],"line":130},"15":{"loc":{"start":{"line":144,"column":2},"end":{"line":144,"column":66}},"type":"if","locations":[{"start":{"line":144,"column":2},"end":{"line":144,"column":66}},{"start":{},"end":{}}],"line":144},"16":{"loc":{"start":{"line":144,"column":6},"end":{"line":144,"column":51}},"type":"binary-expr","locations":[{"start":{"line":144,"column":6},"end":{"line":144,"column":17}},{"start":{"line":144,"column":21},"end":{"line":144,"column":51}}],"line":144},"17":{"loc":{"start":{"line":147,"column":9},"end":{"line":147,"column":74}},"type":"binary-expr","locations":[{"start":{"line":147,"column":9},"end":{"line":147,"column":31}},{"start":{"line":147,"column":35},"end":{"line":147,"column":74}}],"line":147}},"s":{"0":2,"1":11,"2":5,"3":6,"4":6,"5":6,"6":7,"7":2,"8":5,"9":5,"10":13,"11":2,"12":11,"13":11,"14":11,"15":11,"16":11,"17":10,"18":3,"19":7,"20":7,"21":7,"22":7,"23":13,"24":4,"25":9,"26":9,"27":9,"28":9,"29":9,"30":2,"31":7,"32":2,"33":5,"34":2,"35":3,"36":12,"37":2,"38":10,"39":10,"40":10,"41":10,"42":10,"43":2,"44":8,"45":2,"46":6,"47":2,"48":4,"49":2,"50":2,"51":66,"52":13,"53":53,"54":53,"55":86,"56":86,"57":86,"58":2},"f":{"0":11,"1":7,"2":13,"3":10,"4":13,"5":12,"6":66,"7":86},"b":{"0":[5,6],"1":[2,5],"2":[2,11],"3":[11,10],"4":[3,7],"5":[4,9],"6":[2,2],"7":[2,7],"8":[2,5],"9":[2,3],"10":[2,10],"11":[2,8],"12":[2,6],"13":[2,4],"14":[2,2],"15":[13,53],"16":[66,53],"17":[53,48]},"_coverageSchema":"1a1c01bbd47fc00a2c39e90264f33305004495a9","hash":"7c74f70bc2954058b22ab8977906ec14185b8906"}
,"/home/elon/task-manager-crud/js/filters.js": {"path":"/home/elon/task-manager-crud/js/filters.js","statementMap":{"0":{"start":{"line":7,"column":8},"end":{"line":7,"column":26}},"1":{"start":{"line":8,"column":8},"end":{"line":8,"column":33}},"2":{"start":{"line":14,"column":28},"end":{"line":14,"column":66}},"3":{"start":{"line":15,"column":31},"end":{"line":15,"column":69}},"4":{"start":{"line":17,"column":8},"end":{"line":26,"column":9}},"5":{"start":{"line":19,"column":36},"end":{"line":21,"column":19}},"6":{"start":{"line":20,"column":16},"end":{"line":20,"column":58}},"7":{"start":{"line":23,"column":12},"end":{"line":25,"column":15}},"8":{"start":{"line":24,"column":16},"end":{"line":24,"column":48}},"9":{"start":{"line":28,"column":8},"end":{"line":36,"column":9}},"10":{"start":{"line":29,"column":12},"end":{"line":35,"column":15}},"11":{"start":{"line":30,"column":16},"end":{"line":33,"column":17}},"12":{"start":{"line":31,"column":20},"end":{"line":31,"column":43}},"13":{"start":{"line":32,"column":20},"end":{"line":32,"column":40}},"14":{"start":{"line":34,"column":16},"end":{"line":34,"column":55}},"15":{"start":{"line":39,"column":8},"end":{"line":41,"column":11}},"16":{"start":{"line":40,"column":12},"end":{"line":40,"column":65}},"17":{"start":{"line":44,"column":8},"end":{"line":46,"column":11}},"18":{"start":{"line":45,"column":12},"end":{"line":45,"column":65}},"19":{"start":{"line":49,"column":8},"end":{"line":51,"column":11}},"20":{"start":{"line":50,"column":12},"end":{"line":50,"column":63}},"21":{"start":{"line":54,"column":8},"end":{"line":54,"column":31}},"22":{"start":{"line":57,"column":32},"end":{"line":57,"column":71}},"23":{"start":{"line":58,"column":8},"end":{"line":62,"column":9}},"24":{"start":{"line":59,"column":12},"end":{"line":61,"column":15}},"25":{"start":{"line":60,"column":16},"end":{"line":60,"column":50}},"26":{"start":{"line":65,"column":27},"end":{"line":65,"column":64}},"27":{"start":{"line":66,"column":8},"end":{"line":70,"column":9}},"28":{"start":{"line":67,"column":12},"end":{"line":69,"column":15}},"29":{"start":{"line":68,"column":16},"end":{"line":68,"column":62}},"30":{"start":{"line":75,"column":8},"end":{"line":81,"column":11}},"31":{"start":{"line":76,"column":12},"end":{"line":80,"column":13}},"32":{"start":{"line":77,"column":37},"end":{"line":77,"column":85}},"33":{"start":{"line":78,"column":38},"end":{"line":78,"column":84}},"34":{"start":{"line":78,"column":74},"end":{"line":78,"column":83}},"35":{"start":{"line":79,"column":16},"end":{"line":79,"column":40}},"36":{"start":{"line":86,"column":30},"end":{"line":86,"column":70}},"37":{"start":{"line":87,"column":28},"end":{"line":87,"column":66}},"38":{"start":{"line":88,"column":27},"end":{"line":88,"column":64}},"39":{"start":{"line":90,"column":34},"end":{"line":97,"column":9}},"40":{"start":{"line":91,"column":28},"end":{"line":95,"column":13}},"41":{"start":{"line":96,"column":12},"end":{"line":96,"column":55}},"42":{"start":{"line":99,"column":8},"end":{"line":101,"column":9}},"43":{"start":{"line":100,"column":12},"end":{"line":100,"column":72}},"44":{"start":{"line":102,"column":8},"end":{"line":104,"column":9}},"45":{"start":{"line":103,"column":12},"end":{"line":103,"column":70}},"46":{"start":{"line":105,"column":8},"end":{"line":107,"column":9}},"47":{"start":{"line":106,"column":12},"end":{"line":106,"column":69}},"48":{"start":{"line":112,"column":25},"end":{"line":112,"column":64}},"49":{"start":{"line":113,"column":8},"end":{"line":118,"column":9}},"50":{"start":{"line":114,"column":31},"end":{"line":114,"column":68}},"51":{"start":{"line":115,"column":12},"end":{"line":117,"column":13}},"52":{"start":{"line":116,"column":16},"end":{"line":116,"column":51}},"53":{"start":{"line":123,"column":22},"end":{"line":123,"column":51}},"54":{"start":{"line":126,"column":8},"end":{"line":138,"column":11}},"55":{"start":{"line":127,"column":31},"end":{"line":127,"column":45}},"56":{"start":{"line":128,"column":26},"end":{"line":128,"column":85}},"57":{"start":{"line":128,"column":47},"end":{"line":128,"column":77}},"58":{"start":{"line":129,"column":26},"end":{"line":129,"column":60}},"59":{"start":{"line":130,"column":12},"end":{"line":137,"column":13}},"60":{"start":{"line":131,"column":34},"end":{"line":131,"column":104}},"61":{"start":{"line":132,"column":16},"end":{"line":132,"column":53}},"62":{"start":{"line":133,"column":16},"end":{"line":133,"column":54}},"63":{"start":{"line":134,"column":16},"end":{"line":136,"column":17}},"64":{"start":{"line":135,"column":20},"end":{"line":135,"column":49}},"65":{"start":{"line":141,"column":8},"end":{"line":155,"column":11}},"66":{"start":{"line":142,"column":26},"end":{"line":142,"column":81}},"67":{"start":{"line":142,"column":47},"end":{"line":142,"column":73}},"68":{"start":{"line":143,"column":29},"end":{"line":143,"column":92}},"69":{"start":{"line":144,"column":12},"end":{"line":154,"column":13}},"70":{"start":{"line":145,"column":30},"end":{"line":145,"column":64}},"71":{"start":{"line":146,"column":16},"end":{"line":153,"column":17}},"72":{"start":{"line":147,"column":38},"end":{"line":147,"column":108}},"73":{"start":{"line":148,"column":20},"end":{"line":148,"column":57}},"74":{"start":{"line":149,"column":20},"end":{"line":149,"column":58}},"75":{"start":{"line":150,"column":20},"end":{"line":152,"column":21}},"76":{"start":{"line":151,"column":24},"end":{"line":151,"column":53}},"77":{"start":{"line":158,"column":8},"end":{"line":172,"column":11}},"78":{"start":{"line":159,"column":26},"end":{"line":159,"column":77}},"79":{"start":{"line":159,"column":47},"end":{"line":159,"column":69}},"80":{"start":{"line":160,"column":29},"end":{"line":160,"column":88}},"81":{"start":{"line":161,"column":12},"end":{"line":171,"column":13}},"82":{"start":{"line":162,"column":30},"end":{"line":162,"column":64}},"83":{"start":{"line":163,"column":16},"end":{"line":170,"column":17}},"84":{"start":{"line":164,"column":38},"end":{"line":164,"column":108}},"85":{"start":{"line":165,"column":20},"end":{"line":165,"column":57}},"86":{"start":{"line":166,"column":20},"end":{"line":166,"column":58}},"87":{"start":{"line":167,"column":20},"end":{"line":169,"column":21}},"88":{"start":{"line":168,"column":24},"end":{"line":168,"column":53}},"89":{"start":{"line":177,"column":24},"end":{"line":185,"column":9}},"90":{"start":{"line":179,"column":100},"end":{"line":179,"column":108}},"91":{"start":{"line":180,"column":100},"end":{"line":180,"column":108}},"92":{"start":{"line":181,"column":96},"end":{"line":181,"column":104}},"93":{"start":{"line":187,"column":8},"end":{"line":187,"column":23}},"94":{"start":{"line":192,"column":24},"end":{"line":192,"column":54}},"95":{"start":{"line":193,"column":8},"end":{"line":201,"column":10}},"96":{"start":{"line":206,"column":32},"end":{"line":206,"column":71}},"97":{"start":{"line":207,"column":8},"end":{"line":209,"column":9}},"98":{"start":{"line":208,"column":12},"end":{"line":208,"column":87}},"99":{"start":{"line":215,"column":8},"end":{"line":215,"column":34}},"100":{"start":{"line":216,"column":8},"end":{"line":216,"column":44}},"101":{"start":{"line":219,"column":8},"end":{"line":221,"column":17}},"102":{"start":{"line":220,"column":12},"end":{"line":220,"column":38}},"103":{"start":{"line":226,"column":23},"end":{"line":226,"column":43}},"104":{"start":{"line":229,"column":0},"end":{"line":229,"column":39}}},"fnMap":{"0":{"name":"(anonymous_0)","decl":{"start":{"line":6,"column":4},"end":{"line":6,"column":5}},"loc":{"start":{"line":6,"column":18},"end":{"line":9,"column":5}},"line":6},"1":{"name":"(anonymous_1)","decl":{"start":{"line":12,"column":4},"end":{"line":12,"column":5}},"loc":{"start":{"line":12,"column":17},"end":{"line":71,"column":5}},"line":12},"2":{"name":"(anonymous_2)","decl":{"start":{"line":19,"column":69},"end":{"line":19,"column":70}},"loc":{"start":{"line":19,"column":80},"end":{"line":21,"column":13}},"line":19},"3":{"name":"(anonymous_3)","decl":{"start":{"line":23,"column":50},"end":{"line":23,"column":51}},"loc":{"start":{"line":23,"column":57},"end":{"line":25,"column":13}},"line":23},"4":{"name":"(anonymous_4)","decl":{"start":{"line":29,"column":53},"end":{"line":29,"column":54}},"loc":{"start":{"line":29,"column":59},"end":{"line":35,"column":13}},"line":29},"5":{"name":"(anonymous_5)","decl":{"start":{"line":39,"column":53},"end":{"line":39,"column":54}},"loc":{"start":{"line":39,"column":72},"end":{"line":41,"column":9}},"line":39},"6":{"name":"(anonymous_6)","decl":{"start":{"line":44,"column":53},"end":{"line":44,"column":54}},"loc":{"start":{"line":44,"column":72},"end":{"line":46,"column":9}},"line":44},"7":{"name":"(anonymous_7)","decl":{"start":{"line":49,"column":51},"end":{"line":49,"column":52}},"loc":{"start":{"line":49,"column":70},"end":{"line":51,"column":9}},"line":49},"8":{"name":"(anonymous_8)","decl":{"start":{"line":59,"column":54},"end":{"line":59,"column":55}},"loc":{"start":{"line":59,"column":60},"end":{"line":61,"column":13}},"line":59},"9":{"name":"(anonymous_9)","decl":{"start":{"line":67,"column":50},"end":{"line":67,"column":51}},"loc":{"start":{"line":67,"column":57},"end":{"line":69,"column":13}},"line":67},"10":{"name":"(anonymous_10)","decl":{"start":{"line":74,"column":4},"end":{"line":74,"column":5}},"loc":{"start":{"line":74,"column":44},"end":{"line":82,"column":5}},"line":74},"11":{"name":"(anonymous_11)","decl":{"start":{"line":75,"column":44},"end":{"line":75,"column":45}},"loc":{"start":{"line":75,"column":51},"end":{"line":81,"column":9}},"line":75},"12":{"name":"(anonymous_12)","decl":{"start":{"line":78,"column":67},"end":{"line":78,"column":68}},"loc":{"start":{"line":78,"column":74},"end":{"line":78,"column":83}},"line":78},"13":{"name":"(anonymous_13)","decl":{"start":{"line":85,"column":4},"end":{"line":85,"column":5}},"loc":{"start":{"line":85,"column":22},"end":{"line":108,"column":5}},"line":85},"14":{"name":"(anonymous_14)","decl":{"start":{"line":90,"column":34},"end":{"line":90,"column":35}},"loc":{"start":{"line":90,"column":40},"end":{"line":97,"column":9}},"line":90},"15":{"name":"(anonymous_15)","decl":{"start":{"line":111,"column":4},"end":{"line":111,"column":5}},"loc":{"start":{"line":111,"column":24},"end":{"line":119,"column":5}},"line":111},"16":{"name":"(anonymous_16)","decl":{"start":{"line":122,"column":4},"end":{"line":122,"column":5}},"loc":{"start":{"line":122,"column":25},"end":{"line":173,"column":5}},"line":122},"17":{"name":"(anonymous_17)","decl":{"start":{"line":126,"column":62},"end":{"line":126,"column":63}},"loc":{"start":{"line":126,"column":74},"end":{"line":138,"column":9}},"line":126},"18":{"name":"(anonymous_18)","decl":{"start":{"line":128,"column":39},"end":{"line":128,"column":40}},"loc":{"start":{"line":128,"column":47},"end":{"line":128,"column":77}},"line":128},"19":{"name":"(anonymous_19)","decl":{"start":{"line":141,"column":42},"end":{"line":141,"column":43}},"loc":{"start":{"line":141,"column":54},"end":{"line":155,"column":9}},"line":141},"20":{"name":"(anonymous_20)","decl":{"start":{"line":142,"column":39},"end":{"line":142,"column":40}},"loc":{"start":{"line":142,"column":47},"end":{"line":142,"column":73}},"line":142},"21":{"name":"(anonymous_21)","decl":{"start":{"line":158,"column":56},"end":{"line":158,"column":57}},"loc":{"start":{"line":158,"column":66},"end":{"line":172,"column":9}},"line":158},"22":{"name":"(anonymous_22)","decl":{"start":{"line":159,"column":39},"end":{"line":159,"column":40}},"loc":{"start":{"line":159,"column":47},"end":{"line":159,"column":69}},"line":159},"23":{"name":"(anonymous_23)","decl":{"start":{"line":176,"column":4},"end":{"line":176,"column":5}},"loc":{"start":{"line":176,"column":30},"end":{"line":188,"column":5}},"line":176},"24":{"name":"(anonymous_24)","decl":{"start":{"line":179,"column":94},"end":{"line":179,"column":95}},"loc":{"start":{"line":179,"column":100},"end":{"line":179,"column":108}},"line":179},"25":{"name":"(anonymous_25)","decl":{"start":{"line":180,"column":94},"end":{"line":180,"column":95}},"loc":{"start":{"line":180,"column":100},"end":{"line":180,"column":108}},"line":180},"26":{"name":"(anonymous_26)","decl":{"start":{"line":181,"column":90},"end":{"line":181,"column":91}},"loc":{"start":{"line":181,"column":96},"end":{"line":181,"column":104}},"line":181},"27":{"name":"(anonymous_27)","decl":{"start":{"line":191,"column":4},"end":{"line":191,"column":5}},"loc":{"start":{"line":191,"column":23},"end":{"line":202,"column":5}},"line":191},"28":{"name":"(anonymous_28)","decl":{"start":{"line":205,"column":4},"end":{"line":205,"column":5}},"loc":{"start":{"line":205,"column":35},"end":{"line":210,"column":5}},"line":205},"29":{"name":"(anonymous_29)","decl":{"start":{"line":213,"column":4},"end":{"line":213,"column":5}},"loc":{"start":{"line":213,"column":11},"end":{"line":222,"column":5}},"line":213},"30":{"name":"(anonymous_30)","decl":{"start":{"line":219,"column":20},"end":{"line":219,"column":21}},"loc":{"start":{"line":219,"column":26},"end":{"line":221,"column":9}},"line":219}},"branchMap":{"0":{"loc":{"start":{"line":17,"column":8},"end":{"line":26,"column":9}},"type":"if","locations":[{"start":{"line":17,"column":8},"end":{"line":26,"column":9}},{"start":{},"end":{}}],"line":17},"1":{"loc":{"start":{"line":28,"column":8},"end":{"line":36,"column":9}},"type":"if","locations":[{"start":{"line":28,"column":8},"end":{"line":36,"column":9}},{"start":{},"end":{}}],"line":28},"2":{"loc":{"start":{"line":30,"column":16},"end":{"line":33,"column":17}},"type":"if","locations":[{"start":{"line":30,"column":16},"end":{"line":33,"column":17}},{"start":{},"end":{}}],"line":30},"3":{"loc":{"start":{"line":58,"column":8},"end":{"line":62,"column":9}},"type":"if","locations":[{"start":{"line":58,"column":8},"end":{"line":62,"column":9}},{"start":{},"end":{}}],"line":58},"4":{"loc":{"start":{"line":66,"column":8},"end":{"line":70,"column":9}},"type":"if","locations":[{"start":{"line":66,"column":8},"end":{"line":70,"column":9}},{"start":{},"end":{}}],"line":66},"5":{"loc":{"start":{"line":76,"column":12},"end":{"line":80,"column":13}},"type":"if","locations":[{"start":{"line":76,"column":12},"end":{"line":80,"column":13}},{"start":{},"end":{}}],"line":76},"6":{"loc":{"start":{"line":92,"column":25},"end":{"line":92,"column":70}},"type":"cond-expr","locations":[{"start":{"line":92,"column":41},"end":{"line":92,"column":62}},{"start":{"line":92,"column":65},"end":{"line":92,"column":70}}],"line":92},"7":{"loc":{"start":{"line":93,"column":23},"end":{"line":93,"column":64}},"type":"cond-expr","locations":[{"start":{"line":93,"column":37},"end":{"line":93,"column":56}},{"start":{"line":93,"column":59},"end":{"line":93,"column":64}}],"line":93},"8":{"loc":{"start":{"line":94,"column":22},"end":{"line":94,"column":61}},"type":"cond-expr","locations":[{"start":{"line":94,"column":35},"end":{"line":94,"column":53}},{"start":{"line":94,"column":56},"end":{"line":94,"column":61}}],"line":94},"9":{"loc":{"start":{"line":99,"column":8},"end":{"line":101,"column":9}},"type":"if","locations":[{"start":{"line":99,"column":8},"end":{"line":101,"column":9}},{"start":{},"end":{}}],"line":99},"10":{"loc":{"start":{"line":102,"column":8},"end":{"line":104,"column":9}},"type":"if","locations":[{"start":{"line":102,"column":8},"end":{"line":104,"column":9}},{"start":{},"end":{}}],"line":102},"11":{"loc":{"start":{"line":105,"column":8},"end":{"line":107,"column":9}},"type":"if","locations":[{"start":{"line":105,"column":8},"end":{"line":107,"column":9}},{"start":{},"end":{}}],"line":105},"12":{"loc":{"start":{"line":113,"column":8},"end":{"line":118,"column":9}},"type":"if","locations":[{"start":{"line":113,"column":8},"end":{"line":118,"column":9}},{"start":{},"end":{}}],"line":113},"13":{"loc":{"start":{"line":113,"column":12},"end":{"line":113,"column":39}},"type":"binary-expr","locations":[{"start":{"line":113,"column":12},"end":{"line":113,"column":20}},{"start":{"line":113,"column":24},"end":{"line":113,"column":39}}],"line":113},"14":{"loc":{"start":{"line":115,"column":12},"end":{"line":117,"column":13}},"type":"if","locations":[{"start":{"line":115,"column":12},"end":{"line":117,"column":13}},{"start":{},"end":{}}],"line":115},"15":{"loc":{"start":{"line":130,"column":12},"end":{"line":137,"column":13}},"type":"if","locations":[{"start":{"line":130,"column":12},"end":{"line":137,"column":13}},{"start":{},"end":{}}],"line":130},"16":{"loc":{"start":{"line":131,"column":34},"end":{"line":131,"column":104}},"type":"binary-expr","locations":[{"start":{"line":131,"column":34},"end":{"line":131,"column":70}},{"start":{"line":131,"column":74},"end":{"line":131,"column":104}}],"line":131},"17":{"loc":{"start":{"line":134,"column":16},"end":{"line":136,"column":17}},"type":"if","locations":[{"start":{"line":134,"column":16},"end":{"line":136,"column":17}},{"start":{},"end":{}}],"line":134},"18":{"loc":{"start":{"line":144,"column":12},"end":{"line":154,"column":13}},"type":"if","locations":[{"start":{"line":144,"column":12},"end":{"line":154,"column":13}},{"start":{},"end":{}}],"line":144},"19":{"loc":{"start":{"line":146,"column":16},"end":{"line":153,"column":17}},"type":"if","locations":[{"start":{"line":146,"column":16},"end":{"line":153,"column":17}},{"start":{},"end":{}}],"line":146},"20":{"loc":{"start":{"line":147,"column":38},"end":{"line":147,"column":108}},"type":"binary-expr","locations":[{"start":{"line":147,"column":38},"end":{"line":147,"column":74}},{"start":{"line":147,"column":78},"end":{"line":147,"column":108}}],"line":147},"21":{"loc":{"start":{"line":150,"column":20},"end":{"line":152,"column":21}},"type":"if","locations":[{"start":{"line":150,"column":20},"end":{"line":152,"column":21}},{"start":{},"end":{}}],"line":150},"22":{"loc":{"start":{"line":161,"column":12},"end":{"line":171,"column":13}},"type":"if","locations":[{"start":{"line":161,"column":12},"end":{"line":171,"column":13}},{"start":{},"end":{}}],"line":161},"23":{"loc":{"start":{"line":163,"column":16},"end":{"line":170,"column":17}},"type":"if","locations":[{"start":{"line":163,"column":16},"end":{"line":170,"column":17}},{"start":{},"end":{}}],"line":163},"24":{"loc":{"start":{"line":164,"column":38},"end":{"line":164,"column":108}},"type":"binary-expr","locations":[{"start":{"line":164,"column":38},"end":{"line":164,"column":74}},{"start":{"line":164,"column":78},"end":{"line":164,"column":108}}],"line":164},"25":{"loc":{"start":{"line":167,"column":20},"end":{"line":169,"column":21}},"type":"if","locations":[{"start":{"line":167,"column":20},"end":{"line":169,"column":21}},{"start":{},"end":{}}],"line":167},"26":{"loc":{"start":{"line":178,"column":20},"end":{"line":178,"column":71}},"type":"binary-expr","locations":[{"start":{"line":178,"column":20},"end":{"line":178,"column":65}},{"start":{"line":178,"column":69},"end":{"line":178,"column":71}}],"line":178},"27":{"loc":{"start":{"line":182,"column":21},"end":{"line":182,"column":79}},"type":"binary-expr","locations":[{"start":{"line":182,"column":21},"end":{"line":182,"column":70}},{"start":{"line":182,"column":74},"end":{"line":182,"column":79}}],"line":182},"28":{"loc":{"start":{"line":183,"column":19},"end":{"line":183,"column":75}},"type":"binary-expr","locations":[{"start":{"line":183,"column":19},"end":{"line":183,"column":66}},{"start":{"line":183,"column":70},"end":{"line":183,"column":75}}],"line":183},"29":{"loc":{"start":{"line":184,"column":18},"end":{"line":184,"column":73}},"type":"binary-expr","locations":[{"start":{"line":184,"column":18},"end":{"line":184,"column":64}},{"start":{"line":184,"column":68},"end":{"line":184,"column":73}}],"line":184},"30":{"loc":{"start":{"line":194,"column":12},"end":{"line":200,"column":24}},"type":"binary-expr","locations":[{"start":{"line":194,"column":12},"end":{"line":194,"column":26}},{"start":{"line":195,"column":12},"end":{"line":195,"column":41}},{"start":{"line":196,"column":12},"end":{"line":196,"column":41}},{"start":{"line":197,"column":12},"end":{"line":197,"column":39}},{"start":{"line":198,"column":12},"end":{"line":198,"column":27}},{"start":{"line":199,"column":12},"end":{"line":199,"column":25}},{"start":{"line":200,"column":12},"end":{"line":200,"column":24}}],"line":194},"31":{"loc":{"start":{"line":207,"column":8},"end":{"line":209,"column":9}},"type":"if","locations":[{"start":{"line":207,"column":8},"end":{"line":209,"column":9}},{"start":{},"end":{}}],"line":207},"32":{"loc":{"start":{"line":208,"column":44},"end":{"line":208,"column":86}},"type":"cond-expr","locations":[{"start":{"line":208,"column":70},"end":{"line":208,"column":77}},{"start":{"line":208,"column":80},"end":{"line":208,"column":86}}],"line":208}},"s":{"0":7,"1":7,"2":7,"3":7,"4":7,"5":6,"6":1,"7":6,"8":1,"9":7,"10":6,"11":0,"12":0,"13":0,"14":0,"15":7,"16":3,"17":7,"18":4,"19":7,"20":5,"21":7,"22":7,"23":7,"24":6,"25":1,"26":7,"27":7,"28":6,"29":0,"30":21,"31":36,"32":12,"33":12,"34":12,"35":12,"36":7,"37":7,"38":7,"39":7,"40":0,"41":0,"42":7,"43":0,"44":7,"45":0,"46":7,"47":0,"48":8,"49":8,"50":2,"51":2,"52":0,"53":1,"54":1,"55":1,"56":1,"57":0,"58":1,"59":1,"60":0,"61":0,"62":0,"63":0,"64":0,"65":1,"66":3,"67":0,"68":3,"69":3,"70":1,"71":1,"72":0,"73":0,"74":0,"75":0,"76":0,"77":1,"78":3,"79":0,"80":3,"81":3,"82":1,"83":1,"84":0,"85":0,"86":0,"87":0,"88":0,"89":4,"90":1,"91":1,"92":1,"93":4,"94":3,"95":3,"96":2,"97":2,"98":2,"99":0,"100":0,"101":0,"102":0,"103":7,"104":7},"f":{"0":7,"1":7,"2":1,"3":1,"4":0,"5":3,"6":4,"7":5,"8":1,"9":0,"10":21,"11":36,"12":12,"13":7,"14":0,"15":8,"16":1,"17":1,"18":0,"19":3,"20":0,"21":3,"22":0,"23":4,"24":1,"25":1,"26":1,"27":3,"28":2,"29":0,"30":0},"b":{"0":[6,1],"1":[6,1],"2":[0,0],"3":[6,1],"4":[6,1],"5":[12,24],"6":[0,0],"7":[0,0],"8":[0,0],"9":[0,7],"10":[0,7],"11":[0,7],"12":[2,6],"13":[8,8],"14":[0,2],"15":[0,1],"16":[0,0],"17":[0,0],"18":[1,2],"19":[0,1],"20":[0,0],"21":[0,0],"22":[1,2],"23":[0,1],"24":[0,0],"25":[0,0],"26":[4,1],"27":[4,3],"28":[4,4],"29":[4,4],"30":[3,1,1,1,1,1,1],"31":[2,0],"32":[1,1]},"_coverageSchema":"1a1c01bbd47fc00a2c39e90264f33305004495a9","hash":"9d26f5707518a2d3f4714f218cfa18088f95282e"}
,"/home/elon/task-manager-crud/js/storage.js": {"path":"/home/elon/task-manager-crud/js/storage.js","statementMap":{"0":{"start":{"line":5,"column":21},"end":{"line":9,"column":1}},"1":{"start":{"line":12,"column":27},"end":{"line":31,"column":1}},"2":{"start":{"line":36,"column":8},"end":{"line":36,"column":33}},"3":{"start":{"line":41,"column":8},"end":{"line":43,"column":9}},"4":{"start":{"line":42,"column":12},"end":{"line":42,"column":31}},"5":{"start":{"line":45,"column":8},"end":{"line":47,"column":9}},"6":{"start":{"line":46,"column":12},"end":{"line":46,"column":52}},"7":{"start":{"line":49,"column":8},"end":{"line":55,"column":9}},"8":{"start":{"line":50,"column":12},"end":{"line":54,"column":15}},"9":{"start":{"line":60,"column":8},"end":{"line":66,"column":9}},"10":{"start":{"line":61,"column":26},"end":{"line":61,"column":66}},"11":{"start":{"line":62,"column":12},"end":{"line":62,"column":50}},"12":{"start":{"line":64,"column":12},"end":{"line":64,"column":70}},"13":{"start":{"line":65,"column":12},"end":{"line":65,"column":22}},"14":{"start":{"line":70,"column":8},"end":{"line":76,"column":9}},"15":{"start":{"line":71,"column":12},"end":{"line":71,"column":76}},"16":{"start":{"line":72,"column":12},"end":{"line":72,"column":24}},"17":{"start":{"line":74,"column":12},"end":{"line":74,"column":67}},"18":{"start":{"line":75,"column":12},"end":{"line":75,"column":25}},"19":{"start":{"line":80,"column":22},"end":{"line":80,"column":37}},"20":{"start":{"line":81,"column":8},"end":{"line":81,"column":25}},"21":{"start":{"line":82,"column":8},"end":{"line":82,"column":37}},"22":{"start":{"line":86,"column":22},"end":{"line":86,"column":37}},"23":{"start":{"line":87,"column":22},"end":{"line":87,"column":65}},"24":{"start":{"line":87,"column":46},"end":{"line":87,"column":64}},"25":{"start":{"line":88,"column":8},"end":{"line":91,"column":9}},"26":{"start":{"line":89,"column":12},"end":{"line":89,"column":100}},"27":{"start":{"line":90,"column":12},"end":{"line":90,"column":41}},"28":{"start":{"line":92,"column":8},"end":{"line":92,"column":21}},"29":{"start":{"line":96,"column":22},"end":{"line":96,"column":37}},"30":{"start":{"line":97,"column":30},"end":{"line":97,"column":70}},"31":{"start":{"line":97,"column":51},"end":{"line":97,"column":69}},"32":{"start":{"line":98,"column":8},"end":{"line":98,"column":45}},"33":{"start":{"line":102,"column":22},"end":{"line":102,"column":37}},"34":{"start":{"line":103,"column":8},"end":{"line":103,"column":54}},"35":{"start":{"line":103,"column":34},"end":{"line":103,"column":52}},"36":{"start":{"line":108,"column":8},"end":{"line":114,"column":9}},"37":{"start":{"line":109,"column":31},"end":{"line":109,"column":76}},"38":{"start":{"line":110,"column":12},"end":{"line":110,"column":60}},"39":{"start":{"line":112,"column":12},"end":{"line":112,"column":75}},"40":{"start":{"line":113,"column":12},"end":{"line":113,"column":22}},"41":{"start":{"line":118,"column":8},"end":{"line":124,"column":9}},"42":{"start":{"line":119,"column":12},"end":{"line":119,"column":86}},"43":{"start":{"line":120,"column":12},"end":{"line":120,"column":24}},"44":{"start":{"line":122,"column":12},"end":{"line":122,"column":72}},"45":{"start":{"line":123,"column":12},"end":{"line":123,"column":25}},"46":{"start":{"line":128,"column":27},"end":{"line":128,"column":47}},"47":{"start":{"line":129,"column":8},"end":{"line":129,"column":34}},"48":{"start":{"line":130,"column":8},"end":{"line":130,"column":47}},"49":{"start":{"line":134,"column":27},"end":{"line":134,"column":47}},"50":{"start":{"line":135,"column":22},"end":{"line":135,"column":82}},"51":{"start":{"line":135,"column":55},"end":{"line":135,"column":81}},"52":{"start":{"line":136,"column":8},"end":{"line":139,"column":9}},"53":{"start":{"line":137,"column":12},"end":{"line":137,"column":77}},"54":{"start":{"line":138,"column":12},"end":{"line":138,"column":51}},"55":{"start":{"line":140,"column":8},"end":{"line":140,"column":21}},"56":{"start":{"line":144,"column":27},"end":{"line":144,"column":47}},"57":{"start":{"line":145,"column":35},"end":{"line":145,"column":92}},"58":{"start":{"line":145,"column":65},"end":{"line":145,"column":91}},"59":{"start":{"line":146,"column":8},"end":{"line":146,"column":55}},"60":{"start":{"line":150,"column":27},"end":{"line":150,"column":47}},"61":{"start":{"line":151,"column":8},"end":{"line":151,"column":71}},"62":{"start":{"line":151,"column":43},"end":{"line":151,"column":69}},"63":{"start":{"line":156,"column":8},"end":{"line":162,"column":9}},"64":{"start":{"line":157,"column":29},"end":{"line":157,"column":72}},"65":{"start":{"line":158,"column":12},"end":{"line":158,"column":58}},"66":{"start":{"line":160,"column":12},"end":{"line":160,"column":73}},"67":{"start":{"line":161,"column":12},"end":{"line":161,"column":24}},"68":{"start":{"line":166,"column":8},"end":{"line":172,"column":9}},"69":{"start":{"line":167,"column":12},"end":{"line":167,"column":82}},"70":{"start":{"line":168,"column":12},"end":{"line":168,"column":24}},"71":{"start":{"line":170,"column":12},"end":{"line":170,"column":70}},"72":{"start":{"line":171,"column":12},"end":{"line":171,"column":25}},"73":{"start":{"line":176,"column":25},"end":{"line":176,"column":49}},"74":{"start":{"line":177,"column":8},"end":{"line":177,"column":30}},"75":{"start":{"line":178,"column":8},"end":{"line":178,"column":43}},"76":{"start":{"line":183,"column":8},"end":{"line":192,"column":9}},"77":{"start":{"line":184,"column":12},"end":{"line":184,"column":56}},"78":{"start":{"line":185,"column":12},"end":{"line":185,"column":61}},"79":{"start":{"line":186,"column":12},"end":{"line":186,"column":59}},"80":{"start":{"line":187,"column":12},"end":{"line":187,"column":37}},"81":{"start":{"line":188,"column":12},"end":{"line":188,"column":24}},"82":{"start":{"line":190,"column":12},"end":{"line":190,"column":60}},"83":{"start":{"line":191,"column":12},"end":{"line":191,"column":25}},"84":{"start":{"line":196,"column":8},"end":{"line":201,"column":10}},"85":{"start":{"line":205,"column":8},"end":{"line":219,"column":9}},"86":{"start":{"line":206,"column":12},"end":{"line":208,"column":13}},"87":{"start":{"line":207,"column":16},"end":{"line":207,"column":43}},"88":{"start":{"line":209,"column":12},"end":{"line":211,"column":13}},"89":{"start":{"line":210,"column":16},"end":{"line":210,"column":53}},"90":{"start":{"line":212,"column":12},"end":{"line":214,"column":13}},"91":{"start":{"line":213,"column":16},"end":{"line":213,"column":49}},"92":{"start":{"line":215,"column":12},"end":{"line":215,"column":24}},"93":{"start":{"line":217,"column":12},"end":{"line":217,"column":58}},"94":{"start":{"line":218,"column":12},"end":{"line":218,"column":25}},"95":{"start":{"line":224,"column":24},"end":{"line":224,"column":25}},"96":{"start":{"line":225,"column":24},"end":{"line":225,"column":25}},"97":{"start":{"line":227,"column":8},"end":{"line":233,"column":9}},"98":{"start":{"line":228,"column":12},"end":{"line":232,"column":13}},"99":{"start":{"line":229,"column":28},"end":{"line":229,"column":53}},"100":{"start":{"line":230,"column":16},"end":{"line":230,"column":42}},"101":{"start":{"line":231,"column":16},"end":{"line":231,"column":28}},"102":{"start":{"line":235,"column":8},"end":{"line":239,"column":10}},"103":{"start":{"line":243,"column":8},"end":{"line":243,"column":42}},"104":{"start":{"line":243,"column":25},"end":{"line":243,"column":42}},"105":{"start":{"line":244,"column":18},"end":{"line":244,"column":22}},"106":{"start":{"line":245,"column":22},"end":{"line":245,"column":49}},"107":{"start":{"line":246,"column":18},"end":{"line":246,"column":59}},"108":{"start":{"line":247,"column":8},"end":{"line":247,"column":80}},"109":{"start":{"line":252,"column":23},"end":{"line":256,"column":9}},"11
[...]
mn":18}},"75":{"start":{"line":139,"column":12},"end":{"line":142,"column":15}},"76":{"start":{"line":140,"column":30},"end":{"line":140,"column":60}},"77":{"start":{"line":141,"column":16},"end":{"line":141,"column":75}},"78":{"start":{"line":143,"column":12},"end":{"line":143,"column":18}},"79":{"start":{"line":145,"column":12},"end":{"line":148,"column":15}},"80":{"start":{"line":146,"column":30},"end":{"line":146,"column":76}},"81":{"start":{"line":147,"column":16},"end":{"line":147,"column":71}},"82":{"start":{"line":149,"column":12},"end":{"line":149,"column":18}},"83":{"start":{"line":151,"column":12},"end":{"line":154,"column":15}},"84":{"start":{"line":152,"column":30},"end":{"line":152,"column":76}},"85":{"start":{"line":153,"column":16},"end":{"line":153,"column":71}},"86":{"start":{"line":155,"column":12},"end":{"line":155,"column":18}},"87":{"start":{"line":157,"column":12},"end":{"line":157,"column":18}},"88":{"start":{"line":159,"column":4},"end":{"line":159,"column":23}},"89":{"start":{"line":163,"column":17},"end":{"line":177,"column":1}},"90":{"start":{"line":180,"column":0},"end":{"line":183,"column":1}},"91":{"start":{"line":181,"column":4},"end":{"line":181,"column":39}},"92":{"start":{"line":182,"column":4},"end":{"line":182,"column":28}},"93":{"start":{"line":186,"column":0},"end":{"line":188,"column":1}},"94":{"start":{"line":187,"column":4},"end":{"line":187,"column":30}}},"fnMap":{"0":{"name":"generateId","decl":{"start":{"line":6,"column":9},"end":{"line":6,"column":19}},"loc":{"start":{"line":6,"column":22},"end":{"line":8,"column":1}},"line":6},"1":{"name":"formatDate","decl":{"start":{"line":11,"column":9},"end":{"line":11,"column":19}},"loc":{"start":{"line":11,"column":32},"end":{"line":19,"column":1}},"line":11},"2":{"name":"isOverdue","decl":{"start":{"line":22,"column":9},"end":{"line":22,"column":18}},"loc":{"start":{"line":22,"column":31},"end":{"line":29,"column":1}},"line":22},"3":{"name":"isDueSoon","decl":{"start":{"line":32,"column":9},"end":{"line":32,"column":18}},"loc":{"start":{"line":32,"column":31},"end":{"line":41,"column":1}},"line":32},"4":{"name":"getPriorityClass","decl":{"start":{"line":44,"column":9},"end":{"line":44,"column":25}},"loc":{"start":{"line":44,"column":36},"end":{"line":51,"column":1}},"line":44},"5":{"name":"getStatusClass","decl":{"start":{"line":54,"column":9},"end":{"line":54,"column":23}},"loc":{"start":{"line":54,"column":32},"end":{"line":61,"column":1}},"line":54},"6":{"name":"getDueDateClass","decl":{"start":{"line":64,"column":9},"end":{"line":64,"column":24}},"loc":{"start":{"line":64,"column":37},"end":{"line":69,"column":1}},"line":64},"7":{"name":"capitalize","decl":{"start":{"line":72,"column":9},"end":{"line":72,"column":19}},"loc":{"start":{"line":72,"column":25},"end":{"line":74,"column":1}},"line":72},"8":{"name":"statusToText","decl":{"start":{"line":77,"column":9},"end":{"line":77,"column":21}},"loc":{"start":{"line":77,"column":30},"end":{"line":84,"column":1}},"line":77},"9":{"name":"priorityToText","decl":{"start":{"line":87,"column":9},"end":{"line":87,"column":23}},"loc":{"start":{"line":87,"column":34},"end":{"line":94,"column":1}},"line":87},"10":{"name":"isValidEmail","decl":{"start":{"line":97,"column":9},"end":{"line":97,"column":21}},"loc":{"start":{"line":97,"column":29},"end":{"line":100,"column":1}},"line":97},"11":{"name":"debounce","decl":{"start":{"line":103,"column":9},"end":{"line":103,"column":17}},"loc":{"start":{"line":103,"column":30},"end":{"line":113,"column":1}},"line":103},"12":{"name":"executedFunction","decl":{"start":{"line":105,"column":20},"end":{"line":105,"column":36}},"loc":{"start":{"line":105,"column":46},"end":{"line":112,"column":5}},"line":105},"13":{"name":"(anonymous_13)","decl":{"start":{"line":106,"column":22},"end":{"line":106,"column":23}},"loc":{"start":{"line":106,"column":28},"end":{"line":109,"column":9}},"line":106},"14":{"name":"sortTasks","decl":{"start":{"line":116,"column":9},"end":{"line":116,"column":18}},"loc":{"start":{"line":116,"column":34},"end":{"line":160,"column":1}},"line":116},"15":{"name":"(anonymous_15)","decl":{"start":{"line":121,"column":29},"end":{"line":121,"column":30}},"loc":{"start":{"line":121,"column":39},"end":{"line":121,"column":84}},"line":121},"16":{"name":"(anonymous_16)","decl":{"start":{"line":124,"column":29},"end":{"line":124,"column":30}},"loc":{"start":{"line":124,"column":39},"end":{"line":124,"column":84}},"line":124},"17":{"name":"(anonymous_17)","decl":{"start":{"line":127,"column":29},"end":{"line":127,"column":30}},"loc":{"start":{"line":127,"column":39},"end":{"line":127,"column":80}},"line":127},"18":{"name":"(anonymous_18)","decl":{"start":{"line":130,"column":29},"end":{"line":130,"column":30}},"loc":{"start":{"line":130,"column":39},"end":{"line":130,"column":80}},"line":130},"19":{"name":"(anonymous_19)","decl":{"start":{"line":133,"column":29},"end":{"line":133,"column":30}},"loc":{"start":{"line":133,"column":39},"end":{"line":136,"column":13}},"line":133},"20":{"name":"(anonymous_20)","decl":{"start":{"line":139,"column":29},"end":{"line":139,"column":30}},"loc":{"start":{"line":139,"column":39},"end":{"line":142,"column":13}},"line":139},"21":{"name":"(anonymous_21)","decl":{"start":{"line":145,"column":29},"end":{"line":145,"column":30}},"loc":{"start":{"line":145,"column":39},"end":{"line":148,"column":13}},"line":145},"22":{"name":"(anonymous_22)","decl":{"start":{"line":151,"column":29},"end":{"line":151,"column":30}},"loc":{"start":{"line":151,"column":39},"end":{"line":154,"column":13}},"line":151}},"branchMap":{"0":{"loc":{"start":{"line":12,"column":4},"end":{"line":12,"column":42}},"type":"if","locations":[{"start":{"line":12,"column":4},"end":{"line":12,"column":42}},{"start":{},"end":{}}],"line":12},"1":{"loc":{"start":{"line":23,"column":4},"end":{"line":23,"column":34}},"type":"if","locations":[{"start":{"line":23,"column":4},"end":{"line":23,"column":34}},{"start":{},"end":{}}],"line":23},"2":{"loc":{"start":{"line":33,"column":4},"end":{"line":33,"column":34}},"type":"if","locations":[{"start":{"line":33,"column":4},"end":{"line":33,"column":34}},{"start":{},"end":{}}],"line":33},"3":{"loc":{"start":{"line":40,"column":11},"end":{"line":40,"column":41}},"type":"binary-expr","locations":[{"start":{"line":40,"column":11},"end":{"line":40,"column":24}},{"start":{"line":40,"column":28},"end":{"line":40,"column":41}}],"line":40},"4":{"loc":{"start":{"line":45,"column":4},"end":{"line":50,"column":5}},"type":"switch","locations":[{"start":{"line":46,"column":8},"end":{"line":46,"column":35}},{"start":{"line":47,"column":8},"end":{"line":47,"column":39}},{"start":{"line":48,"column":8},"end":{"line":48,"column":33}},{"start":{"line":49,"column":8},"end":{"line":49,"column":33}}],"line":45},"5":{"loc":{"start":{"line":55,"column":4},"end":{"line":60,"column":5}},"type":"switch","locations":[{"start":{"line":56,"column":8},"end":{"line":56,"column":41}},{"start":{"line":57,"column":8},"end":{"line":57,"column":49}},{"start":{"line":58,"column":8},"end":{"line":58,"column":45}},{"start":{"line":59,"column":8},"end":{"line":59,"column":34}}],"line":55},"6":{"loc":{"start":{"line":65,"column":4},"end":{"line":65,"column":38}},"type":"if","locations":[{"start":{"line":65,"column":4},"end":{"line":65,"column":38}},{"start":{},"end":{}}],"line":65},"7":{"loc":{"start":{"line":66,"column":4},"end":{"line":66,"column":48}},"type":"if","locations":[{"start":{"line":66,"column":4},"end":{"line":66,"column":48}},{"start":{},"end":{}}],"line":66},"8":{"loc":{"start":{"line":67,"column":4},"end":{"line":67,"column":49}},"type":"if","locations":[{"start":{"line":67,"column":4},"end":{"line":67,"column":49}},{"start":{},"end":{}}],"line":67},"9":{"loc":{"start":{"line":78,"column":4},"end":{"line":83,"column":5}},"type":"switch","locations":[{"start":{"line":79,"column":8},"end":{"line":79,"column":41}},{"start":{"line":80,"column":8},"end":{"line":80,"column":49}},{"start":{"line":81,"column":8},"end":{"line":81,"column":45}},{"start":{"line":82,"column":8},"end":{"line":82,"column":34}}],"line":78},"10":{"loc":{"start":{"line":88,"column":4},"end":{"line":93,"column":5}},"type":"switch","locations":[{"start":{"line":89,"column":8},"end":{"line":89,"column":35}},{"start":{"line":90,"column":8},"end":{"line":90,"column":39}},{"start":{"line":91,"column":8},"end":{"line":91,"column":33}},{"start":{"line":92,"column":8},"end":{"line":92,"column":33}}],"line":88},"11":{"loc":{"start":{"line":119,"column":4},"end":{"line":158,"column":5}},"type":"switch","locations":[{"start":{"line":120,"column":8},"end":{"line":122,"column":18}},{"start":{"line":123,"column":8},"end":{"line":125,"column":18}},{"start":{"line":126,"column":8},"end":{"line":128,"column":18}},{"start":{"line":129,"column":8},"end":{"line":131,"column":18}},{"start":{"line":132,"column":8},"end":{"line":137,"column":18}},{"start":{"line":138,"column":8},"end":{"line":143,"column":18}},{"start":{"line":144,"column":8},"end":{"line":149,"column":18}},{"start":{"line":150,"column":8},"end":{"line":155,"column":18}},{"start":{"line":156,"column":8},"end":{"line":157,"column":18}}],"line":119},"12":{"loc":{"start":{"line":135,"column":24},"end":{"line":135,"column":46}},"type":"binary-expr","locations":[{"start":{"line":135,"column":24},"end":{"line":135,"column":41}},{"start":{"line":135,"column":45},"end":{"line":135,"column":46}}],"line":135},"13":{"loc":{"start":{"line":135,"column":51},"end":{"line":135,"column":73}},"type":"binary-expr","locations":[{"start":{"line":135,"column":51},"end":{"line":135,"column":68}},{"start":{"line":135,"column":72},"end":{"line":135,"column":73}}],"line":135},"14":{"loc":{"start":{"line":141,"column":24},"end":{"line":141,"column":46}},"type":"binary-expr","locations":[{"start":{"line":141,"column":24},"end":{"line":141,"column":41}},{"start":{"line":141,"column":45},"end":{"line":141,"column":46}}],"line":141},"15":{"loc":{"start":{"line":141,"column":51},"end":{"line":141,"column":73}},"type":"binary-expr","locations":[{"start":{"line":141,"column":51},"end":{"line":141,"column":68}},{"start":{"line":141,"column":72},"end":{"line":141,"column":73}}],"line":141},"16":{"loc":{"start":{"line":147,"column":24},"end":{"line":147,"column":44}},"type":"binary-expr","locations":[{"start":{"line":147,"column":24},"end":{"line":147,"column":39}},{"start":{"line":147,"column":43},"end":{"line":147,"column":44}}],"line":147},"17":{"loc":{"start":{"line":147,"column":49},"end":{"line":147,"column":69}},"type":"binary-expr","locations":[{"start":{"line":147,"column":49},"end":{"line":147,"column":64}},{"start":{"line":147,"column":68},"end":{"line":147,"column":69}}],"line":147},"18":{"loc":{"start":{"line":153,"column":24},"end":{"line":153,"column":44}},"type":"binary-expr","locations":[{"start":{"line":153,"column":24},"end":{"line":153,"column":39}},{"start":{"line":153,"column":43},"end":{"line":153,"column":44}}],"line":153},"19":{"loc":{"start":{"line":153,"column":49},"end":{"line":153,"column":69}},"type":"binary-expr","locations":[{"start":{"line":153,"column":49},"end":{"line":153,"column":64}},{"start":{"line":153,"column":68},"end":{"line":153,"column":69}}],"line":153},"20":{"loc":{"start":{"line":180,"column":0},"end":{"line":183,"column":1}},"type":"if","locations":[{"start":{"line":180,"column":0},"end":{"line":183,"column":1}},{"start":{},"end":{}}],"line":180},"21":{"loc":{"start":{"line":186,"column":0},"end":{"line":188,"column":1}},"type":"if","locations":[{"start":{"line":186,"column":0},"end":{"line":188,"column":1}},{"start":{},"end":{}}],"line":186},"22":{"loc":{"start":{"line":186,"column":4},"end":{"line":186,"column":51}},"type":"binary-expr","locations":[{"start":{"line":186,"column":4},"end":{"line":186,"column":33}},{"start":{"line":186,"column":37},"end":{"line":186,"column":51}}],"line":186}},"s":{"0":3,"1":4,"2":2,"3":2,"4":2,"5":10,"6":2,"7":8,"8":8,"9":8,"10":8,"11":8,"12":9,"13":2,"14":7,"15":7,"16":7,"17":7,"18":7,"19":7,"20":7,"21":8,"22":2,"23":2,"24":2,"25":2,"26":8,"27":2,"28":2,"29":2,"30":2,"31":6,"32":2,"33":4,"34":2,"35":2,"36":1,"37":1,"38":2,"39":8,"40":2,"41":2,"42":2,"43":2,"44":8,"45":2,"46":2,"47":2,"48":2,"49":4,"50":4,"51":2,"52":2,"53":1,"54":1,"55":2,"56":2,"57":17,"58":17,"59":3,"60":3,"61":3,"62":2,"63":2,"64":2,"65":2,"66":2,"67":2,"68":2,"69":2,"70":2,"71":2,"72":2,"73":2,"74":2,"75":2,"76":2,"77":2,"78":2,"79":2,"80":2,"81":2,"82":2,"83":2,"84":2,"85":2,"86":2,"87":0,"88":17,"89":2,"90":2,"91":2,"92":2,"93":2,"94":2},"f":{"0":3,"1":4,"2":10,"3":9,"4":8,"5":8,"6":6,"7":2,"8":8,"9":8,"10":4,"11":2,"12":2,"13":1,"14":17,"15":3,"16":2,"17":2,"18":2,"19":2,"20":2,"21":2,"22":2},"b":{"0":[2,2],"1":[2,8],"2":[2,7],"3":[7,7],"4":[2,2,2,2],"5":[2,2,2,2],"6":[2,4],"7":[2,2],"8":[1,1],"9":[2,2,2,2],"10":[2,2,2,2],"11":[3,2,2,2,2,2,2,2,0],"12":[2,0],"13":[2,0],"14":[2,0],"15":[2,0],"16":[2,0],"17":[2,0],"18":[2,0],"19":[2,0],"20":[2,0],"21":[2,0],"22":[2,2]},"_coverageSchema":"1a1c01bbd47fc00a2c39e90264f33305004495a9","hash":"a08782b76fe55f6b6bd676a6f4c1296d432047e6"}
,"/home/elon/task-manager-crud/js/validators.js": {"path":"/home/elon/task-manager-crud/js/validators.js","statementMap":{"0":{"start":{"line":7,"column":25},"end":{"line":12,"column":1}},"1":{"start":{"line":28,"column":2},"end":{"line":33,"column":3}},"2":{"start":{"line":29,"column":4},"end":{"line":32,"column":6}},"3":{"start":{"line":35,"column":17},"end":{"line":35,"column":19}},"4":{"start":{"line":38,"column":16},"end":{"line":38,"column":38}},"5":{"start":{"line":39,"column":2},"end":{"line":43,"column":3}},"6":{"start":{"line":40,"column":4},"end":{"line":40,"column":57}},"7":{"start":{"line":41,"column":9},"end":{"line":43,"column":3}},"8":{"start":{"line":42,"column":4},"end":{"line":42,"column":116}},"9":{"start":{"line":46,"column":22},"end":{"line":46,"column":50}},"10":{"start":{"line":47,"column":2},"end":{"line":49,"column":3}},"11":{"start":{"line":48,"column":4},"end":{"line":48,"column":134}},"12":{"start":{"line":52,"column":2},"end":{"line":54,"column":3}},"13":{"start":{"line":53,"column":4},"end":{"line":53,"column":46}},"14":{"start":{"line":57,"column":2},"end":{"line":59,"column":3}},"15":{"start":{"line":58,"column":4},"end":{"line":58,"column":92}},"16":{"start":{"line":62,"column":2},"end":{"line":64,"column":3}},"17":{"start":{"line":63,"column":4},"end":{"line":63,"column":88}},"18":{"start":{"line":67,"column":2},"end":{"line":72,"column":3}},"19":{"start":{"line":68,"column":30},"end":{"line":68,"column":63}},"20":{"start":{"line":69,"column":4},"end":{"line":71,"column":5}},"21":{"start":{"line":70,"column":6},"end":{"line":70,"column":47}},"22":{"start":{"line":74,"column":2},"end":{"line":77,"column":4}},"23":{"start":{"line":86,"column":17},"end":{"line":86,"column":19}},"24":{"start":{"line":88,"column":2},"end":{"line":91,"column":3}},"25":{"start":{"line":89,"column":4},"end":{"line":89,"column":45}},"26":{"start":{"line":90,"column":4},"end":{"line":90,"column":38}},"27":{"start":{"line":93,"column":18},"end":{"line":93,"column":41}},"28":{"start":{"line":94,"column":2},"end":{"line":97,"column":3}},"29":{"start":{"line":95,"column":4},"end":{"line":95,"column":70}},"30":{"start":{"line":96,"column":4},"end":{"line":96,"column":38}},"31":{"start":{"line":100,"column":16},"end":{"line":100,"column":26}},"32":{"start":{"line":101,"column":2},"end":{"line":101,"column":29}},"33":{"start":{"line":102,"column":22},"end":{"line":102,"column":39}},"34":{"start":{"line":103,"column":2},"end":{"line":103,"column":35}},"35":{"start":{"line":105,"column":2},"end":{"line":107,"column":3}},"36":{"start":{"line":106,"column":4},"end":{"line":106,"column":50}},"37":{"start":{"line":109,"column":2},"end":{"line":112,"column":4}},"38":{"start":{"line":115,"column":0},"end":{"line":117,"column":2}}},"fnMap":{"0":{"name":"validateTask","decl":{"start":{"line":27,"column":9},"end":{"line":27,"column":21}},"loc":{"start":{"line":27,"column":32},"end":{"line":78,"column":1}},"line":27},"1":{"name":"validateDueDate","decl":{"start":{"line":85,"column":9},"end":{"line":85,"column":24}},"loc":{"start":{"line":85,"column":40},"end":{"line":113,"column":1}},"line":85}},"branchMap":{"0":{"loc":{"start":{"line":28,"column":2},"end":{"line":33,"column":3}},"type":"if","locations":[{"start":{"line":28,"column":2},"end":{"line":33,"column":3}},{"start":{},"end":{}}],"line":28},"1":{"loc":{"start":{"line":28,"column":6},"end":{"line":28,"column":47}},"type":"binary-expr","locations":[{"start":{"line":28,"column":6},"end":{"line":28,"column":15}},{"start":{"line":28,"column":19},"end":{"line":28,"column":47}}],"line":28},"2":{"loc":{"start":{"line":39,"column":2},"end":{"line":43,"column":3}},"type":"if","locations":[{"start":{"line":39,"column":2},"end":{"line":43,"column":3}},{"start":{"line":41,"column":9},"end":{"line":43,"column":3}}],"line":39},"3":{"loc":{"start":{"line":41,"column":9},"end":{"line":43,"column":3}},"type":"if","locations":[{"start":{"line":41,"column":9},"end":{"line":43,"column":3}},{"start":{},"end":{}}],"line":41},"4":{"loc":{"start":{"line":47,"column":2},"end":{"line":49,"column":3}},"type":"if","locations":[{"start":{"line":47,"column":2},"end":{"line":49,"column":3}},{"start":{},"end":{}}],"line":47},"5":{"loc":{"start":{"line":47,"column":6},"end":{"line":47,"column":81}},"type":"binary-expr","locations":[{"start":{"line":47,"column":6},"end":{"line":47,"column":17}},{"start":{"line":47,"column":21},"end":{"line":47,"column":81}}],"line":47},"6":{"loc":{"start":{"line":52,"column":2},"end":{"line":54,"column":3}},"type":"if","locations":[{"start":{"line":52,"column":2},"end":{"line":54,"column":3}},{"start":{},"end":{}}],"line":52},"7":{"loc":{"start":{"line":52,"column":6},"end":{"line":52,"column":69}},"type":"binary-expr","locations":[{"start":{"line":52,"column":6},"end":{"line":52,"column":26}},{"start":{"line":52,"column":30},"end":{"line":52,"column":69}}],"line":52},"8":{"loc":{"start":{"line":57,"column":2},"end":{"line":59,"column":3}},"type":"if","locations":[{"start":{"line":57,"column":2},"end":{"line":59,"column":3}},{"start":{},"end":{}}],"line":57},"9":{"loc":{"start":{"line":62,"column":2},"end":{"line":64,"column":3}},"type":"if","locations":[{"start":{"line":62,"column":2},"end":{"line":64,"column":3}},{"start":{},"end":{}}],"line":62},"10":{"loc":{"start":{"line":67,"column":2},"end":{"line":72,"column":3}},"type":"if","locations":[{"start":{"line":67,"column":2},"end":{"line":72,"column":3}},{"start":{},"end":{}}],"line":67},"11":{"loc":{"start":{"line":69,"column":4},"end":{"line":71,"column":5}},"type":"if","locations":[{"start":{"line":69,"column":4},"end":{"line":71,"column":5}},{"start":{},"end":{}}],"line":69},"12":{"loc":{"start":{"line":88,"column":2},"end":{"line":91,"column":3}},"type":"if","locations":[{"start":{"line":88,"column":2},"end":{"line":91,"column":3}},{"start":{},"end":{}}],"line":88},"13":{"loc":{"start":{"line":94,"column":2},"end":{"line":97,"column":3}},"type":"if","locations":[{"start":{"line":94,"column":2},"end":{"line":97,"column":3}},{"start":{},"end":{}}],"line":94},"14":{"loc":{"start":{"line":105,"column":2},"end":{"line":107,"column":3}},"type":"if","locations":[{"start":{"line":105,"column":2},"end":{"line":107,"column":3}},{"start":{},"end":{}}],"line":105}},"s":{"0":4,"1":18,"2":0,"3":18,"4":18,"5":18,"6":4,"7":14,"8":2,"9":18,"10":18,"11":3,"12":18,"13":1,"14":18,"15":4,"16":18,"17":4,"18":18,"19":6,"20":6,"21":5,"22":18,"23":6,"24":6,"25":0,"26":0,"27":6,"28":6,"29":3,"30":3,"31":3,"32":3,"33":3,"34":3,"35":3,"36":2,"37":3,"38":4},"f":{"0":18,"1":6},"b":{"0":[0,18],"1":[18,18],"2":[4,14],"3":[2,12],"4":[3,15],"5":[18,10],"6":[1,17],"7":[18,17],"8":[4,14],"9":[4,14],"10":[6,12],"11":[5,1],"12":[0,6],"13":[3,3],"14":[2,1]},"_coverageSchema":"1a1c01bbd47fc00a2c39e90264f33305004495a9","hash":"eb0a3784aa00ba3329932986d05fbb2c9ce6cc9e"}
}
