{"/home/elon/Documents/projet tests et auto tests/js/advancedFilters.js": {"path":"/home/elon/Documents/projet tests et auto tests/js/advancedFilters.js","statementMap":{"0":{"start":{"line":7,"column":25},"end":{"line":10,"column":1}},"1":{"start":{"line":28,"column":2},"end":{"line":31,"column":3}},"2":{"start":{"line":29,"column":4},"end":{"line":29,"column":74}},"3":{"start":{"line":30,"column":4},"end":{"line":30,"column":14}},"4":{"start":{"line":34,"column":2},"end":{"line":36,"column":3}},"5":{"start":{"line":35,"column":4},"end":{"line":35,"column":22}},"6":{"start":{"line":39,"column":19},"end":{"line":39,"column":59}},"7":{"start":{"line":40,"column":2},"end":{"line":43,"column":3}},"8":{"start":{"line":41,"column":4},"end":{"line":41,"column":91}},"9":{"start":{"line":42,"column":4},"end":{"line":42,"column":44}},"10":{"start":{"line":45,"column":2},"end":{"line":45,"column":69}},"11":{"start":{"line":45,"column":30},"end":{"line":45,"column":67}},"12":{"start":{"line":56,"column":2},"end":{"line":58,"column":3}},"13":{"start":{"line":57,"column":4},"end":{"line":57,"column":17}},"14":{"start":{"line":60,"column":46},"end":{"line":60,"column":53}},"15":{"start":{"line":61,"column":26},"end":{"line":61,"column":28}},"16":{"start":{"line":64,"column":2},"end":{"line":66,"column":3}},"17":{"start":{"line":65,"column":4},"end":{"line":65,"column":71}},"18":{"start":{"line":69,"column":2},"end":{"line":71,"column":3}},"19":{"start":{"line":70,"column":4},"end":{"line":70,"column":69}},"20":{"start":{"line":74,"column":2},"end":{"line":76,"column":3}},"21":{"start":{"line":75,"column":4},"end":{"line":75,"column":65}},"22":{"start":{"line":79,"column":2},"end":{"line":86,"column":3}},"23":{"start":{"line":80,"column":24},"end":{"line":80,"column":63}},"24":{"start":{"line":81,"column":4},"end":{"line":85,"column":5}},"25":{"start":{"line":82,"column":25},"end":{"line":82,"column":85}},"26":{"start":{"line":83,"column":31},"end":{"line":83,"column":103}},"27":{"start":{"line":84,"column":6},"end":{"line":84,"column":59}},"28":{"start":{"line":89,"column":23},"end":{"line":89,"column":25}},"29":{"start":{"line":90,"column":2},"end":{"line":92,"column":3}},"30":{"start":{"line":91,"column":4},"end":{"line":91,"column":47}},"31":{"start":{"line":93,"column":2},"end":{"line":95,"column":3}},"32":{"start":{"line":94,"column":4},"end":{"line":94,"column":48}},"33":{"start":{"line":96,"column":2},"end":{"line":98,"column":3}},"34":{"start":{"line":97,"column":4},"end":{"line":97,"column":51}},"35":{"start":{"line":101,"column":2},"end":{"line":103,"column":3}},"36":{"start":{"line":102,"column":4},"end":{"line":102,"column":62}},"37":{"start":{"line":102,"column":53},"end":{"line":102,"column":59}},"38":{"start":{"line":106,"column":2},"end":{"line":108,"column":3}},"39":{"start":{"line":107,"column":4},"end":{"line":107,"column":16}},"40":{"start":{"line":111,"column":2},"end":{"line":113,"column":46}},"41":{"start":{"line":112,"column":37},"end":{"line":112,"column":43}},"42":{"start":{"line":113,"column":38},"end":{"line":113,"column":44}},"43":{"start":{"line":122,"column":2},"end":{"line":122,"column":29}},"44":{"start":{"line":122,"column":16},"end":{"line":122,"column":29}},"45":{"start":{"line":124,"column":16},"end":{"line":124,"column":26}},"46":{"start":{"line":125,"column":2},"end":{"line":125,"column":29}},"47":{"start":{"line":127,"column":14},"end":{"line":127,"column":31}},"48":{"start":{"line":128,"column":2},"end":{"line":128,"column":27}},"49":{"start":{"line":130,"column":2},"end":{"line":130,"column":21}},"50":{"start":{"line":139,"column":2},"end":{"line":139,"column":29}},"51":{"start":{"line":139,"column":16},"end":{"line":139,"column":29}},"52":{"start":{"line":141,"column":16},"end":{"line":141,"column":54}},"53":{"start":{"line":142,"column":2},"end":{"line":142,"column":27}},"54":{"start":{"line":151,"column":2},"end":{"line":151,"column":29}},"55":{"start":{"line":151,"column":16},"end":{"line":151,"column":29}},"56":{"start":{"line":153,"column":16},"end":{"line":153,"column":26}},"57":{"start":{"line":154,"column":20},"end":{"line":154,"column":35}},"58":{"start":{"line":155,"column":2},"end":{"line":155,"column":60}},"59":{"start":{"line":157,"column":14},"end":{"line":157,"column":31}},"60":{"start":{"line":158,"column":2},"end":{"line":158,"column":42}},"61":{"start":{"line":161,"column":0},"end":{"line":167,"column":2}}},"fnMap":{"0":{"name":"filterTasksAdvanced","decl":{"start":{"line":26,"column":9},"end":{"line":26,"column":28}},"loc":{"start":{"line":26,"column":50},"end":{"line":46,"column":1}},"line":26},"1":{"name":"(anonymous_1)","decl":{"start":{"line":45,"column":22},"end":{"line":45,"column":23}},"loc":{"start":{"line":45,"column":30},"end":{"line":45,"column":67}},"line":45},"2":{"name":"matchesAdvancedFilters","decl":{"start":{"line":54,"column":9},"end":{"line":54,"column":31}},"loc":{"start":{"line":54,"column":47},"end":{"line":114,"column":1}},"line":54},"3":{"name":"(anonymous_3)","decl":{"start":{"line":102,"column":43},"end":{"line":102,"column":44}},"loc":{"start":{"line":102,"column":53},"end":{"line":102,"column":59}},"line":102},"4":{"name":"(anonymous_4)","decl":{"start":{"line":112,"column":27},"end":{"line":112,"column":28}},"loc":{"start":{"line":112,"column":37},"end":{"line":112,"column":43}},"line":112},"5":{"name":"(anonymous_5)","decl":{"start":{"line":113,"column":28},"end":{"line":113,"column":29}},"loc":{"start":{"line":113,"column":38},"end":{"line":113,"column":44}},"line":113},"6":{"name":"isOverdue","decl":{"start":{"line":121,"column":9},"end":{"line":121,"column":18}},"loc":{"start":{"line":121,"column":28},"end":{"line":131,"column":1}},"line":121},"7":{"name":"isDueToday","decl":{"start":{"line":138,"column":9},"end":{"line":138,"column":19}},"loc":{"start":{"line":138,"column":29},"end":{"line":143,"column":1}},"line":138},"8":{"name":"isDueThisWeek","decl":{"start":{"line":150,"column":9},"end":{"line":150,"column":22}},"loc":{"start":{"line":150,"column":32},"end":{"line":159,"column":1}},"line":150}},"branchMap":{"0":{"loc":{"start":{"line":26,"column":36},"end":{"line":26,"column":48}},"type":"default-arg","locations":[{"start":{"line":26,"column":46},"end":{"line":26,"column":48}}],"line":26},"1":{"loc":{"start":{"line":28,"column":2},"end":{"line":31,"column":3}},"type":"if","locations":[{"start":{"line":28,"column":2},"end":{"line":31,"column":3}},{"start":{},"end":{}}],"line":28},"2":{"loc":{"start":{"line":34,"column":2},"end":{"line":36,"column":3}},"type":"if","locations":[{"start":{"line":34,"column":2},"end":{"line":36,"column":3}},{"start":{},"end":{}}],"line":34},"3":{"loc":{"start":{"line":34,"column":6},"end":{"line":34,"column":51}},"type":"binary-expr","locations":[{"start":{"line":34,"column":6},"end":{"line":34,"column":14}},{"start":{"line":34,"column":18},"end":{"line":34,"column":51}}],"line":34},"4":{"loc":{"start":{"line":39,"column":19},"end":{"line":39,"column":59}},"type":"binary-expr","locations":[{"start":{"line":39,"column":19},"end":{"line":39,"column":35}},{"start":{"line":39,"column":39},"end":{"line":39,"column":59}}],"line":39},"5":{"loc":{"start":{"line":40,"column":2},"end":{"line":43,"column":3}},"type":"if","locations":[{"start":{"line":40,"column":2},"end":{"line":43,"column":3}},{"start":{},"end":{}}],"line":40},"6":{"loc":{"start":{"line":56,"column":2},"end":{"line":58,"column":3}},"type":"if","locations":[{"start":{"line":56,"column":2},"end":{"line":58,"column":3}},{"start":{},"end":{}}],"line":56},"7":{"loc":{"start":{"line":56,"column":6},"end":{"line":56,"column":39}},"type":"binary-expr","locations":[{"start":{"line":56,"column":6},"end":{"line":56,"column":11}},{"start":{"line":56,"column":15},"end":{"line":56,"column":39}}],"line":56},"8":{"loc":{"start":{"line":60,"column":10},"end":{"line":60,"column":41}},"type":"default-arg","locations":[{"start":{"line":60,"column":21},"end":{"line":60,"column":41}}],"line":60},"9":{"loc":{"start":{"line":64,"column":2},"end":{"line":66,"column":3}},"type":"if","locations":[{"start":{"line":64,"column":2},"end":{"line":66,"column":3}},{"start":{},"end":{}}],"line":64},"10":{"loc":{"start":{"line":64,"column":6},"end":{"line":64,"column":94}},"type":"binary-expr","locations":[{"start":{"line":64,"column":6},"end":{"line":64,"column":24}},{"start":{"line":64,"column":28},"end":{"line":64,"column":61}},{"start":{"line":64,"column":65},"end":{"line":64,"column":94}}],"line":64},"11":{"loc":{"start":{"line":69,"column":2},"end":{"line":71,"column":3}},"type":"if","locations":[{"start":{"line":69,"column":2},"end":{"line":71,"column":3}},{"start":{},"end":{}}],"line":69},"12":{"loc":{"start":{"line":69,"column":6},"end":{"line":69,"column":94}},"type":"binary-expr","locations":[{"start":{"line":69,"column":6},"end":{"line":69,"column":24}},{"start":{"line":69,"column":28},"end":{"line":69,"column":61}},{"start":{"line":69,"column":65},"end":{"line":69,"column":94}}],"line":69},"13":{"loc":{"start":{"line":74,"column":2},"end":{"line":76,"column":3}},"type":"if","locations":[{"start":{"line":74,"column":2},"end":{"line":76,"column":3}},{"start":{},"end":{}}],"line":74},"14":{"loc":{"start":{"line":74,"column":6},"end":{"line":74,"column":88}},"type":"binary-expr","locations":[{"start":{"line":74,"column":6},"end":{"line":74,"column":22}},{"start":{"line":74,"column":26},"end":{"line":74,"column":57}},{"start":{"line":74,"column":61},"end":{"line":74,"column":88}}],"line":74},"15":{"loc":{"start":{"line":79,"column":2},"end":{"line":86,"column":3}},"type":"if","locations":[{"start":{"line":79,"column":2},"end":{"line":86,"column":3}},{"start":{},"end":{}}],"line":79},"16":{"loc":{"start":{"line":79,"column":6},"end":{"line":79,"column":66}},"type":"binary-expr","locations":[{"start":{"line":79,"column":6},"end":{"line":79,"column":24}},{"start":{"line":79,"column":28},"end":{"line":79,"column":66}}],"line":79},"17":{"loc":{"start":{"line":81,"column":4},"end":{"line":85,"column":5}},"type":"if","locations":[{"start":{"line":81,"column":4},"end":{"line":85,"column":5}},{"start":{},"end":{}}],"line":81},"18":{"loc":{"start":{"line":82,"column":25},"end":{"line":82,"column":85}},"type":"binary-expr","locations":[{"start":{"line":82,"column":25},"end":{"line":82,"column":35}},{"start":{"line":82,"column":39},"end":{"line":82,"column":85}}],"line":82},"19":{"loc":{"start":{"line":83,"column":31},"end":{"line":83,"column":103}},"type":"binary-expr","locations":[{"start":{"line":83,"column":31},"end":{"line":83,"column":47}},{"start":{"line":83,"column":51},"end":{"line":83,"column":103}}],"line":83},"20":{"loc":{"start":{"line":84,"column":27},"end":{"line":84,"column":57}},"type":"binary-expr","locations":[{"start":{"line":84,"column":27},"end":{"line":84,"column":37}},{"start":{"line":84,"column":41},"end":{"line":84,"column":57}}],"line":84},"21":{"loc":{"start":{"line":90,"column":2},"end":{"line":92,"column":3}},"type":"if","locations":[{"start":{"line":90,"column":2},"end":{"line":92,"column":3}},{"start":{},"end":{}}],"line":90},"22":{"loc":{"start":{"line":93,"column":2},"end":{"line":95,"column":3}},"type":"if","locations":[{"start":{"line":93,"column":2},"end":{"line":95,"column":3}},{"start":{},"end":{}}],"line":93},"23":{"loc":{"start":{"line":96,"column":2},"end":{"line":98,"column":3}},"type":"if","locations":[{"start":{"line":96,"column":2},"end":{"line":98,"column":3}},{"start":{},"end":{}}],"line":96},"24":{"loc":{"start":{"line":101,"column":2},"end":{"line":103,"column":3}},"type":"if","locations":[{"start":{"line":101,"column":2},"end":{"line":103,"column":3}},{"start":{},"end":{}}],"line":101},"25":{"loc":{"start":{"line":106,"column":2},"end":{"line":108,"column":3}},"type":"if","locations":[{"start":{"line":106,"column":2},"end":{"line":108,"column":3}},{"start":{},"end":{}}],"line":106},"26":{"loc":{"start":{"line":111,"column":9},"end":{"line":113,"column":45}},"type":"cond-expr","locations":[{"start":{"line":112,"column":6},"end":{"line":112,"column":44}},{"start":{"line":113,"column":6},"end":{"line":113,"column":45}}],"line":111},"27":{"loc":{"start":{"line":122,"column":2},"end":{"line":122,"column":29}},"type":"if","locations":[{"start":{"line":122,"column":2},"end":{"line":122,"column":29}},{"start":{},"end":{}}],"line":122},"28":{"loc":{"start":{"line":139,"column":2},"end":{"line":139,"column":29}},"type":"if","locations":[{"start":{"line":139,"column":2},"end":{"line":139,"column":29}},{"start":{},"end":{}}],"line":139},"29":{"loc":{"start":{"line":151,"column":2},"end":{"line":151,"column":29}},"type":"if","locations":[{"start":{"line":151,"column":2},"end":{"line":151,"column":29}},{"start":{},"end":{}}],"line":151},"30":{"loc":{"start":{"line":158,"column":9},"end":{"line":158,"column":41}},"type":"binary-expr","locations":[{"start":{"line":158,"column":9},"end":{"line":158,"column":21}},{"start":{"line":158,"column":25},"end":{"line":158,"column":41}}],"line":158}},"s":{"0":1,"1":10,"2":0,"3":0,"4":10,"5":1,"6":9,"7":9,"8":0,"9":0,"10":9,"11":38,"12":38,"13":0,"14":38,"15":38,"16":38,"17":16,"18":38,"19":8,"20":38,"21":8,"22":38,"23":8,"24":8,"25":8,"26":8,"27":8,"28":38,"29":38,"30":4,"31":38,"32":5,"33":38,"34":5,"35":38,"36":14,"37":14,"38":38,"39":0,"40":38,"41":4,"42":42,"43":4,"44":1,"45":3,"46":3,"47":3,"48":3,"49":3,"50":5,"51":1,"52":4,"53":4,"54":5,"55":1,"56":4,"57":4,"58":4,"59":4,"60":4,"61":1},"f":{"0":10,"1":38,"2":38,"3":14,"4":4,"5":42,"6":4,"7":5,"8":5},"b":{"0":[0],"1":[0,10],"2":[1,9],"3":[10,10],"4":[9,4],"5":[0,9],"6":[0,38],"7":[38,38],"8":[18],"9":[16,22],"10":[38,16,16],"11":[8,30],"12":[38,8,8],"13":[8,30],"14":[38,8,8],"15":[8,30],"16":[38,8],"17":[8,0],"18":[8,8],"19":[8,0],"20":[8,2],"21":[4,34],"22":[5,33],"23":[5,33],"24":[14,24],"25":[0,38],"26":[4,34],"27":[1,3],"28":[1,4],"29":[1,4],"30":[4,3]},"_coverageSchema":"1a1c01bbd47fc00a2c39e90264f33305004495a9","hash":"315767c1364ba7a3b47d9f33c7b7448ca4de1c4c"}
,"/home/elon/Documents/projet tests et auto tests/js/categoryManager.js": {"path":"/home/elon/Documents/projet tests et auto tests/js/categoryManager.js","statementMap":{"0":{"start":{"line":7,"column":8},"end":{"line":7,"column":29}},"1":{"start":{"line":8,"column":8},"end":{"line":8,"column":30}},"2":{"start":{"line":9,"column":8},"end":{"line":9,"column":26}},"3":{"start":{"line":14,"column":8},"end":{"line":14,"column":68}},"4":{"start":{"line":19,"column":8},"end":{"line":19,"column":66}},"5":{"start":{"line":24,"column":8},"end":{"line":24,"column":36}},"6":{"start":{"line":29,"column":8},"end":{"line":29,"column":68}},"7":{"start":{"line":29,"column":48},"end":{"line":29,"column":66}},"8":{"start":{"line":34,"column":25},"end":{"line":39,"column":9}},"9":{"start":{"line":42,"column":8},"end":{"line":44,"column":9}},"10":{"start":{"line":42,"column":40},"end":{"line":42,"column":94}},"11":{"start":{"line":43,"column":12},"end":{"line":43,"column":60}},"12":{"start":{"line":46,"column":8},"end":{"line":46,"column":39}},"13":{"start":{"line":47,"column":8},"end":{"line":47,"column":30}},"14":{"start":{"line":48,"column":8},"end":{"line":48,"column":24}},"15":{"start":{"line":53,"column":22},"end":{"line":53,"column":79}},"16":{"start":{"line":53,"column":60},"end":{"line":53,"column":78}},"17":{"start":{"line":54,"column":8},"end":{"line":56,"column":9}},"18":{"start":{"line":55,"column":12},"end":{"line":55,"column":50}},"19":{"start":{"line":58,"column":32},"end":{"line":62,"column":9}},"20":{"start":{"line":65,"column":8},"end":{"line":67,"column":9}},"21":{"start":{"line":65,"column":40},"end":{"line":65,"column":118}},"22":{"start":{"line":66,"column":12},"end":{"line":66,"column":60}},"23":{"start":{"line":69,"column":8},"end":{"line":69,"column":49}},"24":{"start":{"line":70,"column":8},"end":{"line":70,"column":30}},"25":{"start":{"line":71,"column":8},"end":{"line":71,"column":31}},"26":{"start":{"line":76,"column":22},"end":{"line":76,"column":79}},"27":{"start":{"line":76,"column":60},"end":{"line":76,"column":78}},"28":{"start":{"line":77,"column":8},"end":{"line":79,"column":9}},"29":{"start":{"line":78,"column":12},"end":{"line":78,"column":50}},"30":{"start":{"line":82,"column":22},"end":{"line":82,"column":58}},"31":{"start":{"line":83,"column":35},"end":{"line":83,"column":79}},"32":{"start":{"line":83,"column":56},"end":{"line":83,"column":78}},"33":{"start":{"line":85,"column":8},"end":{"line":87,"column":9}},"34":{"start":{"line":86,"column":12},"end":{"line":86,"column":113}},"35":{"start":{"line":89,"column":8},"end":{"line":89,"column":41}},"36":{"start":{"line":90,"column":8},"end":{"line":90,"column":30}},"37":{"start":{"line":91,"column":8},"end":{"line":91,"column":20}},"38":{"start":{"line":96,"column":25},"end":{"line":96,"column":49}},"39":{"start":{"line":97,"column":8},"end":{"line":97,"column":61}},"40":{"start":{"line":102,"column":25},"end":{"line":102,"column":49}},"41":{"start":{"line":103,"column":8},"end":{"line":103,"column":53}},"42":{"start":{"line":108,"column":31},"end":{"line":108,"column":72}},"43":{"start":{"line":109,"column":8},"end":{"line":109,"column":36}},"44":{"start":{"line":109,"column":29},"end":{"line":109,"column":36}},"45":{"start":{"line":111,"column":8},"end":{"line":111,"column":38}},"46":{"start":{"line":113,"column":8},"end":{"line":127,"column":11}},"47":{"start":{"line":114,"column":36},"end":{"line":114,"column":65}},"48":{"start":{"line":115,"column":12},"end":{"line":115,"column":56}},"49":{"start":{"line":116,"column":12},"end":{"line":125,"column":14}},"50":{"start":{"line":126,"column":12},"end":{"line":126,"column":56}},"51":{"start":{"line":130,"column":8},"end":{"line":130,"column":34}},"52":{"start":{"line":135,"column":8},"end":{"line":135,"column":35}},"53":{"start":{"line":135,"column":28},"end":{"line":135,"column":35}},"54":{"start":{"line":137,"column":8},"end":{"line":137,"column":80}},"55":{"start":{"line":139,"column":8},"end":{"line":144,"column":11}},"56":{"start":{"line":140,"column":27},"end":{"line":140,"column":59}},"57":{"start":{"line":141,"column":12},"end":{"line":141,"column":39}},"58":{"start":{"line":142,"column":12},"end":{"line":142,"column":47}},"59":{"start":{"line":143,"column":12},"end":{"line":143,"column":46}},"60":{"start":{"line":149,"column":32},"end":{"line":149,"column":74}},"61":{"start":{"line":150,"column":8},"end":{"line":150,"column":37}},"62":{"start":{"line":150,"column":30},"end":{"line":150,"column":37}},"63":{"start":{"line":152,"column":8},"end":{"line":152,"column":39}},"64":{"start":{"line":154,"column":8},"end":{"line":165,"column":11}},"65":{"start":{"line":155,"column":34},"end":{"line":155,"column":65}},"66":{"start":{"line":156,"column":12},"end":{"line":156,"column":54}},"67":{"start":{"line":157,"column":12},"end":{"line":163,"column":14}},"68":{"start":{"line":164,"column":12},"end":{"line":164,"column":55}},"69":{"start":{"line":170,"column":22},"end":{"line":170,"column":62}},"70":{"start":{"line":171,"column":21},"end":{"line":171,"column":60}},"71":{"start":{"line":172,"column":22},"end":{"line":172,"column":67}},"72":{"start":{"line":174,"column":8},"end":{"line":174,"column":46}},"73":{"start":{"line":174,"column":39},"end":{"line":174,"column":46}},"74":{"start":{"line":177,"column":8},"end":{"line":177,"column":48}},"75":{"start":{"line":179,"column":8},"end":{"line":186,"column":9}},"76":{"start":{"line":181,"column":12},"end":{"line":181,"column":48}},"77":{"start":{"line":182,"column":12},"end":{"line":182,"column":64}},"78":{"start":{"line":185,"column":12},"end":{"line":185,"column":51}},"79":{"start":{"line":189,"column":8},"end":{"line":189,"column":61}},"80":{"start":{"line":191,"column":8},"end":{"line":191,"column":36}},"81":{"start":{"line":196,"column":22},"end":{"line":196,"column":62}},"82":{"start":{"line":197,"column":8},"end":{"line":199,"column":9}},"83":{"start":{"line":198,"column":12},"end":{"line":198,"column":43}},"84":{"start":{"line":204,"column":8},"end":{"line":204,"column":31}},"85":{"start":{"line":206,"column":21},"end":{"line":206,"column":33}},"86":{"start":{"line":207,"column":25},"end":{"line":207,"column":66}},"87":{"start":{"line":208,"column":26},"end":{"line":208,"column":48}},"88":{"start":{"line":210,"column":8},"end":{"line":236,"column":9}},"89":{"start":{"line":213,"column":12},"end":{"line":221,"column":13}},"90":{"start":{"line":215,"column":16},"end":{"line":215,"column":68}},"91":{"start":{"line":216,"column":16},"end":{"line":216,"column":94}},"92":{"start":{"line":219,"column":16},"end":{"line":219,"column":54}},"93":{"start":{"line":220,"column":16},"end":{"line":220,"column":92}},"94":{"start":{"line":224,"column":12},"end":{"line":224,"column":36}},"95":{"start":{"line":225,"column":12},"end":{"line":225,"column":41}},"96":{"start":{"line":228,"column":12},"end":{"line":230,"column":13}},"97":{"start":{"line":229,"column":16},"end":{"line":229,"column":59}},"98":{"start":{"line":232,"column":12},"end":{"line":232,"column":37}},"99":{"start":{"line":235,"column":12},"end":{"line":235,"column":70}},"100":{"start":{"line":241,"column":25},"end":{"line":241,"column":57}},"101":{"start":{"line":242,"column":8},"end":{"line":242,"column":30}},"102":{"start":{"line":242,"column":23},"end":{"line":242,"column":30}},"103":{"start":{"line":244,"column":26},"end":{"line":246,"column":9}},"104":{"start":{"line":248,"column":8},"end":{"line":248,"column":31}},"105":{"start":{"line":248,"column":24},"end":{"line":248,"column":31}},"106":{"start":{"line":250,"column":8},"end":{"line":265,"column":9}},"107":{"start":{"line":251,"column":12},"end":{"line":251,"column":44}},"108":{"start":{"line":252,"column":12},"end":{"line":252,"column":90}},"109":{"start":{"line":255,"column":12},"end":{"line":255,"column":36}},"110":{"start":{"line":256,"column":12},"end":{"line":256,"column":41}},"111":{"start":{"line":259,"column":12},"end":{"line":261,"column":13}},"112":{"start":{"line":260,"column":16},"end":{"line":260,"column":59}},"113":{"start":{"line":264,"column":12},"end":{"line":264,"column":70}},"114":{"start":{"line":271,"column":30},"end":{"line":271,"column":70}},"115":{"start":{"line":272,"column":29},"end":{"line":272,"column":68}},"116":{"start":{"line":273,"column":36},"end":{"line":273,"column":82}},"117":{"start":{"line":275,"column":8},"end":{"line":277,"column":9}},"118":{"start":{"line":276,"column":12},"end":{"line":276,"column":90}},"119":{"start":{"line":276,"column":64},"end":{"line":276,"column":88}},"120":{"start":{"line":279,"column":8},"end":{"line":281,"column":9}},"121":{"start":{"line":280,"column":12},"end":{"line":280,"column":89}},"122":{"start":{"line":280,"column":59},"end":{"line":280,"column":87}},"123":{"start":{"line":284,"column":8},"end":{"line":296,"column":9}},"124":{"start":{"line":285,"column":33},"end":{"line":285,"column":92}},"125":{"start":{"line":286,"column":12},"end":{"line":288,"column":15}},"126":{"start":{"line":287,"column":16},"end":{"line":287,"column":81}},"127":{"start":{"line":287,"column":55},"end":{"line":287,"column":79}},"128":{"start":{"line":291,"column":12},"end":{"line":295,"column":15}},"129":{"start":{"line":292,"column":16},"end":{"line":294,"column":17}},"130":{"start":{"line":293,"column":20},"end":{"line":293,"column":45}},"131":{"start":{"line":299,"column":8},"end":{"line":299,"column":34}},"132":{"start":{"line":305,"column":8},"end":{"line":313,"column":11}},"133":{"start":{"line":306,"column":12},"end":{"line":312,"column":15}},"134":{"start":{"line":307,"column":35},"end":{"line":307,"column":54}},"135":{"start":{"line":308,"column":33},"end":{"line":308,"column":65}},"136":{"start":{"line":309,"column":16},"end":{"line":311,"column":17}},"137":{"start":{"line":310,"column":20},"end":{"line":310,"column":53}},"138":{"start":{"line":316,"column":8},"end":{"line":321,"column":11}},"139":{"start":{"line":317,"column":12},"end":{"line":320,"column":15}},"140":{"start":{"line":318,"column":35},"end":{"line":318,"column":54}},"141":{"start":{"line":319,"column":16},"end":{"line":319,"column":54}},"142":{"start":{"line":326,"column":8},"end":{"line":326,"column":32}},"143":{"start":{"line":327,"column":8},"end":{"line":327,"column":37}},"144":{"start":{"line":332,"column":24},"end":{"line":332,"column":45}},"145":{"start":{"line":335,"column":0},"end":{"line":335,"column":41}}},"fnMap":{"0":{"name":"(anonymous_0)","decl":{"start":{"line":6,"column":4},"end":{"line":6,"column":5}},"loc":{"start":{"line":6,"column":18},"end":{"line":10,"column":5}},"line":6},"1":{"name":"(anonymous_1)","decl":{"start":{"line":13,"column":4},"end":{"line":13,"column":5}},"loc":{"start":{"line":13,"column":21},"end":{"line":15,"column":5}},"line":13},"2":{"name":"(anonymous_2)","decl":{"start":{"line":18,"column":4},"end":{"line":18,"column":5}},"loc":{"start":{"line":18,"column":21},"end":{"line":20,"column":5}},"line":18},"3":{"name":"(anonymous_3)","decl":{"start":{"line":23,"column":4},"end":{"line":23,"column":5}},"loc":{"start":{"line":23,"column":20},"end":{"line":25,"column":5}},"line":23},"4":{"name":"(anonymous_4)","decl":{"start":{"line":28,"column":4},"end":{"line":28,"column":5}},"loc":{"start":{"line":28,"column":24},"end":{"line":30,"column":5}},"line":28},"5":{"name":"(anonymous_5)","decl":{"start":{"line":29,"column":36},"end":{"line":29,"column":37}},"loc":{"start":{"line":29,"column":48},"end":{"line":29,"column":66}},"line":29},"6":{"name":"(anonymous_6)","decl":{"start":{"line":33,"column":4},"end":{"line":33,"column":5}},"loc":{"start":{"line":33,"column":30},"end":{"line":49,"column":5}},"line":33},"7":{"name":"(anonymous_7)","decl":{"start":{"line":42,"column":33},"end":{"line":42,"column":34}},"loc":{"start":{"line":42,"column":40},"end":{"line":42,"column":94}},"line":42},"8":{"name":"(anonymous_8)","decl":{"start":{"line":52,"column":4},"end":{"line":52,"column":5}},"loc":{"start":{"line":52,"column":37},"end":{"line":72,"column":5}},"line":52},"9":{"name":"(anonymous_9)","decl":{"start":{"line":53,"column":48},"end":{"line":53,"column":49}},"loc":{"start":{"line":53,"column":60},"end":{"line":53,"column":78}},"line":53},"10":{"name":"(anonymous_10)","decl":{"start":{"line":65,"column":33},"end":{"line":65,"column":34}},"loc":{"start":{"line":65,"column":40},"end":{"line":65,"column":118}},"line":65},"11":{"name":"(anonymous_11)","decl":{"start":{"line":75,"column":4},"end":{"line":75,"column":5}},"loc":{"start":{"line":75,"column":23},"end":{"line":92,"column":5}},"line":75},"12":{"name":"(anonymous_12)","decl":{"start":{"line":76,"column":48},"end":{"line":76,"column":49}},"loc":{"start":{"line":76,"column":60},"end":{"line":76,"column":78}},"line":76},"13":{"name":"(anonymous_13)","decl":{"start":{"line":83,"column":48},"end":{"line":83,"column":49}},"loc":{"start":{"line":83,"column":56},"end":{"line":83,"column":78}},"line":83},"14":{"name":"(anonymous_14)","decl":{"start":{"line":95,"column":4},"end":{"line":95,"column":5}},"loc":{"start":{"line":95,"column":24},"end":{"line":98,"column":5}},"line":95},"15":{"name":"(anonymous_15)","decl":{"start":{"line":101,"column":4},"end":{"line":101,"column":5}},"loc":{"start":{"line":101,"column":25},"end":{"line":104,"column":5}},"line":101},"16":{"name":"(anonymous_16)","decl":{"start":{"line":107,"column":4},"end":{"line":107,"column":5}},"loc":{"start":{"line":107,"column":23},"end":{"line":131,"column":5}},"line":107},"17":{"name":"(anonymous_17)","decl":{"start":{"line":113,"column":32},"end":{"line":113,"column":33}},"loc":{"start":{"line":113,"column":44},"end":{"line":127,"column":9}},"line":113},"18":{"name":"(anonymous_18)","decl":{"start":{"line":134,"column":4},"end":{"line":134,"column":5}},"loc":{"start":{"line":134,"column":41},"end":{"line":145,"column":5}},"line":134},"19":{"name":"(anonymous_19)","decl":{"start":{"line":139,"column":32},"end":{"line":139,"column":33}},"loc":{"start":{"line":139,"column":44},"end":{"line":144,"column":9}},"line":139},"20":{"name":"(anonymous_20)","decl":{"start":{"line":148,"column":4},"end":{"line":148,"column":5}},"loc":{"start":{"line":148,"column":28},"end":{"line":166,"column":5}},"line":148},"21":{"name":"(anonymous_21)","decl":{"start":{"line":154,"column":32},"end":{"line":154,"column":33}},"loc":{"start":{"line":154,"column":44},"end":{"line":165,"column":9}},"line":154},"22":{"name":"(anonymous_22)","decl":{"start":{"line":169,"column":4},"end":{"line":169,"column":5}},"loc":{"start":{"line":169,"column":39},"end":{"line":192,"column":5}},"line":169},"23":{"name":"(anonymous_23)","decl":{"start":{"line":195,"column":4},"end":{"line":195,"column":5}},"loc":{"start":{"line":195,"column":24},"end":{"line":200,"column":5}},"line":195},"24":{"name":"(anonymous_24)","decl":{"start":{"line":203,"column":4},"end":{"line":203,"column":5}},"loc":{"start":{"line":203,"column":32},"end":{"line":237,"column":5}},"line":203},"25":{"name":"(anonymous_25)","decl":{"start":{"line":240,"column":4},"end":{"line":240,"column":5}},"loc":{"start":{"line":240,"column":43},"end":{"line":266,"column":5}},"line":240},"26":{"name":"(anonymous_26)","decl":{"start":{"line":269,"column":4},"end":{"line":269,"column":5}},"loc":{"start":{"line":269,"column":17},"end":{"line":300,"column":5}},"line":269},"27":{"name":"(anonymous_27)","decl":{"start":{"line":276,"column":58},"end":{"line":276,"column":59}},"loc":{"start":{"line":276,"column":64},"end":{"line":276,"column":88}},"line":276},"28":{"name":"(anonymous_28)","decl":{"start":{"line":280,"column":52},"end":{"line":280,"column":53}},"loc":{"start":{"line":280,"column":59},"end":{"line":280,"column":87}},"line":280},"29":{"name":"(anonymous_29)","decl":{"start":{"line":286,"column":33},"end":{"line":286,"column":34}},"loc":{"start":{"line":286,"column":43},"end":{"line":288,"column":13}},"line":286},"30":{"name":"(anonymous_30)","decl":{"start":{"line":287,"column":49},"end":{"line":287,"column":50}},"loc":{"start":{"line":287,"column":55},"end":{"line":287,"column":79}},"line":287},"31":{"name":"(anonymous_31)","decl":{"start":{"line":291,"column":52},"end":{"line":291,"column":53}},"loc":{"start":{"line":291,"column":59},"end":{"line":295,"column":13}},"line":291},"32":{"name":"(anonymous_32)","decl":{"start":{"line":303,"column":4},"end":{"line":303,"column":5}},"loc":{"start":{"line":303,"column":25},"end":{"line":322,"column":5}},"line":303},"33":{"name":"(anonymous_33)","decl":{"start":{"line":305,"column":64},"end":{"line":305,"column":65}},"loc":{"start":{"line":305,"column":74},"end":{"line":313,"column":9}},"line":305},"34":{"name":"(anonymous_34)","decl":{"start":{"line":306,"column":45},"end":{"line":306,"column":46}},"loc":{"start":{"line":306,"column":52},"end":{"line":312,"column":13}},"line":306},"35":{"name":"(anonymous_35)","decl":{"start":{"line":316,"column":66},"end":{"line":316,"column":67}},"loc":{"start":{"line":316,"column":76},"end":{"line":321,"column":9}},"line":316},"36":{"name":"(anonymous_36)","decl":{"start":{"line":317,"column":45},"end":{"line":317,"column":46}},"loc":{"start":{"line":317,"column":52},"end":{"line":320,"column":13}},"line":317},"37":{"name":"(anonymous_37)","decl":{"start":{"line":325,"column":4},"end":{"line":325,"column":5}},"loc":{"start":{"line":325,"column":11},"end":{"line":328,"column":5}},"line":325}},"branchMap":{"0":{"loc":{"start":{"line":37,"column":19},"end":{"line":37,"column":50}},"type":"binary-expr","locations":[{"start":{"line":37,"column":19},"end":{"line":37,"column":37}},{"start":{"line":37,"column":41},"end":{"line":37,"column":50}}],"line":37},"1":{"loc":{"start":{"line":42,"column":8},"end":{"line":44,"column":9}},"type":"if","locations":[{"start":{"line":42,"column":8},"end":{"line":44,"column":9}},{"start":{},"end":{}}],"line":42},"2":{"loc":{"start":{"line":54,"column":8},"end":{"line":56,"column":9}},"type":"if","locations":[{"start":{"line":54,"column":8},"end":{"line":56,"column":9}},{"start":{},"end":{}}],"line":54},"3":{"loc":{"start":{"line":61,"column":19},"end":{"line":61,"column":69}},"type":"binary-expr","locations":[{"start":{"line":61,"column":19},"end":{"line":61,"column":37}},{"start":{"line":61,"column":41},"end":{"line":61,"column":69}}],"line":61},"4":{"loc":{"start":{"line":65,"column":8},"end":{"line":67,"column":9}},"type":"if","locations":[{"start":{"line":65,"column":8},"end":{"line":67,"column":9}},{"start":{},"end":{}}],"line":65},"5":{"loc":{"start":{"line":65,"column":40},"end":{"line":65,"column":118}},"type":"binary-expr","locations":[{"start":{"line":65,"column":40},"end":{"line":65,"column":53}},{"start":{"line":65,"column":57},"end":{"line":65,"column":118}}],"line":65},"6":{"loc":{"start":{"line":77,"column":8},"end":{"line":79,"column":9}},"type":"if","locations":[{"start":{"line":77,"column":8},"end":{"line":79,"column":9}},{"start":{},"end":{}}],"line":77},"7":{"loc":{"start":{"line":85,"column":8},"end":{"line":87,"column":9}},"type":"if","locations":[{"start":{"line":85,"column":8},"end":{"line":87,"column":9}},{"start":{},"end":{}}],"line":85},"8":{"loc":{"start":{"line":97,"column":15},"end":{"line":97,"column":60}},"type":"cond-expr","locations":[{"start":{"line":97,"column":26},"end":{"line":97,"column":39}},{"start":{"line":97,"column":42},"end":{"line":97,"column":60}}],"line":97},"9":{"loc":{"start":{"line":103,"column":15},"end":{"line":103,"column":52}},"type":"cond-expr","locations":[{"start":{"line":103,"column":26},"end":{"line":103,"column":40}},{"start":{"line":103,"column":43},"end":{"line":103,"column":52}}],"line":103},"10":{"loc":{"start":{"line":109,"column":8},"end":{"line":109,"column":36}},"type":"if","locations":[{"start":{"line":109,"column":8},"end":{"line":109,"column":36}},{"start":{},"end":{}}],"line":109},"11":{"loc":{"start":{"line":135,"column":8},"end":{"line":135,"column":35}},"type":"if","locations":[{"start":{"line":135,"column":8},"end":{"line":135,"column":35}},{"start":{},"end":{}}],"line":135},"12":{"loc":{"start":{"line":150,"column":8},"end":{"line":150,"column":37}},"type":"if","locations":[{"start":{"line":150,"column":8},"end":{"line":150,"column":37}},{"start":{},"end":{}}],"line":150},"13":{"loc":{"start":{"line":169,"column":22},"end":{"line":169,"column":37}},"type":"default-arg","locations":[{"start":{"line":169,"column":33},"end":{"line":169,"column":37}}],"line":169},"14":{"loc":{"start":{"line":174,"column":8},"end":{"line":174,"column":46}},"type":"if","locations":[{"start":{"line":174,"column":8},"end":{"line":174,"column":46}},{"start":{},"end":{}}],"line":174},"15":{"loc":{"start":{"line":174,"column":12},"end":{"line":174,"column":37}},"type":"binary-expr","locations":[{"start":{"line":174,"column":12},"end":{"line":174,"column":18}},{"start":{"line":174,"column":22},"end":{"line":174,"column":27}},{"start":{"line":174,"column":31},"end":{"line":174,"column":37}}],"line":174},"16":{"loc":{"start":{"line":179,"column":8},"end":{"line":186,"column":9}},"type":"if","locations":[{"start":{"line":179,"column":8},"end":{"line":186,"column":9}},{"start":{"line":183,"column":15},"end":{"line":186,"column":9}}],"line":179},"17":{"loc":{"start":{"line":189,"column":33},"end":{"line":189,"column":60}},"type":"cond-expr","locations":[{"start":{"line":189,"column":44},"end":{"line":189,"column":55}},{"start":{"line":189,"column":58},"end":{"line":189,"column":60}}],"line":189},"18":{"loc":{"start":{"line":197,"column":8},"end":{"line":199,"column":9}},"type":"if","locations":[{"start":{"line":197,"column":8},"end":{"line":199,"column":9}},{"start":{},"end":{}}],"line":197},"19":{"loc":{"start":{"line":213,"column":12},"end":{"line":221,"column":13}},"type":"if","locations":[{"start":{"line":213,"column":12},"end":{"line":221,"column":13}},{"start":{"line":217,"column":19},"end":{"line":221,"column":13}}],"line":213},"20":{"loc":{"start":{"line":228,"column":12},"end":{"line":230,"column":13}},"type":"if","locations":[{"start":{"line":228,"column":12},"end":{"line":230,"column":13}},{"start":{},"end":{}}],"line":228},"21":{"loc":{"start":{"line":242,"column":8},"end":{"line":242,"column":30}},"type":"if","locations":[{"start":{"line":242,"column":8},"end":{"line":242,"column":30}},{"start":{},"end":{}}],"line":242},"22":{"loc":{"start":{"line":248,"column":8},"end":{"line":248,"column":31}},"type":"if","locations":[{"start":{"line":248,"column":8},"end":{"line":248,"column":31}},{"start":{},"end":{}}],"line":248},"23":{"loc":{"start":{"line":259,"column":12},"end":{"line":261,"column":13}},"type":"if","locations":[{"start":{"line":259,"column":12},"end":{"line":261,"column":13}},{"start":{},"end":{}}],"line":259},"24":{"loc":{"start":{"line":275,"column":8},"end":{"line":277,"column":9}},"type":"if","locations":[{"start":{"line":275,"column":8},"end":{"line":277,"column":9}},{"start":{},"end":{}}],"line":275},"25":{"loc":{"start":{"line":279,"column":8},"end":{"line":281,"column":9}},"type":"if","locations":[{"start":{"line":279,"column":8},"end":{"line":281,"column":9}},{"start":{},"end":{}}],"line":279},"26":{"loc":{"start":{"line":284,"column":8},"end":{"line":296,"column":9}},"type":"if","locations":[{"start":{"line":284,"column":8},"end":{"line":296,"column":9}},{"start":{},"end":{}}],"line":284},"27":{"loc":{"start":{"line":292,"column":16},"end":{"line":294,"column":17}},"type":"if","locations":[{"start":{"line":292,"column":16},"end":{"line":294,"column":17}},{"start":{},"end":{}}],"line":292},"28":{"loc":{"start":{"line":309,"column":16},"end":{"line":311,"column":17}},"type":"if","locations":[{"start":{"line":309,"column":16},"end":{"line":311,"column":17}},{"start":{},"end":{}}],"line":309}},"s":{"0":0,"1":0,"2":0,"3":0,"4":0,"5":0,"6":0,"7":0,"8":0,"9":0,"10":0,"11":0,"12":0,"13":0,"14":0,"15":0,"16":0,"17":0,"18":0,"19":0,"20":0,"21":0,"22":0,"23":0,"24":0,"25":0,"26":0,"27":0,"28":0,"29":0,"30":0,"31":0,"32":0,"33":0,"34":0,"35":0,"36":0,"37":0,"38":0,"39":0,"40":0,"41":0,"42":0,"43":0,"44":0,"45":0,"46":0,"47":0,"48":0,"49":0,"50":0,"51":0,"52":0,"53":0,"54":0,"55":0,"56":0,"57":0,"58":0,"59":0,"60":0,"61":0,"62":0,"63":0,"64":0,"65":0,"66":0,"67":0,"68":0,"69":0,"70":0,"71":0,"72":0,"73":0,"74":0,"75":0,"76":0,"77":0,"78":0,"79":0,"80":0,"81":0,"82":0,"83":0,"84":0,"85":0,"86":0,"87":0,"88":0,"89":0,"90":0,"91":0,"92":0,"93":0,"94":0,"95":0,"96":0,"97":0,"98":0,"99":0,"100":0,"101":0,"102":0,"103":0,"104":0,"105":0,"106":0,"107":0,"108":0,"109":0,"110":0,"111":0,"112":0,"113":0,"114":0,"115":0,"116":0,"117":0,"118":0,"119":0,"120":0,"121":0,"122":0,"123":0,"124":0,"125":0,"126":0,"127":0,"128":0,"129":0,"130":0,"131":0,"132":0,"133":0,"134":0,"135":0,"136":0,"137":0,"138":0,"139":0,"140":0,"141":0,"142":0,"143":0,"144":0,"145":0},"f":{"0":0,"1":0,"2":0,"3":0,"4":0,"5":0,"6":0,"7":0,"8":0,"9":0,"10":0,"11":0,"12":0,"13":0,"14":0,"15":0,"16":0,"17":0,"18":0,"19":0,"20":0,"21":0,"22":0,"23":0,"24":0,"25":0,"26":0,"27":0,"28":0,"29":0,"30":0,"31":0,"32":0,"33":0,"34":0,"35":0,"36":0,"37":0},"b":{"0":[0,0],"1":[0,0],"2":[0,0],"3":[0,0],"4":[0,0],"5":[0,0],"6":[0,0],"7":[0,0],"8":[0,0],"9":[0,0],"10":[0,0],"11":[0,0],"12":[0,0],"13":[0],"14":[0,0],"15":[0,0,0],"16":[0,0],"17":[0,0],"18":[0,0],"19":[0,0],"20":[0,0],"21":[0,0],"22":[0,0],"23":[0,0],"24":[0,0],"25":[0,0],"26":[0,0],"27":[0,0],"28":[0,0]}}
,"/home/elon/Documents/projet tests et auto tests/js/dateUtils.js": {"path":"/home/elon/Documents/projet tests et auto tests/js/dateUtils.js","statementMap":{"0":{"start":{"line":7,"column":29},"end":{"line":7,"column":48}},"1":{"start":{"line":18,"column":2},"end":{"line":18,"column":54}},"2":{"start":{"line":18,"column":41},"end":{"line":18,"column":54}},"3":{"start":{"line":20,"column":16},"end":{"line":20,"column":41}},"4":{"start":{"line":21,"column":18},"end":{"line":21,"column":56}},"5":{"start":{"line":23,"column":2},"end":{"line":23,"column":25}},"6":{"start":{"line":32,"column":2},"end":{"line":32,"column":54}},"7":{"start":{"line":32,"column":41},"end":{"line":32,"column":54}},"8":{"start":{"line":34,"column":22},"end":{"line":34,"column":60}},"9":{"start":{"line":35,"column":2},"end":{"line":35,"column":39}},"10":{"start":{"line":44,"column":2},"end":{"line":44,"column":54}},"11":{"start":{"line":44,"column":41},"end":{"line":44,"column":54}},"12":{"start":{"line":46,"column":16},"end":{"line":46,"column":41}},"13":{"start":{"line":47,"column":20},"end":{"line":47,"column":35}},"14":{"start":{"line":48,"column":2},"end":{"line":48,"column":60}},"15":{"start":{"line":50,"column":18},"end":{"line":50,"column":56}},"16":{"start":{"line":52,"column":2},"end":{"line":52,"column":50}},"17":{"start":{"line":64,"column":2},"end":{"line":64,"column":53}},"18":{"start":{"line":64,"column":41},"end":{"line":64,"column":53}},"19":{"start":{"line":66,"column":16},"end":{"line":66,"column":41}},"20":{"start":{"line":67,"column":18},"end":{"line":67,"column":56}},"21":{"start":{"line":69,"column":19},"end":{"line":69,"column":54}},"22":{"start":{"line":70,"column":2},"end":{"line":70,"column":52}},"23":{"start":{"line":83,"column":2},"end":{"line":85,"column":3}},"24":{"start":{"line":84,"column":4},"end":{"line":84,"column":58}},"25":{"start":{"line":87,"column":18},"end":{"line":87,"column":56}},"26":{"start":{"line":88,"column":16},"end":{"line":88,"column":41}},"27":{"start":{"line":89,"column":19},"end":{"line":89,"column":34}},"28":{"start":{"line":90,"column":2},"end":{"line":90,"column":40}},"29":{"start":{"line":92,"column":2},"end":{"line":104,"column":3}},"30":{"start":{"line":93,"column":4},"end":{"line":93,"column":21}},"31":{"start":{"line":94,"column":9},"end":{"line":104,"column":3}},"32":{"start":{"line":95,"column":4},"end":{"line":95,"column":23}},"33":{"start":{"line":96,"column":9},"end":{"line":104,"column":3}},"34":{"start":{"line":97,"column":4},"end":{"line":97,"column":26}},"35":{"start":{"line":99,"column":4},"end":{"line":103,"column":9}},"36":{"start":{"line":117,"column":2},"end":{"line":117,"column":58}},"37":{"start":{"line":117,"column":41},"end":{"line":117,"column":58}},"38":{"start":{"line":119,"column":18},"end":{"line":119,"column":56}},"39":{"start":{"line":120,"column":16},"end":{"line":120,"column":41}},"40":{"start":{"line":121,"column":19},"end":{"line":121,"column":34}},"41":{"start":{"line":122,"column":2},"end":{"line":122,"column":40}},"42":{"start":{"line":124,"column":2},"end":{"line":134,"column":3}},"43":{"start":{"line":125,"column":4},"end":{"line":125,"column":21}},"44":{"start":{"line":126,"column":9},"end":{"line":134,"column":3}},"45":{"start":{"line":127,"column":4},"end":{"line":127,"column":23}},"46":{"start":{"line":128,"column":9},"end":{"line":134,"column":3}},"47":{"start":{"line":129,"column":4},"end":{"line":129,"column":26}},"48":{"start":{"line":130,"column":9},"end":{"line":134,"column":3}},"49":{"start":{"line":131,"column":4},"end":{"line":131,"column":27}},"50":{"start":{"line":133,"column":4},"end":{"line":133,"column":24}},"51":{"start":{"line":144,"column":2},"end":{"line":144,"column":66}},"52":{"start":{"line":144,"column":53},"end":{"line":144,"column":66}},"53":{"start":{"line":146,"column":15},"end":{"line":146,"column":35}},"54":{"start":{"line":147,"column":2},"end":{"line":147,"column":75}},"55":{"start":{"line":157,"column":21},"end":{"line":157,"column":35}},"56":{"start":{"line":158,"column":2},"end":{"line":158,"column":34}},"57":{"start":{"line":159,"column":2},"end":{"line":159,"column":20}},"58":{"start":{"line":162,"column":0},"end":{"line":169,"column":2}}},"fnMap":{"0":{"name":"isOverdue","decl":{"start":{"line":17,"column":9},"end":{"line":17,"column":18}},"loc":{"start":{"line":17,"column":34},"end":{"line":24,"column":1}},"line":17},"1":{"name":"isDueToday","decl":{"start":{"line":31,"column":9},"end":{"line":31,"column":19}},"loc":{"start":{"line":31,"column":35},"end":{"line":36,"column":1}},"line":31},"2":{"name":"isDueThisWeek","decl":{"start":{"line":43,"column":9},"end":{"line":43,"column":22}},"loc":{"start":{"line":43,"column":38},"end":{"line":53,"column":1}},"line":43},"3":{"name":"daysUntilDue","decl":{"start":{"line":63,"column":9},"end":{"line":63,"column":21}},"loc":{"start":{"line":63,"column":37},"end":{"line":71,"column":1}},"line":63},"4":{"name":"formatDueDate","decl":{"start":{"line":82,"column":9},"end":{"line":82,"column":22}},"loc":{"start":{"line":82,"column":38},"end":{"line":105,"column":1}},"line":82},"5":{"name":"getDueDateStatus","decl":{"start":{"line":116,"column":9},"end":{"line":116,"column":25}},"loc":{"start":{"line":116,"column":41},"end":{"line":135,"column":1}},"line":116},"6":{"name":"isValidDateString","decl":{"start":{"line":143,"column":9},"end":{"line":143,"column":26}},"loc":{"start":{"line":143,"column":39},"end":{"line":148,"column":1}},"line":143},"7":{"name":"getStartOfDay","decl":{"start":{"line":156,"column":9},"end":{"line":156,"column":22}},"loc":{"start":{"line":156,"column":29},"end":{"line":160,"column":1}},"line":156}},"branchMap":{"0":{"loc":{"start":{"line":18,"column":2},"end":{"line":18,"column":54}},"type":"if","locations":[{"start":{"line":18,"column":2},"end":{"line":18,"column":54}},{"start":{},"end":{}}],"line":18},"1":{"loc":{"start":{"line":32,"column":2},"end":{"line":32,"column":54}},"type":"if","locations":[{"start":{"line":32,"column":2},"end":{"line":32,"column":54}},{"start":{},"end":{}}],"line":32},"2":{"loc":{"start":{"line":44,"column":2},"end":{"line":44,"column":54}},"type":"if","locations":[{"start":{"line":44,"column":2},"end":{"line":44,"column":54}},{"start":{},"end":{}}],"line":44},"3":{"loc":{"start":{"line":52,"column":9},"end":{"line":52,"column":49}},"type":"binary-expr","locations":[{"start":{"line":52,"column":9},"end":{"line":52,"column":25}},{"start":{"line":52,"column":29},"end":{"line":52,"column":49}}],"line":52},"4":{"loc":{"start":{"line":64,"column":2},"end":{"line":64,"column":53}},"type":"if","locations":[{"start":{"line":64,"column":2},"end":{"line":64,"column":53}},{"start":{},"end":{}}],"line":64},"5":{"loc":{"start":{"line":83,"column":2},"end":{"line":85,"column":3}},"type":"if","locations":[{"start":{"line":83,"column":2},"end":{"line":85,"column":3}},{"start":{},"end":{}}],"line":83},"6":{"loc":{"start":{"line":84,"column":11},"end":{"line":84,"column":57}},"type":"cond-expr","locations":[{"start":{"line":84,"column":27},"end":{"line":84,"column":41}},{"start":{"line":84,"column":44},"end":{"line":84,"column":57}}],"line":84},"7":{"loc":{"start":{"line":92,"column":2},"end":{"line":104,"column":3}},"type":"if","locations":[{"start":{"line":92,"column":2},"end":{"line":104,"column":3}},{"start":{"line":94,"column":9},"end":{"line":104,"column":3}}],"line":92},"8":{"loc":{"start":{"line":94,"column":9},"end":{"line":104,"column":3}},"type":"if","locations":[{"start":{"line":94,"column":9},"end":{"line":104,"column":3}},{"start":{"line":96,"column":9},"end":{"line":104,"column":3}}],"line":94},"9":{"loc":{"start":{"line":96,"column":9},"end":{"line":104,"column":3}},"type":"if","locations":[{"start":{"line":96,"column":9},"end":{"line":104,"column":3}},{"start":{"line":98,"column":9},"end":{"line":104,"column":3}}],"line":96},"10":{"loc":{"start":{"line":117,"column":2},"end":{"line":117,"column":58}},"type":"if","locations":[{"start":{"line":117,"column":2},"end":{"line":117,"column":58}},{"start":{},"end":{}}],"line":117},"11":{"loc":{"start":{"line":124,"column":2},"end":{"line":134,"column":3}},"type":"if","locations":[{"start":{"line":124,"column":2},"end":{"line":134,"column":3}},{"start":{"line":126,"column":9},"end":{"line":134,"column":3}}],"line":124},"12":{"loc":{"start":{"line":126,"column":9},"end":{"line":134,"column":3}},"type":"if","locations":[{"start":{"line":126,"column":9},"end":{"line":134,"column":3}},{"start":{"line":128,"column":9},"end":{"line":134,"column":3}}],"line":126},"13":{"loc":{"start":{"line":128,"column":9},"end":{"line":134,"column":3}},"type":"if","locations":[{"start":{"line":128,"column":9},"end":{"line":134,"column":3}},{"start":{"line":130,"column":9},"end":{"line":134,"column":3}}],"line":128},"14":{"loc":{"start":{"line":130,"column":9},"end":{"line":134,"column":3}},"type":"if","locations":[{"start":{"line":130,"column":9},"end":{"line":134,"column":3}},{"start":{"line":132,"column":9},"end":{"line":134,"column":3}}],"line":130},"15":{"loc":{"start":{"line":144,"column":2},"end":{"line":144,"column":66}},"type":"if","locations":[{"start":{"line":144,"column":2},"end":{"line":144,"column":66}},{"start":{},"end":{}}],"line":144},"16":{"loc":{"start":{"line":144,"column":6},"end":{"line":144,"column":51}},"type":"binary-expr","locations":[{"start":{"line":144,"column":6},"end":{"line":144,"column":17}},{"start":{"line":144,"column":21},"end":{"line":144,"column":51}}],"line":144},"17":{"loc":{"start":{"line":147,"column":9},"end":{"line":147,"column":74}},"type":"binary-expr","locations":[{"start":{"line":147,"column":9},"end":{"line":147,"column":31}},{"start":{"line":147,"column":35},"end":{"line":147,"column":74}}],"line":147}},"s":{"0":1,"1":10,"2":5,"3":5,"4":5,"5":5,"6":6,"7":2,"8":4,"9":4,"10":10,"11":2,"12":8,"13":8,"14":8,"15":8,"16":8,"17":8,"18":3,"19":5,"20":5,"21":5,"22":5,"23":7,"24":2,"25":5,"26":5,"27":5,"28":5,"29":5,"30":1,"31":4,"32":1,"33":3,"34":1,"35":2,"36":7,"37":2,"38":5,"39":5,"40":5,"41":5,"42":5,"43":1,"44":4,"45":1,"46":3,"47":1,"48":2,"49":1,"50":1,"51":48,"52":12,"53":36,"54":36,"55":56,"56":56,"57":56,"58":1},"f":{"0":10,"1":6,"2":10,"3":8,"4":7,"5":7,"6":48,"7":56},"b":{"0":[5,5],"1":[2,4],"2":[2,8],"3":[8,7],"4":[3,5],"5":[2,5],"6":[1,1],"7":[1,4],"8":[1,3],"9":[1,2],"10":[2,5],"11":[1,4],"12":[1,3],"13":[1,2],"14":[1,1],"15":[12,36],"16":[48,36],"17":[36,32]},"_coverageSchema":"1a1c01bbd47fc00a2c39e90264f33305004495a9","hash":"941c2f565ba91e79c2bd1fd166aafd9f51e569cd"}
,"/home/elon/Documents/projet tests et auto tests/js/filters.js": {"path":"/home/elon/Documents/projet tests et auto tests/js/filters.js","statementMap":{"0":{"start":{"line":7,"column":8},"end":{"line":7,"column":26}},"1":{"start":{"line":8,"column":8},"end":{"line":8,"column":33}},"2":{"start":{"line":14,"column":28},"end":{"line":14,"column":66}},"3":{"start":{"line":15,"column":31},"end":{"line":15,"column":69}},"4":{"start":{"line":17,"column":8},"end":{"line":26,"column":9}},"5":{"start":{"line":19,"column":36},"end":{"line":21,"column":19}},"6":{"start":{"line":20,"column":16},"end":{"line":20,"column":58}},"7":{"start":{"line":23,"column":12},"end":{"line":25,"column":15}},"8":{"start":{"line":24,"column":16},"end":{"line":24,"column":48}},"9":{"start":{"line":28,"column":8},"end":{"line":36,"column":9}},"10":{"start":{"line":29,"column":12},"end":{"line":35,"column":15}},"11":{"start":{"line":30,"column":16},"end":{"line":33,"column":17}},"12":{"start":{"line":31,"column":20},"end":{"line":31,"column":43}},"13":{"start":{"line":32,"column":20},"end":{"line":32,"column":40}},"14":{"start":{"line":34,"column":16},"end":{"line":34,"column":55}},"15":{"start":{"line":39,"column":8},"end":{"line":41,"column":11}},"16":{"start":{"line":40,"column":12},"end":{"line":40,"column":65}},"17":{"start":{"line":44,"column":8},"end":{"line":46,"column":11}},"18":{"start":{"line":45,"column":12},"end":{"line":45,"column":65}},"19":{"start":{"line":49,"column":8},"end":{"line":51,"column":11}},"20":{"start":{"line":50,"column":12},"end":{"line":50,"column":63}},"21":{"start":{"line":54,"column":8},"end":{"line":54,"column":31}},"22":{"start":{"line":57,"column":32},"end":{"line":57,"column":71}},"23":{"start":{"line":58,"column":8},"end":{"line":62,"column":9}},"24":{"start":{"line":59,"column":12},"end":{"line":61,"column":15}},"25":{"start":{"line":60,"column":16},"end":{"line":60,"column":50}},"26":{"start":{"line":65,"column":27},"end":{"line":65,"column":64}},"27":{"start":{"line":66,"column":8},"end":{"line":70,"column":9}},"28":{"start":{"line":67,"column":12},"end":{"line":69,"column":15}},"29":{"start":{"line":68,"column":16},"end":{"line":68,"column":62}},"30":{"start":{"line":75,"column":8},"end":{"line":81,"column":11}},"31":{"start":{"line":76,"column":12},"end":{"line":80,"column":13}},"32":{"start":{"line":77,"column":37},"end":{"line":77,"column":85}},"33":{"start":{"line":78,"column":38},"end":{"line":78,"column":84}},"34":{"start":{"line":78,"column":74},"end":{"line":78,"column":83}},"35":{"start":{"line":79,"column":16},"end":{"line":79,"column":40}},"36":{"start":{"line":86,"column":30},"end":{"line":86,"column":70}},"37":{"start":{"line":87,"column":28},"end":{"line":87,"column":66}},"38":{"start":{"line":88,"column":27},"end":{"line":88,"column":64}},"39":{"start":{"line":90,"column":34},"end":{"line":97,"column":9}},"40":{"start":{"line":91,"column":28},"end":{"line":95,"column":13}},"41":{"start":{"line":96,"column":12},"end":{"line":96,"column":55}},"42":{"start":{"line":99,"column":8},"end":{"line":101,"column":9}},"43":{"start":{"line":100,"column":12},"end":{"line":100,"column":72}},"44":{"start":{"line":102,"column":8},"end":{"line":104,"column":9}},"45":{"start":{"line":103,"column":12},"end":{"line":103,"column":70}},"46":{"start":{"line":105,"column":8},"end":{"line":107,"column":9}},"47":{"start":{"line":106,"column":12},"end":{"line":106,"column":69}},"48":{"start":{"line":112,"column":25},"end":{"line":112,"column":64}},"49":{"start":{"line":113,"column":8},"end":{"line":118,"column":9}},"50":{"start":{"line":114,"column":31},"end":{"line":114,"column":68}},"51":{"start":{"line":115,"column":12},"end":{"line":117,"column":13}},"52":{"start":{"line":116,"column":16},"end":{"line":116,"column":51}},"53":{"start":{"line":123,"column":22},"end":{"line":123,"column":51}},"54":{"start":{"line":126,"column":8},"end":{"line":138,"column":11}},"55":{"start":{"line":127,"column":31},"end":{"line":127,"column":45}},"56":{"start":{"line":128,"column":26},"end":{"line":128,"column":85}},"57":{"start":{"line":128,"column":47},"end":{"line":128,"column":77}},"58":{"start":{"line":129,"column":26},"end":{"line":129,"column":60}},"59":{"start":{"line":130,"column":12},"end":{"line":137,"column":13}},"60":{"start":{"line":131,"column":34},"end":{"line":131,"column":104}},"61":{"start":{"line":132,"column":16},"end":{"line":132,"column":53}},"62":{"start":{"line":133,"column":16},"end":{"line":133,"column":54}},"63":{"start":{"line":134,"column":16},"end":{"line":136,"column":17}},"64":{"start":{"line":135,"column":20},"end":{"line":135,"column":49}},"65":{"start":{"line":141,"column":8},"end":{"line":155,"column":11}},"66":{"start":{"line":142,"column":26},"end":{"line":142,"column":81}},"67":{"start":{"line":142,"column":47},"end":{"line":142,"column":73}},"68":{"start":{"line":143,"column":29},"end":{"line":143,"column":92}},"69":{"start":{"line":144,"column":12},"end":{"line":154,"column":13}},"70":{"start":{"line":145,"column":30},"end":{"line":145,"column":64}},"71":{"start":{"line":146,"column":16},"end":{"line":153,"column":17}},"72":{"start":{"line":147,"column":38},"end":{"line":147,"column":108}},"73":{"start":{"line":148,"column":20},"end":{"line":148,"column":57}},"74":{"start":{"line":149,"column":20},"end":{"line":149,"column":58}},"75":{"start":{"line":150,"column":20},"end":{"line":152,"column":21}},"76":{"start":{"line":151,"column":24},"end":{"line":151,"column":53}},"77":{"start":{"line":158,"column":8},"end":{"line":172,"column":11}},"78":{"start":{"line":159,"column":26},"end":{"line":159,"column":77}},"79":{"start":{"line":159,"column":47},"end":{"line":159,"column":69}},"80":{"start":{"line":160,"column":29},"end":{"line":160,"column":88}},"81":{"start":{"line":161,"column":12},"end":{"line":171,"column":13}},"82":{"start":{"line":162,"column":30},"end":{"line":162,"column":64}},"83":{"start":{"line":163,"column":16},"end":{"line":170,"column":17}},"84":{"start":{"line":164,"column":38},"end":{"line":164,"column":108}},"85":{"start":{"line":165,"column":20},"end":{"line":165,"column":57}},"86":{"start":{"line":166,"column":20},"end":{"line":166,"column":58}},"87":{"start":{"line":167,"column":20},"end":{"line":169,"column":21}},"88":{"start":{"line":168,"column":24},"end":{"line":168,"column":53}},"89":{"start":{"line":177,"column":24},"end":{"line":185,"column":9}},"90":{"start":{"line":179,"column":100},"end":{"line":179,"column":108}},"91":{"start":{"line":180,"column":100},"end":{"line":180,"column":108}},"92":{"start":{"line":181,"column":96},"end":{"line":181,"column":104}},"93":{"start":{"line":187,"column":8},"end":{"line":187,"column":23}},"94":{"start":{"line":192,"column":24},"end":{"line":192,"column":54}},"95":{"start":{"line":193,"column":8},"end":{"line":201,"column":10}},"96":{"start":{"line":206,"column":32},"end":{"line":206,"column":71}},"97":{"start":{"line":207,"column":8},"end":{"line":209,"column":9}},"98":{"start":{"line":208,"column":12},"end":{"line":208,"column":87}},"99":{"start":{"line":215,"column":8},"end":{"line":215,"column":34}},"100":{"start":{"line":216,"column":8},"end":{"line":216,"column":44}},"101":{"start":{"line":219,"column":8},"end":{"line":221,"column":17}},"102":{"start":{"line":220,"column":12},"end":{"line":220,"column":38}},"103":{"start":{"line":226,"column":23},"end":{"line":226,"column":43}},"104":{"start":{"line":229,"column":0},"end":{"line":229,"column":39}}},"fnMap":{"0":{"name":"(anonymous_0)","decl":{"start":{"line":6,"column":4},"end":{"line":6,"column":5}},"loc":{"start":{"line":6,"column":18},"end":{"line":9,"column":5}},"line":6},"1":{"name":"(anonymous_1)","decl":{"start":{"line":12,"column":4},"end":{"line":12,"column":5}},"loc":{"start":{"line":12,"column":17},"end":{"line":71,"column":5}},"line":12},"2":{"name":"(anonymous_2)","decl":{"start":{"line":19,"column":69},"end":{"line":19,"column":70}},"loc":{"start":{"line":19,"column":80},"end":{"line":21,"column":13}},"line":19},"3":{"name":"(anonymous_3)","decl":{"start":{"line":23,"column":50},"end":{"line":23,"column":51}},"loc":{"start":{"line":23,"column":57},"end":{"line":25,"column":13}},"line":23},"4":{"name":"(anonymous_4)","decl":{"start":{"line":29,"column":53},"end":{"line":29,"column":54}},"loc":{"start":{"line":29,"column":59},"end":{"line":35,"column":13}},"line":29},"5":{"name":"(anonymous_5)","decl":{"start":{"line":39,"column":53},"end":{"line":39,"column":54}},"loc":{"start":{"line":39,"column":72},"end":{"line":41,"column":9}},"line":39},"6":{"name":"(anonymous_6)","decl":{"start":{"line":44,"column":53},"end":{"line":44,"column":54}},"loc":{"start":{"line":44,"column":72},"end":{"line":46,"column":9}},"line":44},"7":{"name":"(anonymous_7)","decl":{"start":{"line":49,"column":51},"end":{"line":49,"column":52}},"loc":{"start":{"line":49,"column":70},"end":{"line":51,"column":9}},"line":49},"8":{"name":"(anonymous_8)","decl":{"start":{"line":59,"column":54},"end":{"line":59,"column":55}},"loc":{"start":{"line":59,"column":60},"end":{"line":61,"column":13}},"line":59},"9":{"name":"(anonymous_9)","decl":{"start":{"line":67,"column":50},"end":{"line":67,"column":51}},"loc":{"start":{"line":67,"column":57},"end":{"line":69,"column":13}},"line":67},"10":{"name":"(anonymous_10)","decl":{"start":{"line":74,"column":4},"end":{"line":74,"column":5}},"loc":{"start":{"line":74,"column":44},"end":{"line":82,"column":5}},"line":74},"11":{"name":"(anonymous_11)","decl":{"start":{"line":75,"column":44},"end":{"line":75,"column":45}},"loc":{"start":{"line":75,"column":51},"end":{"line":81,"column":9}},"line":75},"12":{"name":"(anonymous_12)","decl":{"start":{"line":78,"column":67},"end":{"line":78,"column":68}},"loc":{"start":{"line":78,"column":74},"end":{"line":78,"column":83}},"line":78},"13":{"name":"(anonymous_13)","decl":{"start":{"line":85,"column":4},"end":{"line":85,"column":5}},"loc":{"start":{"line":85,"column":22},"end":{"line":108,"column":5}},"line":85},"14":{"name":"(anonymous_14)","decl":{"start":{"line":90,"column":34},"end":{"line":90,"column":35}},"loc":{"start":{"line":90,"column":40},"end":{"line":97,"column":9}},"line":90},"15":{"name":"(anonymous_15)","decl":{"start":{"line":111,"column":4},"end":{"line":111,"column":5}},"loc":{"start":{"line":111,"column":24},"end":{"line":119,"column":5}},"line":111},"16":{"name":"(anonymous_16)","decl":{"start":{"line":122,"column":4},"end":{"line":122,"column":5}},"loc":{"start":{"line":122,"column":25},"end":{"line":173,"column":5}},"line":122},"17":{"name":"(anonymous_17)","decl":{"start":{"line":126,"column":62},"end":{"line":126,"column":63}},"loc":{"start":{"line":126,"column":74},"end":{"line":138,"column":9}},"line":126},"18":{"name":"(anonymous_18)","decl":{"start":{"line":128,"column":39},"end":{"line":128,"column":40}},"loc":{"start":{"line":128,"column":47},"end":{"line":128,"column":77}},"line":128},"19":{"name":"(anonymous_19)","decl":{"start":{"line":141,"column":42},"end":{"line":141,"column":43}},"loc":{"start":{"line":141,"column":54},"end":{"line":155,"column":9}},"line":141},"20":{"name":"(anonymous_20)","decl":{"start":{"line":142,"column":39},"end":{"line":142,"column":40}},"loc":{"start":{"line":142,"column":47},"end":{"line":142,"column":73}},"line":142},"21":{"name":"(anonymous_21)","decl":{"start":{"line":158,"column":56},"end":{"line":158,"column":57}},"loc":{"start":{"line":158,"column":66},"end":{"line":172,"column":9}},"line":158},"22":{"name":"(anonymous_22)","decl":{"start":{"line":159,"column":39},"end":{"line":159,"column":40}},"loc":{"start":{"line":159,"column":47},"end":{"line":159,"column":69}},"line":159},"23":{"name":"(anonymous_23)","decl":{"start":{"line":176,"column":4},"end":{"line":176,"column":5}},"loc":{"start":{"line":176,"column":30},"end":{"line":188,"column":5}},"line":176},"24":{"name":"(anonymous_24)","decl":{"start":{"line":179,"column":94},"end":{"line":179,"column":95}},"loc":{"start":{"line":179,"column":100},"end":{"line":179,"column":108}},"line":179},"25":{"name":"(anonymous_25)","decl":{"start":{"line":180,"column":94},"end":{"line":180,"column":95}},"loc":{"start":{"line":180,"column":100},"end":{"line":180,"column":108}},"line":180},"26":{"name":"(anonymous_26)","decl":{"start":{"line":181,"column":90},"end":{"line":181,"column":91}},"loc":{"start":{"line":181,"column":96},"end":{"line":181,"column":104}},"line":181},"27":{"name":"(anonymous_27)","decl":{"start":{"line":191,"column":4},"end":{"line":191,"column":5}},"loc":{"start":{"line":191,"column":23},"end":{"line":202,"column":5}},"line":191},"28":{"name":"(anonymous_28)","decl":{"start":{"line":205,"column":4},"end":{"line":205,"column":5}},"loc":{"start":{"line":205,"column":35},"end":{"line":210,"column":5}},"line":205},"29":{"name":"(anonymous_29)","decl":{"start":{"line":213,"column":4},"end":{"line":213,"column":5}},"loc":{"start":{"line":213,"column":11},"end":{"line":222,"column":5}},"line":213},"30":{"name":"(anonymous_30)","decl":{"start":{"line":219,"column":20},"end":{"line":219,"column":21}},"loc":{"start":{"line":219,"column":26},"end":{"line":221,"column":9}},"line":219}},"branchMap":{"0":{"loc":{"start":{"line":17,"column":8},"end":{"line":26,"column":9}},"type":"if","locations":[{"start":{"line":17,"column":8},"end":{"line":26,"column":9}},{"start":{},"end":{}}],"line":17},"1":{"loc":{"start":{"line":28,"column":8},"end":{"line":36,"column":9}},"type":"if","locations":[{"start":{"line":28,"column":8},"end":{"line":36,"column":9}},{"start":{},"end":{}}],"line":28},"2":{"loc":{"start":{"line":30,"column":16},"end":{"line":33,"column":17}},"type":"if","locations":[{"start":{"line":30,"column":16},"end":{"line":33,"column":17}},{"start":{},"end":{}}],"line":30},"3":{"loc":{"start":{"line":58,"column":8},"end":{"line":62,"column":9}},"type":"if","locations":[{"start":{"line":58,"column":8},"end":{"line":62,"column":9}},{"start":{},"end":{}}],"line":58},"4":{"loc":{"start":{"line":66,"column":8},"end":{"line":70,"column":9}},"type":"if","locations":[{"start":{"line":66,"column":8},"end":{"line":70,"column":9}},{"start":{},"end":{}}],"line":66},"5":{"loc":{"start":{"line":76,"column":12},"end":{"line":80,"column":13}},"type":"if","locations":[{"start":{"line":76,"column":12},"end":{"line":80,"column":13}},{"start":{},"end":{}}],"line":76},"6":{"loc":{"start":{"line":92,"column":25},"end":{"line":92,"column":70}},"type":"cond-expr","locations":[{"start":{"line":92,"column":41},"end":{"line":92,"column":62}},{"start":{"line":92,"column":65},"end":{"line":92,"column":70}}],"line":92},"7":{"loc":{"start":{"line":93,"column":23},"end":{"line":93,"column":64}},"type":"cond-expr","locations":[{"start":{"line":93,"column":37},"end":{"line":93,"column":56}},{"start":{"line":93,"column":59},"end":{"line":93,"column":64}}],"line":93},"8":{"loc":{"start":{"line":94,"column":22},"end":{"line":94,"column":61}},"type":"cond-expr","locations":[{"start":{"line":94,"column":35},"end":{"line":94,"column":53}},{"start":{"line":94,"column":56},"end":{"line":94,"column":61}}],"line":94},"9":{"loc":{"start":{"line":99,"column":8},"end":{"line":101,"column":9}},"type":"if","locations":[{"start":{"line":99,"column":8},"end":{"line":101,"column":9}},{"start":{},"end":{}}],"line":99},"10":{"loc":{"start":{"line":102,"column":8},"end":{"line":104,"column":9}},"type":"if","locations":[{"start":{"line":102,"column":8},"end":{"line":104,"column":9}},{"start":{},"end":{}}],"line":102},"11":{"loc":{"start":{"line":105,"column":8},"end":{"line":107,"column":9}},"type":"if","locations":[{"start":{"line":105,"column":8},"end":{"line":107,"column":9}},{"start":{},"end":{}}],"line":105},"12":{"loc":{"start":{"line":113,"column":8},"end":{"line":118,"column":9}},"type":"if","locations":[{"start":{"line":113,"column":8},"end":{"line":118,"column":9}},{"start":{},"end":{}}],"line":113},"13":{"loc":{"start":{"line":113,"column":12},"end":{"line":113,"column":39}},"type":"binary-expr","locations":[{"start":{"line":113,"column":12},"end":{"line":113,"column":20}},{"start":{"line":113,"column":24},"end":{"line":113,"column":39}}],"line":113},"14":{"loc":{"start":{"line":115,"column":12},"end":{"line":117,"column":13}},"type":"if","locations":[{"start":{"line":115,"column":12},"end":{"line":117,"column":13}},{"start":{},"end":{}}],"line":115},"15":{"loc":{"start":{"line":130,"column":12},"end":{"line":137,"column":13}},"type":"if","locations":[{"start":{"line":130,"column":12},"end":{"line":137,"column":13}},{"start":{},"end":{}}],"line":130},"16":{"loc":{"start":{"line":131,"column":34},"end":{"line":131,"column":104}},"type":"binary-expr","locations":[{"start":{"line":131,"column":34},"end":{"line":131,"column":70}},{"start":{"line":131,"column":74},"end":{"line":131,"column":104}}],"line":131},"17":{"loc":{"start":{"line":134,"column":16},"end":{"line":136,"column":17}},"type":"if","locations":[{"start":{"line":134,"column":16},"end":{"line":136,"column":17}},{"start":{},"end":{}}],"line":134},"18":{"loc":{"start":{"line":144,"column":12},"end":{"line":154,"column":13}},"type":"if","locations":[{"start":{"line":144,"column":12},"end":{"line":154,"column":13}},{"start":{},"end":{}}],"line":144},"19":{"loc":{"start":{"line":146,"column":16},"end":{"line":153,"column":17}},"type":"if","locations":[{"start":{"line":146,"column":16},"end":{"line":153,"column":17}},{"start":{},"end":{}}],"line":146},"20":{"loc":{"start":{"line":147,"column":38},"end":{"line":147,"column":108}},"type":"binary-expr","locations":[{"start":{"line":147,"column":38},"end":{"line":147,"column":74}},{"start":{"line":147,"column":78},"end":{"line":147,"column":108}}],"line":147},"21":{"loc":{"start":{"line":150,"column":20},"end":{"line":152,"column":21}},"type":"if","locations":[{"start":{"line":150,"column":20},"end":{"line":152,"column":21}},{"start":{},"end":{}}],"line":150},"22":{"loc":{"start":{"line":161,"column":12},"end":{"line":171,"column":13}},"type":"if","locations":[{"start":{"line":161,"column":12},"end":{"line":171,"column":13}},{"start":{},"end":{}}],"line":161},"23":{"loc":{"start":{"line":163,"column":16},"end":{"line":170,"column":17}},"type":"if","locations":[{"start":{"line":163,"column":16},"end":{"line":170,"column":17}},{"start":{},"end":{}}],"line":163},"24":{"loc":{"start":{"line":164,"column":38},"end":{"line":164,"column":108}},"type":"binary-expr","locations":[{"start":{"line":164,"column":38},"end":{"line":164,"column":74}},{"start":{"line":164,"column":78},"end":{"line":164,"column":108}}],"line":164},"25":{"loc":{"start":{"line":167,"column":20},"end":{"line":169,"column":21}},"type":"if","locations":[{"start":{"line":167,"column":20},"end":{"line":169,"column":21}},{"start":{},"end":{}}],"line":167},"26":{"loc":{"start":{"line":178,"column":20},"end":{"line":178,"column":71}},"type":"binary-expr","locations":[{"start":{"line":178,"column":20},"end":{"line":178,"column":65}},{"start":{"line":178,"column":69},"end":{"line":178,"column":71}}],"line":178},"27":{"loc":{"start":{"line":182,"column":21},"end":{"line":182,"column":79}},"type":"binary-expr","locations":[{"start":{"line":182,"column":21},"end":{"line":182,"column":70}},{"start":{"line":182,"column":74},"end":{"line":182,"column":79}}],"line":182},"28":{"loc":{"start":{"line":183,"column":19},"end":{"line":183,"column":75}},"type":"binary-expr","locations":[{"start":{"line":183,"column":19},"end":{"line":183,"column":66}},{"start":{"line":183,"column":70},"end":{"line":183,"column":75}}],"line":183},"29":{"loc":{"start":{"line":184,"column":18},"end":{"line":184,"column":73}},"type":"binary-expr","locations":[{"start":{"line":184,"column":18},"end":{"line":184,"column":64}},{"start":{"line":184,"column":68},"end":{"line":184,"column":73}}],"line":184},"30":{"loc":{"start":{"line":194,"column":12},"end":{"line":200,"column":24}},"type":"binary-expr","locations":[{"start":{"line":194,"column":12},"end":{"line":194,"column":26}},{"start":{"line":195,"column":12},"end":{"line":195,"column":41}},{"start":{"line":196,"column":12},"end":{"line":196,"column":41}},{"start":{"line":197,"column":12},"end":{"line":197,"column":39}},{"start":{"line":198,"column":12},"end":{"line":198,"column":27}},{"start":{"line":199,"column":12},"end":{"line":199,"column":25}},{"start":{"line":200,"column":12},"end":{"line":200,"column":24}}],"line":194},"31":{"loc":{"start":{"line":207,"column":8},"end":{"line":209,"column":9}},"type":"if","locations":[{"start":{"line":207,"column":8},"end":{"line":209,"column":9}},{"start":{},"end":{}}],"line":207},"32":{"loc":{"start":{"line":208,"column":44},"end":{"line":208,"column":86}},"type":"cond-expr","locations":[{"start":{"line":208,"column":70},"end":{"line":208,"column":77}},{"start":{"line":208,"column":80},"end":{"line":208,"column":86}}],"line":208}},"s":{"0":0,"1":0,"2":0,"3":0,"4":0,"5":0,"6":0,"7":0,"8":0,"9":0,"10":0,"11":0,"12":0,"13":0,"14":0,"15":0,"16":0,"17":0,"18":0,"19":0,"20":0,"21":0,"22":0,"23":0,"24":0,"25":0,"26":0,"27":0,"28":0,"29":0,"30":0,"31":0,"32":0,"33":0,"34":0,"35":0,"36":0,"37":0,"38":0,"39":0,"40":0,"41":0,"42":0,"43":0,"44":0,"45":0,"46":0,"47":0,"48":0,"49":0,"50":0,"51":0,"52":0,"53":0,"54":0,"55":0,"56":0,"57":0,"58":0,"59":0,"60":0,"61":0,"62":0,"63":0,"64":0,"65":0,"66":0,"67":0,"68":0,"69":0,"70":0,"71":0,"72":0,"73":0,"74":0,"75":0,"76":0,"77":0,"78":0,"79":0,"80":0,"81":0,"82":0,"83":0,"84":0,"85":0,"86":0,"87":0,"88":0,"89":0,"90":0,"91":0,"92":0,"93":0,"94":0,"95":0,"96":0,"97":0,"98":0,"99":0,"100":0,"101":0,"102":0,"103":0,"104":0},"f":{"0":0,"1":0,"2":0,"3":0,"4":0,"5":0,"6":0,"7":0,"8":0,"9":0,"10":0,"11":0,"12":0,"13":0,"14":0,"15":0,"16":0,"17":0,"18":0,"19":0,"20":0,"21":0,"22":0,"23":0,"24":0,"25":0,"26":0,"27":0,"28":0,"29":0,"30":0},"b":{"0":[0,0],"1":[0,0],"2":[0,0],"3":[0,0],"4":[0,0],"5":[0,0],"6":[0,0],"7":[0,0],"8":[0,0],"9":[0,0],"10":[0,0],"11":[0,0],"12":[0,0],"13":[0,0],"14":[0,0],"15":[0,0],"16":[0,0],"17":[0,0],"18":[0,0],"19":[0,0],"20":[0,0],"21":[0,0],"22":[0,0],"23":[0,0],"24":[0,0],"25":[0,0],"26":[0,0],"27":[0,0],"28":[0,0],"29":[0,0],"30":[0,0,0,0,0,0,0],"31":[0,0],"32":[0,0]}}
,"/home/elon/Documents/projet tests et auto tests/js/storage.js": {"path":"/home/elon/Documents/projet tests et auto tests/js/storage.js","statementMap":{"0":{"start":{"line":5,"column":21},"end":{"line":9,"column":1}},"1":{"start":{"line":12,"column":27},"end":{"line":31,"column":1}},"2":{"start":{"line":36,"column":8},"end":{"line":36,"column":33}},"3":{"start":{"line":41,"column":8},"end":{"line":43,"column":9}},"4":{"start":{"line":42,"column":12},"end":{"line":42,"column":31}},"5":{"start":{"line":45,"column":8},"end":{"line":47,"column":9}},"6":{"start":{"line":46,"column":12},"end":{"line":46,"column":52}},"7":{"start":{"line":49,"column":8},"end":{"line":55,"column":9}},"8":{"start":{"line":50,"column":12},"end":{"line":54,"column":15}},"9":{"start":{"line":60,"column":8},"end":{"line":66,"column":9}},"10":{"start":{"line":61,"column":26},"end":{"line":61,"column":66}},"11":{"start":{"line":62,"column":12},"end":{"line":62,"column":50}},"12":{"start":{"line":64,"column":12},"end":{"line":64,"column":70}},"13":{"start":{"line":65,"column":12},"end":{"line":65,"column":22}},"14":{"start":{"line":70,"column":8},"end":{"line":76,"column":9}},"15":{"start":{"line":71,"column":12},"end":{"line":71,"column":76}},"16":{"start":{"line":72,"column":12},"end":{"line":72,"column":24}},"17":{"start":{"line":74,"column":12},"end":{"line":74,"column":67}},"18":{"start":{"line":75,"column":12},"end":{"line":75,"column":25}},"19":{"start":{"line":80,"column":22},"end":{"line":80,"column":37}},"20":{"start":{"line":81,"column":8},"end":{"line":81,"column":25}},"21":{"start":{"line":82,"column":8},"end":{"line":82,"column":37}},"22":{"start":{"line":86,"column":22},"end":{"line":86,"column":37}},"23":{"start":{"line":87,"column":22},"end":{"line":87,"column":65}},"24":{"start":{"line":87,"column":46},"end":{"line":87,"column":64}},"25":{"start":{"line":88,"column":8},"end":{"line":91,"column":9}},"26":{"start":{"line":89,"column":12},"end":{"line":89,"column":100}},"27":{"start":{"line":90,"column":12},"end":{"line":90,"column":41}},"28":{"start":{"line":92,"column":8},"end":{"line":92,"column":21}},"29":{"start":{"line":96,"column":22},"end":{"line":96,"column":37}},"30":{"start":{"line":97,"column":30},"end":{"line":97,"column":70}},"31":{"start":{"line":97,"column":51},"end":{"line":97,"column":69}},"32":{"start":{"line":98,"column":8},"end":{"line":98,"column":45}},"33":{"start":{"line":102,"column":22},"end":{"line":102,"column":37}},"34":{"start":{"line":103,"column":8},"end":{"line":103,"column":54}},"35":{"start":{"line":103,"column":34},"end":{"line":103,"column":52}},"36":{"start":{"line":108,"column":8},"end":{"line":114,"column":9}},"37":{"start":{"line":109,"column":31},"end":{"line":109,"column":76}},"38":{"start":{"line":110,"column":12},"end":{"line":110,"column":60}},"39":{"start":{"line":112,"column":12},"end":{"line":112,"column":75}},"40":{"start":{"line":113,"column":12},"end":{"line":113,"column":22}},"41":{"start":{"line":118,"column":8},"end":{"line":124,"column":9}},"42":{"start":{"line":119,"column":12},"end":{"line":119,"column":86}},"43":{"start":{"line":120,"column":12},"end":{"line":120,"column":24}},"44":{"start":{"line":122,"column":12},"end":{"line":122,"column":72}},"45":{"start":{"line":123,"column":12},"end":{"line":123,"column":25}},"46":{"start":{"line":128,"column":27},"end":{"line":128,"column":47}},"47":{"start":{"line":129,"column":8},"end":{"line":129,"column":34}},"48":{"start":{"line":130,"column":8},"end":{"line":130,"column":47}},"49":{"start":{"line":134,"column":27},"end":{"line":134,"column":47}},"50":{"start":{"line":135,"column":22},"end":{"line":135,"column":82}},"51":{"start":{"line":135,"column":55},"end":{"line":135,"column":81}},"52":{"start":{"line":136,"column":8},"end":{"line":139,"column":9}},"53":{"start":{"line":137,"column":12},"end":{"line":137,"column":77}},"54":{"start":{"line":138,"column":12},"end":{"line":138,"column":51}},"55":{"start":{"line":140,"column":8},"end":{"line":140,"column":21}},"56":{"start":{"line":144,"column":27},"end":{"line":144,"column":47}},"57":{"start":{"line":145,"column":35},"end":{"line":145,"column":92}},"58":{"start":{"line":145,"column":65},"end":{"line":145,"column":91}},"59":{"start":{"line":146,"column":8},"end":{"line":146,"column":55}},"60":{"start":{"line":150,"column":27},"end":{"line":150,"column":47}},"61":{"start":{"line":151,"column":8},"end":{"line":151,"column":71}},"62":{"start":{"line":151,"column":43},"end":{"line":151,"column":69}},"63":{"start":{"line":156,"column":8},"end":{"line":162,"column":9}},"64":{"start":{"line":157,"column":29},"end":{"line":157,"column":72}},"65":{"start":{"line":158,"column":12},"end":{"line":158,"column":58}},"66":{"start":{"line":160,"column":12},"end":{"line":160,"column":73}},"67":{"start":{"line":161,"column":12},"end":{"line":161,"column":24}},"68":{"start":{"line":166,"column":8},"end":{"line":172,"column":9}},"69":{"start":{"line":167,"column":12},"end":{"line":167,"column":82}},"70":{"start":{"line":168,"column":12},"end":{"line":168,"column":24}},"71":{"start":{"line":170,"column":12},"end":{"line":170,"column":70}},"72":{"start":{"line":171,"column":12},"end":{"line":171,"column":25}},"73":{"start":{"line":176,"column":25},"end":{"line":176,"column":49}},"74":{"start":{"line":177,"column":8},"end":{"line":177,"column":30}},"75":{"start":{"line":178,"column":8},"end":{"line":178,"column":43}},"76":{"start":{"line":183,"column":8},"end":{"line":192,"column":9}},"77":{"start":{"line":184,"column":12},"end":{"line":184,"column":56}},"78":{"start":{"line":185,"column":12},"end":{"line":185,"column":61}},"79":{"start":{"line":186,"column":12},"end":{"line":186,"column":59}},"80":{"start":{"line":187,"column":12},"end":{"line":187,"column":37}},"81":{"start":{"line":188,"column":12},"end":{"line":188,"column":24}},"82":{"start":{"line":190,"column":12},"end":{"line":190,"column":60}},"83":{"start":{"line":191,"column":12},"end":{"line":191,"column":25}},"84":{"start":{"line":196,"column":8},"end":{"line":201,"column":10}},"85":{"start":{"line":205,"column":8},"end":{"line":219,"column":9}},"86":{"start":{"line":206,"column":12},"end":{"line":208,"column":13}},"87":{"start":{"line":207,"column":16},"end":{"line":207,"column":43}},"88":{"start":{"line":209,"column":12},"end":{"line":211,"column":13}},"89":{"start":{"line":210,"column":16},"end":{"line":210,"column":53}},"90":{"start":{"line":212,"column":12},"end":{"line":214,"column":13}},"91":{"start":{"line":213,"column":16},"end":{"line":213,"column":49}},"92":{"start":{"line":215,"column":12},"end":{"line":215,"column":24}},"93":{"start":{"line":217,"column":12},"end":{"line":217,"column":58}},"94":{"start":{"line":218,"column":12},"end":{"line":218,"column":25}},"95":{"start":{"line":224,"column":24},"end":{"line":224,"column":25}},"96":{"start":{"line":225,"column":24},"end":{"line":225,"column":25}},"97":{"start":{"line":227,"column":8},"end":{"line":233,"column":9}},"98":{"start":{"line":228,"column":12},"end":{"line":232,"column":13}},"99":{"start":{"line":229,"column":28},"end":{"line":229,"column":53}},"100":{"start":{"line":230,"column":16},"end":{"line":230,"column":42}},"101":{"start":{"line":231,"column":16},"end":{"line":231,"column":28}},"102":{"start":{"line":235,"column":8},"end":{"line":239,"column":10}},"103":{"start":{"line":243,"column":8},"end":{"line":243,"column":42}},"104":{"start":{"line":243,"column":25},"end":{"line":243,"column":42}},"105":{"start":{"line":244,"column":18},"end":{"line":244,"column":22}},"106":{"start":{"line":245,"column":22},"end":{"line":245,"column":49}},"107":{"start":{"line":246,"column":18},"end":{"line":246,"column":59}},"108":{"start":{"line":247,"column":8},"end":{"line":247,"column":80}},"109":{"start":{"line":252,"column":23},"end":{"line":256,"column":9}},"110":{"start":{"line":258,"column":21},"end":{"line":258,"column":94}},"111":{"start":{"line":259,"column":20},"end":{"line":259,"c
[...]
ranchMap":{"0":{"loc":{"start":{"line":12,"column":4},"end":{"line":12,"column":42}},"type":"if","locations":[{"start":{"line":12,"column":4},"end":{"line":12,"column":42}},{"start":{},"end":{}}],"line":12},"1":{"loc":{"start":{"line":23,"column":4},"end":{"line":23,"column":34}},"type":"if","locations":[{"start":{"line":23,"column":4},"end":{"line":23,"column":34}},{"start":{},"end":{}}],"line":23},"2":{"loc":{"start":{"line":33,"column":4},"end":{"line":33,"column":34}},"type":"if","locations":[{"start":{"line":33,"column":4},"end":{"line":33,"column":34}},{"start":{},"end":{}}],"line":33},"3":{"loc":{"start":{"line":40,"column":11},"end":{"line":40,"column":41}},"type":"binary-expr","locations":[{"start":{"line":40,"column":11},"end":{"line":40,"column":24}},{"start":{"line":40,"column":28},"end":{"line":40,"column":41}}],"line":40},"4":{"loc":{"start":{"line":45,"column":4},"end":{"line":50,"column":5}},"type":"switch","locations":[{"start":{"line":46,"column":8},"end":{"line":46,"column":35}},{"start":{"line":47,"column":8},"end":{"line":47,"column":39}},{"start":{"line":48,"column":8},"end":{"line":48,"column":33}},{"start":{"line":49,"column":8},"end":{"line":49,"column":33}}],"line":45},"5":{"loc":{"start":{"line":55,"column":4},"end":{"line":60,"column":5}},"type":"switch","locations":[{"start":{"line":56,"column":8},"end":{"line":56,"column":41}},{"start":{"line":57,"column":8},"end":{"line":57,"column":49}},{"start":{"line":58,"column":8},"end":{"line":58,"column":45}},{"start":{"line":59,"column":8},"end":{"line":59,"column":34}}],"line":55},"6":{"loc":{"start":{"line":65,"column":4},"end":{"line":65,"column":38}},"type":"if","locations":[{"start":{"line":65,"column":4},"end":{"line":65,"column":38}},{"start":{},"end":{}}],"line":65},"7":{"loc":{"start":{"line":66,"column":4},"end":{"line":66,"column":48}},"type":"if","locations":[{"start":{"line":66,"column":4},"end":{"line":66,"column":48}},{"start":{},"end":{}}],"line":66},"8":{"loc":{"start":{"line":67,"column":4},"end":{"line":67,"column":49}},"type":"if","locations":[{"start":{"line":67,"column":4},"end":{"line":67,"column":49}},{"start":{},"end":{}}],"line":67},"9":{"loc":{"start":{"line":78,"column":4},"end":{"line":83,"column":5}},"type":"switch","locations":[{"start":{"line":79,"column":8},"end":{"line":79,"column":41}},{"start":{"line":80,"column":8},"end":{"line":80,"column":49}},{"start":{"line":81,"column":8},"end":{"line":81,"column":45}},{"start":{"line":82,"column":8},"end":{"line":82,"column":34}}],"line":78},"10":{"loc":{"start":{"line":88,"column":4},"end":{"line":93,"column":5}},"type":"switch","locations":[{"start":{"line":89,"column":8},"end":{"line":89,"column":35}},{"start":{"line":90,"column":8},"end":{"line":90,"column":39}},{"start":{"line":91,"column":8},"end":{"line":91,"column":33}},{"start":{"line":92,"column":8},"end":{"line":92,"column":33}}],"line":88},"11":{"loc":{"start":{"line":119,"column":4},"end":{"line":150,"column":5}},"type":"switch","locations":[{"start":{"line":120,"column":8},"end":{"line":121,"column":93}},{"start":{"line":122,"column":8},"end":{"line":123,"column":93}},{"start":{"line":124,"column":8},"end":{"line":130,"column":15}},{"start":{"line":131,"column":8},"end":{"line":137,"column":15}},{"start":{"line":138,"column":8},"end":{"line":140,"column":101}},{"start":{"line":141,"column":8},"end":{"line":143,"column":107}},{"start":{"line":144,"column":8},"end":{"line":145,"column":78}},{"start":{"line":146,"column":8},"end":{"line":147,"column":78}},{"start":{"line":148,"column":8},"end":{"line":149,"column":31}}],"line":119},"12":{"loc":{"start":{"line":126,"column":16},"end":{"line":126,"column":55}},"type":"if","locations":[{"start":{"line":126,"column":16},"end":{"line":126,"column":55}},{"start":{},"end":{}}],"line":126},"13":{"loc":{"start":{"line":126,"column":20},"end":{"line":126,"column":44}},"type":"binary-expr","locations":[{"start":{"line":126,"column":20},"end":{"line":126,"column":30}},{"start":{"line":126,"column":34},"end":{"line":126,"column":44}}],"line":126},"14":{"loc":{"start":{"line":127,"column":16},"end":{"line":127,"column":41}},"type":"if","locations":[{"start":{"line":127,"column":16},"end":{"line":127,"column":41}},{"start":{},"end":{}}],"line":127},"15":{"loc":{"start":{"line":128,"column":16},"end":{"line":128,"column":42}},"type":"if","locations":[{"start":{"line":128,"column":16},"end":{"line":128,"column":42}},{"start":{},"end":{}}],"line":128},"16":{"loc":{"start":{"line":133,"column":16},"end":{"line":133,"column":55}},"type":"if","locations":[{"start":{"line":133,"column":16},"end":{"line":133,"column":55}},{"start":{},"end":{}}],"line":133},"17":{"loc":{"start":{"line":133,"column":20},"end":{"line":133,"column":44}},"type":"binary-expr","locations":[{"start":{"line":133,"column":20},"end":{"line":133,"column":30}},{"start":{"line":133,"column":34},"end":{"line":133,"column":44}}],"line":133},"18":{"loc":{"start":{"line":134,"column":16},"end":{"line":134,"column":41}},"type":"if","locations":[{"start":{"line":134,"column":16},"end":{"line":134,"column":41}},{"start":{},"end":{}}],"line":134},"19":{"loc":{"start":{"line":135,"column":16},"end":{"line":135,"column":42}},"type":"if","locations":[{"start":{"line":135,"column":16},"end":{"line":135,"column":42}},{"start":{},"end":{}}],"line":135},"20":{"loc":{"start":{"line":157,"column":8},"end":{"line":162,"column":9}},"type":"if","locations":[{"start":{"line":157,"column":8},"end":{"line":162,"column":9}},{"start":{},"end":{}}],"line":157},"21":{"loc":{"start":{"line":161,"column":12},"end":{"line":161,"column":63}},"type":"if","locations":[{"start":{"line":161,"column":12},"end":{"line":161,"column":63}},{"start":{},"end":{}}],"line":161},"22":{"loc":{"start":{"line":161,"column":16},"end":{"line":161,"column":48}},"type":"binary-expr","locations":[{"start":{"line":161,"column":16},"end":{"line":161,"column":27}},{"start":{"line":161,"column":31},"end":{"line":161,"column":48}}],"line":161},"23":{"loc":{"start":{"line":165,"column":8},"end":{"line":167,"column":9}},"type":"if","locations":[{"start":{"line":165,"column":8},"end":{"line":167,"column":9}},{"start":{},"end":{}}],"line":165},"24":{"loc":{"start":{"line":165,"column":12},"end":{"line":165,"column":63}},"type":"binary-expr","locations":[{"start":{"line":165,"column":12},"end":{"line":165,"column":30}},{"start":{"line":165,"column":34},"end":{"line":165,"column":63}}],"line":165},"25":{"loc":{"start":{"line":166,"column":12},"end":{"line":166,"column":76}},"type":"if","locations":[{"start":{"line":166,"column":12},"end":{"line":166,"column":76}},{"start":{},"end":{}}],"line":166},"26":{"loc":{"start":{"line":170,"column":8},"end":{"line":172,"column":9}},"type":"if","locations":[{"start":{"line":170,"column":8},"end":{"line":172,"column":9}},{"start":{},"end":{}}],"line":170},"27":{"loc":{"start":{"line":170,"column":12},"end":{"line":170,"column":63}},"type":"binary-expr","locations":[{"start":{"line":170,"column":12},"end":{"line":170,"column":30}},{"start":{"line":170,"column":34},"end":{"line":170,"column":63}}],"line":170},"28":{"loc":{"start":{"line":171,"column":12},"end":{"line":171,"column":74}},"type":"if","locations":[{"start":{"line":171,"column":12},"end":{"line":171,"column":74}},{"start":{},"end":{}}],"line":171},"29":{"loc":{"start":{"line":175,"column":8},"end":{"line":177,"column":9}},"type":"if","locations":[{"start":{"line":175,"column":8},"end":{"line":177,"column":9}},{"start":{},"end":{}}],"line":175},"30":{"loc":{"start":{"line":175,"column":12},"end":{"line":175,"column":59}},"type":"binary-expr","locations":[{"start":{"line":175,"column":12},"end":{"line":175,"column":28}},{"start":{"line":175,"column":32},"end":{"line":175,"column":59}}],"line":175},"31":{"loc":{"start":{"line":176,"column":12},"end":{"line":176,"column":70}},"type":"if","locations":[{"start":{"line":176,"column":12},"end":{"line":176,"column":70}},{"start":{},"end":{}}],"line":176},"32":{"loc":{"start":{"line":180,"column":8},"end":{"line":180,"column":70}},"type":"if","locations":[{"start":{"line":180,"column":8},"end":{"line":180,"column":70}},{"start":{},"end":{}}],"line":180},"33":{"loc":{"start":{"line":180,"column":12},"end":{"line":180,"column":55}},"type":"binary-expr","locations":[{"start":{"line":180,"column":12},"end":{"line":180,"column":27}},{"start":{"line":180,"column":31},"end":{"line":180,"column":55}}],"line":180},"34":{"loc":{"start":{"line":181,"column":8},"end":{"line":185,"column":9}},"type":"if","locations":[{"start":{"line":181,"column":8},"end":{"line":185,"column":9}},{"start":{},"end":{}}],"line":181},"35":{"loc":{"start":{"line":183,"column":28},"end":{"line":183,"column":87}},"type":"cond-expr","locations":[{"start":{"line":183,"column":43},"end":{"line":183,"column":80}},{"start":{"line":183,"column":83},"end":{"line":183,"column":87}}],"line":183},"36":{"loc":{"start":{"line":184,"column":12},"end":{"line":184,"column":48}},"type":"if","locations":[{"start":{"line":184,"column":12},"end":{"line":184,"column":48}},{"start":{},"end":{}}],"line":184},"37":{"loc":{"start":{"line":186,"column":8},"end":{"line":192,"column":9}},"type":"if","locations":[{"start":{"line":186,"column":8},"end":{"line":192,"column":9}},{"start":{},"end":{}}],"line":186},"38":{"loc":{"start":{"line":187,"column":12},"end":{"line":187,"column":44}},"type":"if","locations":[{"start":{"line":187,"column":12},"end":{"line":187,"column":44}},{"start":{},"end":{}}],"line":187},"39":{"loc":{"start":{"line":191,"column":12},"end":{"line":191,"column":71}},"type":"if","locations":[{"start":{"line":191,"column":12},"end":{"line":191,"column":71}},{"start":{},"end":{}}],"line":191},"40":{"loc":{"start":{"line":191,"column":16},"end":{"line":191,"column":56}},"type":"binary-expr","locations":[{"start":{"line":191,"column":16},"end":{"line":191,"column":31}},{"start":{"line":191,"column":35},"end":{"line":191,"column":56}}],"line":191},"41":{"loc":{"start":{"line":199,"column":28},"end":{"line":199,"column":44}},"type":"default-arg","locations":[{"start":{"line":199,"column":35},"end":{"line":199,"column":44}}],"line":199},"42":{"loc":{"start":{"line":199,"column":46},"end":{"line":199,"column":61}},"type":"default-arg","locations":[{"start":{"line":199,"column":57},"end":{"line":199,"column":61}}],"line":199},"43":{"loc":{"start":{"line":201,"column":4},"end":{"line":201,"column":32}},"type":"if","locations":[{"start":{"line":201,"column":4},"end":{"line":201,"column":32}},{"start":{},"end":{}}],"line":201},"44":{"loc":{"start":{"line":214,"column":8},"end":{"line":216,"column":9}},"type":"if","locations":[{"start":{"line":214,"column":8},"end":{"line":216,"column":9}},{"start":{},"end":{}}],"line":214},"45":{"loc":{"start":{"line":242,"column":8},"end":{"line":244,"column":9}},"type":"if","locations":[{"start":{"line":242,"column":8},"end":{"line":244,"column":9}},{"start":{},"end":{}}],"line":242},"46":{"loc":{"start":{"line":259,"column":8},"end":{"line":264,"column":9}},"type":"if","locations":[{"start":{"line":259,"column":8},"end":{"line":264,"column":9}},{"start":{"line":262,"column":15},"end":{"line":264,"column":9}}],"line":259}},"s":{"0":0,"1":0,"2":0,"3":0,"4":0,"5":0,"6":0,"7":0,"8":0,"9":0,"10":0,"11":0,"12":0,"13":0,"14":0,"15":0,"16":0,"17":0,"18":0,"19":0,"20":0,"21":0,"22":0,"23":0,"24":0,"25":0,"26":0,"27":0,"28":0,"29":0,"30":0,"31":0,"32":0,"33":0,"34":0,"35":0,"36":0,"37":0,"38":0,"39":0,"40":0,"41":0,"42":0,"43":0,"44":0,"45":0,"46":0,"47":0,"48":0,"49":0,"50":0,"51":0,"52":0,"53":0,"54":0,"55":0,"56":0,"57":0,"58":0,"59":0,"60":0,"61":0,"62":0,"63":0,"64":0,"65":0,"66":0,"67":0,"68":0,"69":0,"70":0,"71":0,"72":0,"73":0,"74":0,"75":0,"76":0,"77":0,"78":0,"79":0,"80":0,"81":0,"82":0,"83":0,"84":0,"85":0,"86":0,"87":0,"88":0,"89":0,"90":0,"91":0,"92":0,"93":0,"94":0,"95":0,"96":0,"97":0,"98":0,"99":0,"100":0,"101":0,"102":0,"103":0,"104":0,"105":0,"106":0,"107":0,"108":0,"109":0,"110":0,"111":0,"112":0,"113":0,"114":0,"115":0,"116":0,"117":0,"118":0,"119":0,"120":0,"121":0,"122":0,"123":0,"124":0,"125":0,"126":0,"127":0,"128":0,"129":0,"130":0,"131":0,"132":0,"133":0,"134":0,"135":0,"136":0,"137":0,"138":0,"139":0,"140":0,"141":0,"142":0,"143":0,"144":0,"145":0,"146":0,"147":0,"148":0,"149":0,"150":0,"151":0,"152":0,"153":0,"154":0,"155":0,"156":0},"f":{"0":0,"1":0,"2":0,"3":0,"4":0,"5":0,"6":0,"7":0,"8":0,"9":0,"10":0,"11":0,"12":0,"13":0,"14":0,"15":0,"16":0,"17":0,"18":0,"19":0,"20":0,"21":0,"22":0,"23":0,"24":0,"25":0,"26":0,"27":0,"28":0,"29":0,"30":0,"31":0,"32":0,"33":0},"b":{"0":[0,0],"1":[0,0],"2":[0,0],"3":[0,0],"4":[0,0,0,0],"5":[0,0,0,0],"6":[0,0],"7":[0,0],"8":[0,0],"9":[0,0,0,0],"10":[0,0,0,0],"11":[0,0,0,0,0,0,0,0,0],"12":[0,0],"13":[0,0],"14":[0,0],"15":[0,0],"16":[0,0],"17":[0,0],"18":[0,0],"19":[0,0],"20":[0,0],"21":[0,0],"22":[0,0],"23":[0,0],"24":[0,0],"25":[0,0],"26":[0,0],"27":[0,0],"28":[0,0],"29":[0,0],"30":[0,0],"31":[0,0],"32":[0,0],"33":[0,0],"34":[0,0],"35":[0,0],"36":[0,0],"37":[0,0],"38":[0,0],"39":[0,0],"40":[0,0],"41":[0],"42":[0],"43":[0,0],"44":[0,0],"45":[0,0],"46":[0,0]}}
,"/home/elon/Documents/projet tests et auto tests/js/validators.js": {"path":"/home/elon/Documents/projet tests et auto tests/js/validators.js","statementMap":{"0":{"start":{"line":7,"column":25},"end":{"line":12,"column":1}},"1":{"start":{"line":28,"column":2},"end":{"line":33,"column":3}},"2":{"start":{"line":29,"column":4},"end":{"line":32,"column":6}},"3":{"start":{"line":35,"column":17},"end":{"line":35,"column":19}},"4":{"start":{"line":38,"column":16},"end":{"line":38,"column":38}},"5":{"start":{"line":39,"column":2},"end":{"line":43,"column":3}},"6":{"start":{"line":40,"column":4},"end":{"line":40,"column":57}},"7":{"start":{"line":41,"column":9},"end":{"line":43,"column":3}},"8":{"start":{"line":42,"column":4},"end":{"line":42,"column":116}},"9":{"start":{"line":46,"column":22},"end":{"line":46,"column":50}},"10":{"start":{"line":47,"column":2},"end":{"line":49,"column":3}},"11":{"start":{"line":48,"column":4},"end":{"line":48,"column":134}},"12":{"start":{"line":52,"column":2},"end":{"line":54,"column":3}},"13":{"start":{"line":53,"column":4},"end":{"line":53,"column":46}},"14":{"start":{"line":57,"column":2},"end":{"line":59,"column":3}},"15":{"start":{"line":58,"column":4},"end":{"line":58,"column":92}},"16":{"start":{"line":62,"column":2},"end":{"line":64,"column":3}},"17":{"start":{"line":63,"column":4},"end":{"line":63,"column":88}},"18":{"start":{"line":67,"column":2},"end":{"line":72,"column":3}},"19":{"start":{"line":68,"column":30},"end":{"line":68,"column":63}},"20":{"start":{"line":69,"column":4},"end":{"line":71,"column":5}},"21":{"start":{"line":70,"column":6},"end":{"line":70,"column":47}},"22":{"start":{"line":74,"column":2},"end":{"line":77,"column":4}},"23":{"start":{"line":86,"column":17},"end":{"line":86,"column":19}},"24":{"start":{"line":88,"column":2},"end":{"line":91,"column":3}},"25":{"start":{"line":89,"column":4},"end":{"line":89,"column":45}},"26":{"start":{"line":90,"column":4},"end":{"line":90,"column":38}},"27":{"start":{"line":93,"column":18},"end":{"line":93,"column":41}},"28":{"start":{"line":94,"column":2},"end":{"line":97,"column":3}},"29":{"start":{"line":95,"column":4},"end":{"line":95,"column":70}},"30":{"start":{"line":96,"column":4},"end":{"line":96,"column":38}},"31":{"start":{"line":100,"column":16},"end":{"line":100,"column":26}},"32":{"start":{"line":101,"column":2},"end":{"line":101,"column":29}},"33":{"start":{"line":102,"column":22},"end":{"line":102,"column":39}},"34":{"start":{"line":103,"column":2},"end":{"line":103,"column":35}},"35":{"start":{"line":105,"column":2},"end":{"line":107,"column":3}},"36":{"start":{"line":106,"column":4},"end":{"line":106,"column":50}},"37":{"start":{"line":109,"column":2},"end":{"line":112,"column":4}},"38":{"start":{"line":115,"column":0},"end":{"line":117,"column":2}}},"fnMap":{"0":{"name":"validateTask","decl":{"start":{"line":27,"column":9},"end":{"line":27,"column":21}},"loc":{"start":{"line":27,"column":32},"end":{"line":78,"column":1}},"line":27},"1":{"name":"validateDueDate","decl":{"start":{"line":85,"column":9},"end":{"line":85,"column":24}},"loc":{"start":{"line":85,"column":40},"end":{"line":113,"column":1}},"line":85}},"branchMap":{"0":{"loc":{"start":{"line":28,"column":2},"end":{"line":33,"column":3}},"type":"if","locations":[{"start":{"line":28,"column":2},"end":{"line":33,"column":3}},{"start":{},"end":{}}],"line":28},"1":{"loc":{"start":{"line":28,"column":6},"end":{"line":28,"column":47}},"type":"binary-expr","locations":[{"start":{"line":28,"column":6},"end":{"line":28,"column":15}},{"start":{"line":28,"column":19},"end":{"line":28,"column":47}}],"line":28},"2":{"loc":{"start":{"line":39,"column":2},"end":{"line":43,"column":3}},"type":"if","locations":[{"start":{"line":39,"column":2},"end":{"line":43,"column":3}},{"start":{"line":41,"column":9},"end":{"line":43,"column":3}}],"line":39},"3":{"loc":{"start":{"line":41,"column":9},"end":{"line":43,"column":3}},"type":"if","locations":[{"start":{"line":41,"column":9},"end":{"line":43,"column":3}},{"start":{},"end":{}}],"line":41},"4":{"loc":{"start":{"line":47,"column":2},"end":{"line":49,"column":3}},"type":"if","locations":[{"start":{"line":47,"column":2},"end":{"line":49,"column":3}},{"start":{},"end":{}}],"line":47},"5":{"loc":{"start":{"line":47,"column":6},"end":{"line":47,"column":81}},"type":"binary-expr","locations":[{"start":{"line":47,"column":6},"end":{"line":47,"column":17}},{"start":{"line":47,"column":21},"end":{"line":47,"column":81}}],"line":47},"6":{"loc":{"start":{"line":52,"column":2},"end":{"line":54,"column":3}},"type":"if","locations":[{"start":{"line":52,"column":2},"end":{"line":54,"column":3}},{"start":{},"end":{}}],"line":52},"7":{"loc":{"start":{"line":52,"column":6},"end":{"line":52,"column":69}},"type":"binary-expr","locations":[{"start":{"line":52,"column":6},"end":{"line":52,"column":26}},{"start":{"line":52,"column":30},"end":{"line":52,"column":69}}],"line":52},"8":{"loc":{"start":{"line":57,"column":2},"end":{"line":59,"column":3}},"type":"if","locations":[{"start":{"line":57,"column":2},"end":{"line":59,"column":3}},{"start":{},"end":{}}],"line":57},"9":{"loc":{"start":{"line":62,"column":2},"end":{"line":64,"column":3}},"type":"if","locations":[{"start":{"line":62,"column":2},"end":{"line":64,"column":3}},{"start":{},"end":{}}],"line":62},"10":{"loc":{"start":{"line":67,"column":2},"end":{"line":72,"column":3}},"type":"if","locations":[{"start":{"line":67,"column":2},"end":{"line":72,"column":3}},{"start":{},"end":{}}],"line":67},"11":{"loc":{"start":{"line":69,"column":4},"end":{"line":71,"column":5}},"type":"if","locations":[{"start":{"line":69,"column":4},"end":{"line":71,"column":5}},{"start":{},"end":{}}],"line":69},"12":{"loc":{"start":{"line":88,"column":2},"end":{"line":91,"column":3}},"type":"if","locations":[{"start":{"line":88,"column":2},"end":{"line":91,"column":3}},{"start":{},"end":{}}],"line":88},"13":{"loc":{"start":{"line":94,"column":2},"end":{"line":97,"column":3}},"type":"if","locations":[{"start":{"line":94,"column":2},"end":{"line":97,"column":3}},{"start":{},"end":{}}],"line":94},"14":{"loc":{"start":{"line":105,"column":2},"end":{"line":107,"column":3}},"type":"if","locations":[{"start":{"line":105,"column":2},"end":{"line":107,"column":3}},{"start":{},"end":{}}],"line":105}},"s":{"0":1,"1":9,"2":0,"3":9,"4":9,"5":9,"6":2,"7":7,"8":1,"9":9,"10":9,"11":2,"12":9,"13":0,"14":9,"15":2,"16":9,"17":2,"18":9,"19":4,"20":4,"21":3,"22":9,"23":4,"24":4,"25":0,"26":0,"27":4,"28":4,"29":2,"30":2,"31":2,"32":2,"33":2,"34":2,"35":2,"36":1,"37":2,"38":1},"f":{"0":9,"1":4},"b":{"0":[0,9],"1":[9,9],"2":[2,7],"3":[1,6],"4":[2,7],"5":[9,9],"6":[0,9],"7":[9,9],"8":[2,7],"9":[2,7],"10":[4,5],"11":[3,1],"12":[0,4],"13":[2,2],"14":[1,1]},"_coverageSchema":"1a1c01bbd47fc00a2c39e90264f33305004495a9","hash":"646af0b0f38e54889b90fab6a644ec774641c96a"}
}
