TN:
SF:js/advancedFilters.js
FN:26,filterTasksAdvanced
FN:45,(anonymous_1)
FN:54,matchesAdvancedFilters
FN:102,(anonymous_3)
FN:112,(anonymous_4)
FN:113,(anonymous_5)
FN:121,isOverdue
FN:138,isDueToday
FN:150,isDueThisWeek
FNF:9
FNH:9
FNDA:35,filterTasksAdvanced
FNDA:78,(anonymous_1)
FNDA:78,matchesAdvancedFilters
FNDA:26,(anonymous_3)
FNDA:8,(anonymous_4)
FNDA:81,(anonymous_5)
FNDA:8,isOverdue
FNDA:13,isDueToday
FNDA:5,isDueThisWeek
DA:7,8
DA:28,35
DA:29,0
DA:30,0
DA:34,35
DA:35,2
DA:39,33
DA:40,33
DA:41,0
DA:42,0
DA:45,78
DA:56,78
DA:57,0
DA:60,78
DA:61,78
DA:64,78
DA:65,28
DA:69,78
DA:70,20
DA:74,78
DA:75,16
DA:79,78
DA:80,16
DA:81,16
DA:82,16
DA:83,16
DA:84,16
DA:89,78
DA:90,78
DA:91,8
DA:93,78
DA:94,13
DA:96,78
DA:97,5
DA:101,78
DA:102,26
DA:106,78
DA:107,4
DA:111,74
DA:112,8
DA:113,81
DA:122,8
DA:124,7
DA:125,7
DA:127,7
DA:128,7
DA:130,7
DA:139,13
DA:141,12
DA:142,12
DA:151,5
DA:153,4
DA:154,4
DA:155,4
DA:157,4
DA:158,4
DA:161,8
LF:57
LH:52
BRDA:26,0,0,0
BRDA:28,1,0,0
BRDA:28,1,1,35
BRDA:34,2,0,2
BRDA:34,2,1,33
BRDA:34,3,0,35
BRDA:34,3,1,35
BRDA:39,4,0,33
BRDA:39,4,1,27
BRDA:40,5,0,0
BRDA:40,5,1,33
BRDA:56,6,0,0
BRDA:56,6,1,78
BRDA:56,7,0,78
BRDA:56,7,1,78
BRDA:60,8,0,54
BRDA:64,9,0,28
BRDA:64,9,1,50
BRDA:64,10,0,78
BRDA:64,10,1,32
BRDA:64,10,2,32
BRDA:69,11,0,20
BRDA:69,11,1,58
BRDA:69,12,0,78
BRDA:69,12,1,24
BRDA:69,12,2,24
BRDA:74,13,0,16
BRDA:74,13,1,62
BRDA:74,14,0,78
BRDA:74,14,1,20
BRDA:74,14,2,20
BRDA:79,15,0,16
BRDA:79,15,1,62
BRDA:79,16,0,78
BRDA:79,16,1,16
BRDA:81,17,0,16
BRDA:81,17,1,0
BRDA:82,18,0,16
BRDA:82,18,1,16
BRDA:83,19,0,16
BRDA:83,19,1,4
BRDA:84,20,0,16
BRDA:84,20,1,8
BRDA:90,21,0,8
BRDA:90,21,1,70
BRDA:93,22,0,13
BRDA:93,22,1,65
BRDA:96,23,0,5
BRDA:96,23,1,73
BRDA:101,24,0,26
BRDA:101,24,1,52
BRDA:106,25,0,4
BRDA:106,25,1,74
BRDA:111,26,0,8
BRDA:111,26,1,66
BRDA:122,27,0,1
BRDA:122,27,1,7
BRDA:139,28,0,1
BRDA:139,28,1,12
BRDA:151,29,0,1
BRDA:151,29,1,4
BRDA:158,30,0,4
BRDA:158,30,1,3
BRF:63
BRH:58
end_of_record
TN:
SF:js/categoryManager.js
FN:6,(anonymous_0)
FN:13,(anonymous_1)
FN:18,(anonymous_2)
FN:23,(anonymous_3)
FN:28,(anonymous_4)
FN:29,(anonymous_5)
FN:33,(anonymous_6)
FN:42,(anonymous_7)
FN:52,(anonymous_8)
FN:53,(anonymous_9)
FN:65,(anonymous_10)
FN:75,(anonymous_11)
FN:76,(anonymous_12)
FN:83,(anonymous_13)
FN:95,(anonymous_14)
FN:101,(anonymous_15)
FN:107,(anonymous_16)
FN:113,(anonymous_17)
FN:134,(anonymous_18)
FN:139,(anonymous_19)
FN:148,(anonymous_20)
FN:154,(anonymous_21)
FN:169,(anonymous_22)
FN:195,(anonymous_23)
FN:203,(anonymous_24)
FN:240,(anonymous_25)
FN:269,(anonymous_26)
FN:276,(anonymous_27)
FN:280,(anonymous_28)
FN:286,(anonymous_29)
FN:287,(anonymous_30)
FN:291,(anonymous_31)
FN:303,(anonymous_32)
FN:305,(anonymous_33)
FN:306,(anonymous_34)
FN:316,(anonymous_35)
FN:317,(anonymous_36)
FN:325,(anonymous_37)
FNF:38
FNH:36
FNDA:30,(anonymous_0)
FNDA:31,(anonymous_1)
FNDA:24,(anonymous_2)
FNDA:0,(anonymous_3)
FNDA:9,(anonymous_4)
FNDA:9,(anonymous_5)
FNDA:21,(anonymous_6)
FNDA:3,(anonymous_7)
FNDA:4,(anonymous_8)
FNDA:4,(anonymous_9)
FNDA:3,(anonymous_10)
FNDA:6,(anonymous_11)
FNDA:5,(anonymous_12)
FNDA:2,(anonymous_13)
FNDA:2,(anonymous_14)
FNDA:2,(anonymous_15)
FNDA:8,(anonymous_16)
FNDA:5,(anonymous_17)
FNDA:2,(anonymous_18)
FNDA:1,(anonymous_19)
FNDA:7,(anonymous_20)
FNDA:4,(anonymous_21)
FNDA:4,(anonymous_22)
FNDA:6,(anonymous_23)
FNDA:4,(anonymous_24)
FNDA:3,(anonymous_25)
FNDA:34,(anonymous_26)
FNDA:1,(anonymous_27)
FNDA:1,(anonymous_28)
FNDA:1,(anonymous_29)
FNDA:1,(anonymous_30)
FNDA:2,(anonymous_31)
FNDA:41,(anonymous_32)
FNDA:5,(anonymous_33)
FNDA:1,(anonymous_34)
FNDA:5,(anonymous_35)
FNDA:1,(anonymous_36)
FNDA:0,(anonymous_37)
DA:7,30
DA:8,30
DA:9,30
DA:14,31
DA:19,24
DA:24,0
DA:29,9
DA:34,21
DA:42,21
DA:43,2
DA:46,19
DA:47,19
DA:48,19
DA:53,4
DA:54,4
DA:55,1
DA:58,3
DA:65,3
DA:66,1
DA:69,2
DA:70,2
DA:71,2
DA:76,6
DA:77,6
DA:78,1
DA:82,5
DA:83,5
DA:85,5
DA:86,2
DA:89,3
DA:90,3
DA:91,3
DA:96,2
DA:97,2
DA:102,2
DA:103,2
DA:108,8
DA:109,8
DA:111,7
DA:113,7
DA:114,5
DA:115,5
DA:116,5
DA:126,5
DA:130,7
DA:135,2
DA:137,1
DA:139,1
DA:140,1
DA:141,1
DA:142,1
DA:143,1
DA:149,7
DA:150,7
DA:152,6
DA:154,6
DA:155,4
DA:156,4
DA:157,4
DA:164,4
DA:170,4
DA:171,4
DA:172,4
DA:174,4
DA:177,3
DA:179,3
DA:181,1
DA:182,1
DA:185,2
DA:189,3
DA:191,3
DA:196,6
DA:197,6
DA:198,4
DA:204,4
DA:206,4
DA:207,4
DA:208,4
DA:210,4
DA:213,4
DA:215,1
DA:216,1
DA:219,3
DA:220,2
DA:224,3
DA:225,3
DA:228,3
DA:229,0
DA:232,3
DA:235,1
DA:241,3
DA:242,3
DA:244,3
DA:248,3
DA:250,3
DA:251,3
DA:252,2
DA:255,2
DA:256,2
DA:259,2
DA:260,0
DA:264,1
DA:271,34
DA:272,34
DA:273,34
DA:275,34
DA:276,4
DA:279,34
DA:280,4
DA:284,34
DA:285,4
DA:286,4
DA:287,1
DA:291,4
DA:292,2
DA:293,1
DA:299,34
DA:305,41
DA:306,5
DA:307,1
DA:308,1
DA:309,1
DA:310,1
DA:316,41
DA:317,5
DA:318,1
DA:319,1
DA:326,0
DA:327,0
DA:332,30
DA:335,30
LF:131
LH:126
BRDA:37,0,0,21
BRDA:37,0,1,0
BRDA:42,1,0,2
BRDA:42,1,1,19
BRDA:54,2,0,1
BRDA:54,2,1,3
BRDA:61,3,0,3
BRDA:61,3,1,0
BRDA:65,4,0,1
BRDA:65,4,1,2
BRDA:65,5,0,3
BRDA:65,5,1,1
BRDA:77,6,0,1
BRDA:77,6,1,5
BRDA:85,7,0,2
BRDA:85,7,1,3
BRDA:97,8,0,1
BRDA:97,8,1,1
BRDA:103,9,0,1
BRDA:103,9,1,1
BRDA:109,10,0,1
BRDA:109,10,1,7
BRDA:135,11,0,1
BRDA:135,11,1,1
BRDA:150,12,0,1
BRDA:150,12,1,6
BRDA:169,13,0,3
BRDA:174,14,0,1
BRDA:174,14,1,3
BRDA:174,15,0,4
BRDA:174,15,1,3
BRDA:174,15,2,3
BRDA:179,16,0,1
BRDA:179,16,1,2
BRDA:189,17,0,1
BRDA:189,17,1,2
BRDA:197,18,0,4
BRDA:197,18,1,2
BRDA:213,19,0,1
BRDA:213,19,1,3
BRDA:228,20,0,0
BRDA:228,20,1,3
BRDA:242,21,0,0
BRDA:242,21,1,3
BRDA:248,22,0,0
BRDA:248,22,1,3
BRDA:259,23,0,0
BRDA:259,23,1,2
BRDA:275,24,0,4
BRDA:275,24,1,30
BRDA:279,25,0,4
BRDA:279,25,1,30
BRDA:284,26,0,4
BRDA:284,26,1,30
BRDA:292,27,0,1
BRDA:292,27,1,1
BRDA:309,28,0,1
BRDA:309,28,1,0
BRF:58
BRH:51
end_of_record
TN:
SF:js/dateUtils.js
FN:17,isOverdue
FN:31,isDueToday
FN:43,isDueThisWeek
FN:63,daysUntilDue
FN:82,formatDueDate
FN:116,getDueDateStatus
FN:143,isValidDateString
FN:156,getStartOfDay
FNF:8
FNH:8
FNDA:11,isOverdue
FNDA:7,isDueToday
FNDA:13,isDueThisWeek
FNDA:10,daysUntilDue
FNDA:13,formatDueDate
FNDA:12,getDueDateStatus
FNDA:66,isValidDateString
FNDA:86,getStartOfDay
DA:7,2
DA:18,11
DA:20,6
DA:21,6
DA:23,6
DA:32,7
DA:34,5
DA:35,5
DA:44,13
DA:46,11
DA:47,11
DA:48,11
DA:50,11
DA:52,11
DA:64,10
DA:66,7
DA:67,7
DA:69,7
DA:70,7
DA:83,13
DA:84,4
DA:87,9
DA:88,9
DA:89,9
DA:90,9
DA:92,9
DA:93,2
DA:94,7
DA:95,2
DA:96,5
DA:97,2
DA:99,3
DA:117,12
DA:119,10
DA:120,10
DA:121,10
DA:122,10
DA:124,10
DA:125,2
DA:126,8
DA:127,2
DA:128,6
DA:129,2
DA:130,4
DA:131,2
DA:133,2
DA:144,66
DA:146,53
DA:147,53
DA:157,86
DA:158,86
DA:159,86
DA:162,2
LF:53
LH:53
BRDA:18,0,0,5
BRDA:18,0,1,6
BRDA:32,1,0,2
BRDA:32,1,1,5
BRDA:44,2,0,2
BRDA:44,2,1,11
BRDA:52,3,0,11
BRDA:52,3,1,10
BRDA:64,4,0,3
BRDA:64,4,1,7
BRDA:83,5,0,4
BRDA:83,5,1,9
BRDA:84,6,0,2
BRDA:84,6,1,2
BRDA:92,7,0,2
BRDA:92,7,1,7
BRDA:94,8,0,2
BRDA:94,8,1,5
BRDA:96,9,0,2
BRDA:96,9,1,3
BRDA:117,10,0,2
BRDA:117,10,1,10
BRDA:124,11,0,2
BRDA:124,11,1,8
BRDA:126,12,0,2
BRDA:126,12,1,6
BRDA:128,13,0,2
BRDA:128,13,1,4
BRDA:130,14,0,2
BRDA:130,14,1,2
BRDA:144,15,0,13
BRDA:144,15,1,53
BRDA:144,16,0,66
BRDA:144,16,1,53
BRDA:147,17,0,53
BRDA:147,17,1,48
BRF:36
BRH:36
end_of_record
TN:
SF:js/filters.js
FN:6,(anonymous_0)
FN:12,(anonymous_1)
FN:19,(anonymous_2)
FN:23,(anonymous_3)
FN:29,(anonymous_4)
FN:39,(anonymous_5)
FN:44,(anonymous_6)
FN:49,(anonymous_7)
FN:59,(anonymous_8)
FN:67,(anonymous_9)
FN:74,(anonymous_10)
FN:75,(anonymous_11)
FN:78,(anonymous_12)
FN:85,(anonymous_13)
FN:90,(anonymous_14)
FN:111,(anonymous_15)
FN:122,(anonymous_16)
FN:126,(anonymous_17)
FN:128,(anonymous_18)
FN:141,(anonymous_19)
FN:142,(anonymous_20)
FN:158,(anonymous_21)
FN:159,(anonymous_22)
FN:176,(anonymous_23)
FN:179,(anonymous_24)
FN:180,(anonymous_25)
FN:181,(anonymous_26)
FN:191,(anonymous_27)
FN:205,(anonymous_28)
FN:213,(anonymous_29)
FN:219,(anonymous_30)
FNF:31
FNH:23
FNDA:7,(anonymous_0)
FNDA:7,(anonymous_1)
FNDA:1,(anonymous_2)
FNDA:1,(anonymous_3)
FNDA:0,(anonymous_4)
FNDA:3,(anonymous_5)
FNDA:4,(anonymous_6)
FNDA:5,(anonymous_7)
FNDA:1,(anonymous_8)
FNDA:0,(anonymous_9)
FNDA:21,(anonymous_10)
FNDA:36,(anonymous_11)
FNDA:12,(anonymous_12)
FNDA:7,(anonymous_13)
FNDA:0,(anonymous_14)
FNDA:8,(anonymous_15)
FNDA:1,(anonymous_16)
FNDA:1,(anonymous_17)
FNDA:0,(anonymous_18)
FNDA:3,(anonymous_19)
FNDA:0,(anonymous_20)
FNDA:3,(anonymous_21)
FNDA:0,(anonymous_22)
FNDA:4,(anonymous_23)
FNDA:1,(anonymous_24)
FNDA:1,(anonymous_25)
FNDA:1,(anonymous_26)
FNDA:3,(anonymous_27)
FNDA:2,(anonymous_28)
FNDA:0,(anonymous_29)
FNDA:0,(anonymous_30)
DA:7,7
DA:8,7
DA:14,7
DA:15,7
DA:17,7
DA:19,6
DA:20,1
DA:23,6
DA:24,1
DA:28,7
DA:29,6
DA:30,0
DA:31,0
DA:32,0
DA:34,0
DA:39,7
DA:40,3
DA:44,7
DA:45,4
DA:49,7
DA:50,5
DA:54,7
DA:57,7
DA:58,7
DA:59,6
DA:60,1
DA:65,7
DA:66,7
DA:67,6
DA:68,0
DA:75,21
DA:76,36
DA:77,12
DA:78,12
DA:79,12
DA:86,7
DA:87,7
DA:88,7
DA:90,7
DA:91,0
DA:96,0
DA:99,7
DA:100,0
DA:102,7
DA:103,0
DA:105,7
DA:106,0
DA:112,8
DA:113,8
DA:114,2
DA:115,2
DA:116,0
DA:123,1
DA:126,1
DA:127,1
DA:128,1
DA:129,1
DA:130,1
DA:131,0
DA:132,0
DA:133,0
DA:134,0
DA:135,0
DA:141,1
DA:142,3
DA:143,3
DA:144,3
DA:145,1
DA:146,1
DA:147,0
DA:148,0
DA:149,0
DA:150,0
DA:151,0
DA:158,1
DA:159,3
DA:160,3
DA:161,3
DA:162,1
DA:163,1
DA:164,0
DA:165,0
DA:166,0
DA:167,0
DA:168,0
DA:177,4
DA:179,1
DA:180,1
DA:181,1
DA:187,4
DA:192,3
DA:193,3
DA:206,2
DA:207,2
DA:208,2
DA:215,0
DA:216,0
DA:219,0
DA:220,0
DA:226,7
DA:229,7
LF:101
LH:71
BRDA:17,0,0,6
BRDA:17,0,1,1
BRDA:28,1,0,6
BRDA:28,1,1,1
BRDA:30,2,0,0
BRDA:30,2,1,0
BRDA:58,3,0,6
BRDA:58,3,1,1
BRDA:66,4,0,6
BRDA:66,4,1,1
BRDA:76,5,0,12
BRDA:76,5,1,24
BRDA:92,6,0,0
BRDA:92,6,1,0
BRDA:93,7,0,0
BRDA:93,7,1,0
BRDA:94,8,0,0
BRDA:94,8,1,0
BRDA:99,9,0,0
BRDA:99,9,1,7
BRDA:102,10,0,0
BRDA:102,10,1,7
BRDA:105,11,0,0
BRDA:105,11,1,7
BRDA:113,12,0,2
BRDA:113,12,1,6
BRDA:113,13,0,8
BRDA:113,13,1,8
BRDA:115,14,0,0
BRDA:115,14,1,2
BRDA:130,15,0,0
BRDA:130,15,1,1
BRDA:131,16,0,0
BRDA:131,16,1,0
BRDA:134,17,0,0
BRDA:134,17,1,0
BRDA:144,18,0,1
BRDA:144,18,1,2
BRDA:146,19,0,0
BRDA:146,19,1,1
BRDA:147,20,0,0
BRDA:147,20,1,0
BRDA:150,21,0,0
BRDA:150,21,1,0
BRDA:161,22,0,1
BRDA:161,22,1,2
BRDA:163,23,0,0
BRDA:163,23,1,1
BRDA:164,24,0,0
BRDA:164,24,1,0
BRDA:167,25,0,0
BRDA:167,25,1,0
BRDA:178,26,0,4
BRDA:178,26,1,1
BRDA:182,27,0,4
BRDA:182,27,1,3
BRDA:183,28,0,4
BRDA:183,28,1,4
BRDA:184,29,0,4
BRDA:184,29,1,4
BRDA:194,30,0,3
BRDA:194,30,1,1
BRDA:194,30,2,1
BRDA:194,30,3,1
BRDA:194,30,4,1
BRDA:194,30,5,1
BRDA:194,30,6,1
BRDA:207,31,0,2
BRDA:207,31,1,0
BRDA:208,32,0,1
BRDA:208,32,1,1
BRF:71
BRH:43
end_of_record
TN:
SF:js/storage.js
FN:35,(anonymous_0)
FN:40,(anonymous_1)
FN:59,(anonymous_2)
FN:69,(anonymous_3)
FN:79,(anonymous_4)
FN:85,(anonymous_5)
FN:87,(anonymous_6)
FN:95,(anonymous_7)
FN:97,(anonymous_8)
FN:101,(anonymous_9)
FN:103,(anonymous_10)
FN:107,(anonymous_11)
FN:117,(anonymous_12)
FN:127,(anonymous_13)
FN:133,(anonymous_14)
FN:135,(anonymous_15)
FN:143,(anonymous_16)
FN:145,(anonymous_17)
FN:149,(anonymous_18)
FN:151,(anonymous_19)
FN:155,(anonymous_20)
FN:165,(anonymous_21)
FN:175,(anonymous_22)
FN:182,(anonymous_23)
FN:195,(anonymous_24)
FN:204,(anonymous_25)
FN:223,(anonymous_26)
FN:242,(anonymous_27)
FN:251,(anonymous_28)
FN:270,(anonymous_29)
FN:271,(anonymous_30)
FN:273,(anonymous_31)
FN:285,(anonymous_32)
FNF:33
FNH:27
FNDA:6,(anonymous_0)
FNDA:7,(anonymous_1)
FNDA:32,(anonymous_2)
FNDA:24,(anonymous_3)
FNDA:0,(anonymous_4)
FNDA:2,(anonymous_5)
FNDA:2,(anonymous_6)
FNDA:2,(anonymous_7)
FNDA:1,(anonymous_8)
FNDA:3,(anonymous_9)
FNDA:3,(anonymous_10)
FNDA:21,(anonymous_11)
FNDA:18,(anonymous_12)
FNDA:1,(anonymous_13)
FNDA:1,(anonymous_14)
FNDA:1,(anonymous_15)
FNDA:1,(anonymous_16)
FNDA:1,(anonymous_17)
FNDA:2,(anonymous_18)
FNDA:2,(anonymous_19)
FNDA:15,(anonymous_20)
FNDA:14,(anonymous_21)
FNDA:1,(anonymous_22)
FNDA:1,(anonymous_23)
FNDA:1,(anonymous_24)
FNDA:1,(anonymous_25)
FNDA:1,(anonymous_26)
FNDA:1,(anonymous_27)
FNDA:0,(anonymous_28)
FNDA:0,(anonymous_29)
FNDA:0,(anonymous_30)
FNDA:0,(anonymous_31)
FNDA:0,(anonymous_32)
DA:5,6
DA:12,6
DA:36,6
DA:41,7
DA:42,7
DA:45,7
DA:46,7
DA:49,7
DA:50,7
DA:60,32
DA:61,32
DA:62,32
DA:64,0
DA:65,0
DA:70,24
DA:71,24
DA:72,24
DA:74,0
DA:75,0
DA:80,0
DA:81,0
DA:82,0
DA:86,2
DA:87,2
DA:88,2
DA:89,1
DA:90,1
DA:92,1
DA:96,2
DA:97,2
DA:98,2
DA:102,3
DA:103,3
DA:108,21
DA:109,21
DA:110,21
DA:112,0
DA:113,0
DA:118,18
DA:119,18
DA:120,18
DA:122,0
DA:123,0
DA:128,1
DA:129,1
DA:130,1
DA:134,1
DA:135,1
DA:136,1
DA:137,1
DA:138,1
DA:140,0
DA:144,1
DA:145,1
DA:146,1
DA:150,2
DA:151,2
DA:156,15
DA:157,15
DA:158,15
DA:160,0
DA:161,0
DA:166,14
DA:167,14
DA:168,14
DA:170,0
DA:171,0
DA:176,1
DA:177,1
DA:178,1
DA:183,1
DA:184,1
DA:185,1
DA:186,1
DA:187,1
DA:188,1
DA:190,0
DA:191,0
DA:196,1
DA:205,1
DA:206,1
DA:207,1
DA:209,1
DA:210,1
DA:212,1
DA:213,1
DA:215,1
DA:217,0
DA:218,0
DA:224,1
DA:225,1
DA:227,1
DA:228,9
DA:229,3
DA:230,3
DA:231,3
DA:235,1
DA:243,1
DA:244,1
DA:245,1
DA:246,1
DA:247,1
DA:252,0
DA:258,0
DA:259,0
DA:261,0
DA:262,0
DA:263,0
DA:264,0
DA:265,0
DA:266,0
DA:267,0
DA:271,0
DA:272,0
DA:273,0
DA:274,0
DA:275,0
DA:276,0
DA:277,0
DA:279,0
DA:282,0
DA:285,0
DA:286,0
DA:292,6
DA:295,6
DA:296,6
DA:300,6
DA:302,6
DA:303,6
LF:129
LH:88
BRDA:41,0,0,7
BRDA:41,0,1,0
BRDA:45,1,0,7
BRDA:45,1,1,0
BRDA:49,2,0,7
BRDA:49,2,1,0
BRDA:62,3,0,25
BRDA:62,3,1,7
BRDA:88,4,0,1
BRDA:88,4,1,1
BRDA:110,5,0,14
BRDA:110,5,1,7
BRDA:136,6,0,1
BRDA:136,6,1,0
BRDA:158,7,0,8
BRDA:158,7,1,7
BRDA:176,8,0,1
BRDA:176,8,1,0
BRDA:206,9,0,1
BRDA:206,9,1,0
BRDA:206,10,0,1
BRDA:206,10,1,1
BRDA:209,11,0,1
BRDA:209,11,1,0
BRDA:209,12,0,1
BRDA:209,12,1,1
BRDA:212,13,0,1
BRDA:212,13,1,0
BRDA:212,14,0,1
BRDA:212,14,1,1
BRDA:228,15,0,3
BRDA:228,15,1,6
BRDA:243,16,0,0
BRDA:243,16,1,1
BRDA:276,17,0,0
BRDA:276,17,1,0
BRDA:276,18,0,0
BRDA:276,18,1,0
BRDA:295,19,0,6
BRDA:295,19,1,0
BRDA:302,20,0,6
BRDA:302,20,1,0
BRDA:302,21,0,6
BRDA:302,21,1,6
BRF:44
BRH:29
end_of_record
TN:
SF:js/taskManager.js
FN:9,(anonymous_0)
FN:27,(anonymous_1)
FN:36,(anonymous_2)
FN:41,(anonymous_3)
FN:46,(anonymous_4)
FN:51,(anonymous_5)
FN:71,(anonymous_6)
FN:72,(anonymous_7)
FN:92,(anonymous_8)
FN:93,(anonymous_9)
FN:105,(anonymous_10)
FN:106,(anonymous_11)
FN:117,(anonymous_12)
FN:118,(anonymous_13)
FN:122,(anonymous_14)
FN:140,(anonymous_15)
FN:146,(anonymous_16)
FN:152,(anonymous_17)
FN:158,(anonymous_18)
FN:164,(anonymous_19)
FN:172,(anonymous_20)
FN:179,(anonymous_21)
FN:197,(anonymous_22)
FN:205,(anonymous_23)
FN:222,(anonymous_24)
FN:229,(anonymous_25)
FN:276,(anonymous_26)
FN:284,(anonymous_27)
FN:292,(anonymous_28)
FN:325,(anonymous_29)
FN:333,(anonymous_30)
FN:344,(anonymous_31)
FN:371,(anonymous_32)
FN:390,(anonymous_33)
FN:398,(anonymous_34)
FN:402,(anonymous_35)
FN:409,(anonymous_36)
FN:415,(anonymous_37)
FN:416,(anonymous_38)
FN:420,(anonymous_39)
FN:432,(anonymous_40)
FN:434,(anonymous_41)
FN:435,(anonymous_42)
FN:445,(anonymous_43)
FN:446,(anonymous_44)
FN:453,(anonymous_45)
FN:454,(anonymous_46)
FN:463,(anonymous_47)
FNF:48
FNH:28
FNDA:34,(anonymous_0)
FNDA:34,(anonymous_1)
FNDA:9,(anonymous_2)
FNDA:0,(anonymous_3)
FNDA:0,(anonymous_4)
FNDA:4,(anonymous_5)
FNDA:5,(anonymous_6)
FNDA:3,(anonymous_7)
FNDA:5,(anonymous_8)
FNDA:2,(anonymous_9)
FNDA:1,(anonymous_10)
FNDA:1,(anonymous_11)
FNDA:2,(anonymous_12)
FNDA:2,(anonymous_13)
FNDA:51,(anonymous_14)
FNDA:1,(anonymous_15)
FNDA:1,(anonymous_16)
FNDA:1,(anonymous_17)
FNDA:1,(anonymous_18)
FNDA:1,(anonymous_19)
FNDA:1,(anonymous_20)
FNDA:1,(anonymous_21)
FNDA:0,(anonymous_22)
FNDA:52,(anonymous_23)
FNDA:3,(anonymous_24)
FNDA:3,(anonymous_25)
FNDA:52,(anonymous_26)
FNDA:0,(anonymous_27)
FNDA:0,(anonymous_28)
FNDA:0,(anonymous_29)
FNDA:1,(anonymous_30)
FNDA:1,(anonymous_31)
FNDA:0,(anonymous_32)
FNDA:34,(anonymous_33)
FNDA:0,(anonymous_34)
FNDA:0,(anonymous_35)
FNDA:0,(anonymous_36)
FNDA:0,(anonymous_37)
FNDA:0,(anonymous_38)
FNDA:0,(anonymous_39)
FNDA:34,(anonymous_40)
FNDA:0,(anonymous_41)
FNDA:0,(anonymous_42)
FNDA:0,(anonymous_43)
FNDA:0,(anonymous_44)
FNDA:0,(anonymous_45)
FNDA:0,(anonymous_46)
FNDA:0,(anonymous_47)
DA:5,6
DA:6,6
DA:10,34
DA:11,34
DA:12,34
DA:21,34
DA:22,34
DA:23,34
DA:29,34
DA:32,34
DA:37,9
DA:42,0
DA:47,0
DA:52,4
DA:64,4
DA:65,4
DA:66,4
DA:67,4
DA:72,5
DA:73,5
DA:74,2
DA:77,3
DA:85,3
DA:86,3
DA:87,3
DA:88,3
DA:93,5
DA:94,5
DA:95,3
DA:98,2
DA:99,2
DA:100,2
DA:101,2
DA:106,1
DA:107,1
DA:109,1
DA:110,1
DA:111,1
DA:113,1
DA:118,2
DA:123,51
DA:133,51
DA:134,51
DA:135,51
DA:136,51
DA:141,1
DA:142,1
DA:147,1
DA:148,1
DA:153,1
DA:154,1
DA:159,1
DA:160,1
DA:165,1
DA:166,1
DA:167,1
DA:168,1
DA:173,1
DA:174,1
DA:175,1
DA:180,1
DA:191,1
DA:192,1
DA:193,1
DA:197,1
DA:198,0
DA:201,1
DA:206,52
DA:207,52
DA:209,52
DA:211,18
DA:213,18
DA:214,16
DA:215,16
DA:216,16
DA:219,2
DA:220,2
DA:222,2
DA:223,3
DA:224,3
DA:230,3
DA:231,3
DA:232,3
DA:234,3
DA:235,3
DA:236,3
DA:238,3
DA:272,3
DA:277,52
DA:278,52
DA:279,18
DA:285,0
DA:286,0
DA:287,0
DA:293,0
DA:294,0
DA:295,0
DA:297,0
DA:300,0
DA:302,0
DA:304,0
DA:305,0
DA:315,0
DA:319,0
DA:321,0
DA:326,0
DA:327,0
DA:328,0
DA:334,1
DA:336,1
DA:337,1
DA:338,1
DA:340,1
DA:342,1
DA:343,1
DA:344,1
DA:345,1
DA:347,1
DA:353,0
DA:355,0
DA:356,0
DA:359,0
DA:360,0
DA:363,0
DA:366,0
DA:372,0
DA:373,0
DA:375,0
DA:379,0
DA:381,0
DA:382,0
DA:383,0
DA:385,0
DA:392,34
DA:393,34
DA:394,34
DA:395,34
DA:397,34
DA:398,9
DA:401,34
DA:402,9
DA:403,0
DA:404,0
DA:408,34
DA:409,9
DA:413,34
DA:414,9
DA:415,9
DA:416,0
DA:420,9
DA:421,0
DA:422,0
DA:428,34
DA:434,34
DA:435,0
DA:436,0
DA:437,0
DA:438,0
DA:439,0
DA:445,34
DA:446,0
DA:447,0
DA:448,0
DA:453,34
DA:454,0
DA:455,0
DA:456,0
DA:457,0
DA:464,0
DA:465,0
DA:466,0
DA:471,6
DA:474,6
DA:475,6
DA:479,6
DA:481,6
DA:482,6
LF:177
LH:122
BRDA:29,0,0,34
BRDA:29,0,1,0
BRDA:29,1,0,34
BRDA:29,1,1,34
BRDA:55,2,0,2
BRDA:55,2,1,2
BRDA:57,3,0,4
BRDA:57,3,1,3
BRDA:58,4,0,4
BRDA:58,4,1,2
BRDA:59,5,0,4
BRDA:59,5,1,3
BRDA:73,6,0,2
BRDA:73,6,1,3
BRDA:80,7,0,1
BRDA:80,7,1,2
BRDA:81,8,0,0
BRDA:81,8,1,3
BRDA:81,9,0,0
BRDA:81,9,1,0
BRDA:94,10,0,3
BRDA:94,10,1,2
BRDA:107,11,0,0
BRDA:107,11,1,1
BRDA:165,12,0,1
BRDA:165,12,1,0
BRDA:166,13,0,1
BRDA:166,13,1,1
BRDA:167,14,0,1
BRDA:167,14,1,0
BRDA:192,15,0,1
BRDA:192,15,1,0
BRDA:209,16,0,34
BRDA:209,16,1,18
BRDA:209,17,0,52
BRDA:209,17,1,18
BRDA:213,18,0,16
BRDA:213,18,1,2
BRDA:231,19,0,0
BRDA:231,19,1,3
BRDA:235,20,0,0
BRDA:235,20,1,3
BRDA:236,21,0,0
BRDA:236,21,1,3
BRDA:246,22,0,0
BRDA:246,22,1,3
BRDA:253,23,0,1
BRDA:253,23,1,2
BRDA:263,24,0,1
BRDA:263,24,1,2
BRDA:278,25,0,18
BRDA:278,25,1,34
BRDA:286,26,0,0
BRDA:286,26,1,0
BRDA:292,27,0,0
BRDA:297,28,0,0
BRDA:297,28,1,0
BRDA:297,29,0,0
BRDA:297,29,1,0
BRDA:297,29,2,0
BRDA:302,30,0,0
BRDA:302,30,1,0
BRDA:319,31,0,0
BRDA:319,31,1,0
BRDA:327,32,0,0
BRDA:327,32,1,0
BRDA:343,33,0,1
BRDA:343,33,1,0
BRDA:353,34,0,0
BRDA:353,34,1,0
BRDA:373,35,0,0
BRDA:373,35,1,0
BRDA:379,36,0,0
BRDA:379,36,1,0
BRDA:397,37,0,9
BRDA:397,37,1,25
BRDA:401,38,0,9
BRDA:401,38,1,25
BRDA:408,39,0,9
BRDA:408,39,1,25
BRDA:413,40,0,9
BRDA:413,40,1,25
BRDA:421,41,0,0
BRDA:421,41,1,0
BRDA:438,42,0,0
BRDA:438,42,1,0
BRDA:474,43,0,6
BRDA:474,43,1,0
BRDA:481,44,0,6
BRDA:481,44,1,0
BRDA:481,45,0,6
BRDA:481,45,1,6
BRF:92
BRH:53
end_of_record
TN:
SF:js/utils.js
FN:6,generateId
FN:11,formatDate
FN:22,isOverdue
FN:32,isDueSoon
FN:44,getPriorityClass
FN:54,getStatusClass
FN:64,getDueDateClass
FN:72,capitalize
FN:77,statusToText
FN:87,priorityToText
FN:97,isValidEmail
FN:103,debounce
FN:105,executedFunction
FN:106,(anonymous_13)
FN:116,sortTasks
FN:121,(anonymous_15)
FN:124,(anonymous_16)
FN:127,(anonymous_17)
FN:130,(anonymous_18)
FN:133,(anonymous_19)
FN:139,(anonymous_20)
FN:145,(anonymous_21)
FN:151,(anonymous_22)
FNF:23
FNH:23
FNDA:3,generateId
FNDA:4,formatDate
FNDA:10,isOverdue
FNDA:9,isDueSoon
FNDA:8,getPriorityClass
FNDA:8,getStatusClass
FNDA:6,getDueDateClass
FNDA:2,capitalize
FNDA:8,statusToText
FNDA:8,priorityToText
FNDA:4,isValidEmail
FNDA:2,debounce
FNDA:2,executedFunction
FNDA:1,(anonymous_13)
FNDA:17,sortTasks
FNDA:3,(anonymous_15)
FNDA:2,(anonymous_16)
FNDA:2,(anonymous_17)
FNDA:2,(anonymous_18)
FNDA:2,(anonymous_19)
FNDA:2,(anonymous_20)
FNDA:2,(anonymous_21)
FNDA:2,(anonymous_22)
DA:7,3
DA:12,4
DA:13,2
DA:14,2
DA:23,10
DA:24,8
DA:25,8
DA:26,8
DA:27,8
DA:28,8
DA:33,9
DA:34,7
DA:35,7
DA:36,7
DA:37,7
DA:38,7
DA:39,7
DA:40,7
DA:45,8
DA:46,2
DA:47,2
DA:48,2
DA:49,2
DA:55,8
DA:56,2
DA:57,2
DA:58,2
DA:59,2
DA:65,6
DA:66,4
DA:67,2
DA:68,1
DA:73,2
DA:78,8
DA:79,2
DA:80,2
DA:81,2
DA:82,2
DA:88,8
DA:89,2
DA:90,2
DA:91,2
DA:92,2
DA:98,4
DA:99,4
DA:105,2
DA:106,2
DA:107,1
DA:108,1
DA:110,2
DA:111,2
DA:117,17
DA:119,17
DA:121,3
DA:122,3
DA:124,2
DA:125,2
DA:127,2
DA:128,2
DA:130,2
DA:131,2
DA:133,2
DA:134,2
DA:135,2
DA:137,2
DA:139,2
DA:140,2
DA:141,2
DA:143,2
DA:145,2
DA:146,2
DA:147,2
DA:149,2
DA:151,2
DA:152,2
DA:153,2
DA:155,2
DA:157,0
DA:159,17
DA:163,2
DA:180,2
DA:181,2
DA:182,2
DA:186,2
DA:187,2
LF:85
LH:84
BRDA:12,0,0,2
BRDA:12,0,1,2
BRDA:23,1,0,2
BRDA:23,1,1,8
BRDA:33,2,0,2
BRDA:33,2,1,7
BRDA:40,3,0,7
BRDA:40,3,1,7
BRDA:45,4,0,2
BRDA:45,4,1,2
BRDA:45,4,2,2
BRDA:45,4,3,2
BRDA:55,5,0,2
BRDA:55,5,1,2
BRDA:55,5,2,2
BRDA:55,5,3,2
BRDA:65,6,0,2
BRDA:65,6,1,4
BRDA:66,7,0,2
BRDA:66,7,1,2
BRDA:67,8,0,1
BRDA:67,8,1,1
BRDA:78,9,0,2
BRDA:78,9,1,2
BRDA:78,9,2,2
BRDA:78,9,3,2
BRDA:88,10,0,2
BRDA:88,10,1,2
BRDA:88,10,2,2
BRDA:88,10,3,2
BRDA:119,11,0,3
BRDA:119,11,1,2
BRDA:119,11,2,2
BRDA:119,11,3,2
BRDA:119,11,4,2
BRDA:119,11,5,2
BRDA:119,11,6,2
BRDA:119,11,7,2
BRDA:119,11,8,0
BRDA:135,12,0,2
BRDA:135,12,1,0
BRDA:135,13,0,2
BRDA:135,13,1,0
BRDA:141,14,0,2
BRDA:141,14,1,0
BRDA:141,15,0,2
BRDA:141,15,1,0
BRDA:147,16,0,2
BRDA:147,16,1,0
BRDA:147,17,0,2
BRDA:147,17,1,0
BRDA:153,18,0,2
BRDA:153,18,1,0
BRDA:153,19,0,2
BRDA:153,19,1,0
BRDA:180,20,0,2
BRDA:180,20,1,0
BRDA:186,21,0,2
BRDA:186,21,1,0
BRDA:186,22,0,2
BRDA:186,22,1,2
BRF:61
BRH:50
end_of_record
TN:
SF:js/validators.js
FN:27,validateTask
FN:85,validateDueDate
FNF:2
FNH:2
FNDA:18,validateTask
FNDA:6,validateDueDate
DA:7,4
DA:28,18
DA:29,0
DA:35,18
DA:38,18
DA:39,18
DA:40,4
DA:41,14
DA:42,2
DA:46,18
DA:47,18
DA:48,3
DA:52,18
DA:53,1
DA:57,18
DA:58,4
DA:62,18
DA:63,4
DA:67,18
DA:68,6
DA:69,6
DA:70,5
DA:74,18
DA:86,6
DA:88,6
DA:89,0
DA:90,0
DA:93,6
DA:94,6
DA:95,3
DA:96,3
DA:100,3
DA:101,3
DA:102,3
DA:103,3
DA:105,3
DA:106,2
DA:109,3
DA:115,4
LF:39
LH:36
BRDA:28,0,0,0
BRDA:28,0,1,18
BRDA:28,1,0,18
BRDA:28,1,1,18
BRDA:39,2,0,4
BRDA:39,2,1,14
BRDA:41,3,0,2
BRDA:41,3,1,12
BRDA:47,4,0,3
BRDA:47,4,1,15
BRDA:47,5,0,18
BRDA:47,5,1,10
BRDA:52,6,0,1
BRDA:52,6,1,17
BRDA:52,7,0,18
BRDA:52,7,1,17
BRDA:57,8,0,4
BRDA:57,8,1,14
BRDA:62,9,0,4
BRDA:62,9,1,14
BRDA:67,10,0,6
BRDA:67,10,1,12
BRDA:69,11,0,5
BRDA:69,11,1,1
BRDA:88,12,0,0
BRDA:88,12,1,6
BRDA:94,13,0,3
BRDA:94,13,1,3
BRDA:105,14,0,2
BRDA:105,14,1,1
BRF:30
BRH:28
end_of_record
