TN:
SF:js/advancedFilters.js
FN:26,filterTasksAdvanced
FN:45,(anonymous_1)
FN:54,matchesAdvancedFilters
FN:102,(anonymous_3)
FN:112,(anonymous_4)
FN:113,(anonymous_5)
FN:121,isOverdue
FN:138,isDueToday
FN:150,isDueThisWeek
FNF:9
FNH:9
FNDA:10,filterTasksAdvanced
FNDA:38,(anonymous_1)
FNDA:38,matchesAdvancedFilters
FNDA:14,(anonymous_3)
FNDA:4,(anonymous_4)
FNDA:42,(anonymous_5)
FNDA:4,isOverdue
FNDA:5,isDueToday
FNDA:5,isDueThisWeek
DA:7,1
DA:28,10
DA:29,0
DA:30,0
DA:34,10
DA:35,1
DA:39,9
DA:40,9
DA:41,0
DA:42,0
DA:45,38
DA:56,38
DA:57,0
DA:60,38
DA:61,38
DA:64,38
DA:65,16
DA:69,38
DA:70,8
DA:74,38
DA:75,8
DA:79,38
DA:80,8
DA:81,8
DA:82,8
DA:83,8
DA:84,8
DA:89,38
DA:90,38
DA:91,4
DA:93,38
DA:94,5
DA:96,38
DA:97,5
DA:101,38
DA:102,14
DA:106,38
DA:107,0
DA:111,38
DA:112,4
DA:113,42
DA:122,4
DA:124,3
DA:125,3
DA:127,3
DA:128,3
DA:130,3
DA:139,5
DA:141,4
DA:142,4
DA:151,5
DA:153,4
DA:154,4
DA:155,4
DA:157,4
DA:158,4
DA:161,1
LF:57
LH:51
BRDA:26,0,0,0
BRDA:28,1,0,0
BRDA:28,1,1,10
BRDA:34,2,0,1
BRDA:34,2,1,9
BRDA:34,3,0,10
BRDA:34,3,1,10
BRDA:39,4,0,9
BRDA:39,4,1,4
BRDA:40,5,0,0
BRDA:40,5,1,9
BRDA:56,6,0,0
BRDA:56,6,1,38
BRDA:56,7,0,38
BRDA:56,7,1,38
BRDA:60,8,0,18
BRDA:64,9,0,16
BRDA:64,9,1,22
BRDA:64,10,0,38
BRDA:64,10,1,16
BRDA:64,10,2,16
BRDA:69,11,0,8
BRDA:69,11,1,30
BRDA:69,12,0,38
BRDA:69,12,1,8
BRDA:69,12,2,8
BRDA:74,13,0,8
BRDA:74,13,1,30
BRDA:74,14,0,38
BRDA:74,14,1,8
BRDA:74,14,2,8
BRDA:79,15,0,8
BRDA:79,15,1,30
BRDA:79,16,0,38
BRDA:79,16,1,8
BRDA:81,17,0,8
BRDA:81,17,1,0
BRDA:82,18,0,8
BRDA:82,18,1,8
BRDA:83,19,0,8
BRDA:83,19,1,0
BRDA:84,20,0,8
BRDA:84,20,1,2
BRDA:90,21,0,4
BRDA:90,21,1,34
BRDA:93,22,0,5
BRDA:93,22,1,33
BRDA:96,23,0,5
BRDA:96,23,1,33
BRDA:101,24,0,14
BRDA:101,24,1,24
BRDA:106,25,0,0
BRDA:106,25,1,38
BRDA:111,26,0,4
BRDA:111,26,1,34
BRDA:122,27,0,1
BRDA:122,27,1,3
BRDA:139,28,0,1
BRDA:139,28,1,4
BRDA:151,29,0,1
BRDA:151,29,1,4
BRDA:158,30,0,4
BRDA:158,30,1,3
BRF:63
BRH:56
end_of_record
TN:
SF:js/categoryManager.js
FN:6,(anonymous_0)
FN:13,(anonymous_1)
FN:18,(anonymous_2)
FN:23,(anonymous_3)
FN:28,(anonymous_4)
FN:29,(anonymous_5)
FN:33,(anonymous_6)
FN:42,(anonymous_7)
FN:52,(anonymous_8)
FN:53,(anonymous_9)
FN:65,(anonymous_10)
FN:75,(anonymous_11)
FN:76,(anonymous_12)
FN:83,(anonymous_13)
FN:95,(anonymous_14)
FN:101,(anonymous_15)
FN:107,(anonymous_16)
FN:113,(anonymous_17)
FN:134,(anonymous_18)
FN:139,(anonymous_19)
FN:148,(anonymous_20)
FN:154,(anonymous_21)
FN:169,(anonymous_22)
FN:195,(anonymous_23)
FN:203,(anonymous_24)
FN:240,(anonymous_25)
FN:269,(anonymous_26)
FN:276,(anonymous_27)
FN:280,(anonymous_28)
FN:286,(anonymous_29)
FN:287,(anonymous_30)
FN:291,(anonymous_31)
FN:303,(anonymous_32)
FN:305,(anonymous_33)
FN:306,(anonymous_34)
FN:316,(anonymous_35)
FN:317,(anonymous_36)
FN:325,(anonymous_37)
FNF:38
FNH:0
FNDA:0,(anonymous_0)
FNDA:0,(anonymous_1)
FNDA:0,(anonymous_2)
FNDA:0,(anonymous_3)
FNDA:0,(anonymous_4)
FNDA:0,(anonymous_5)
FNDA:0,(anonymous_6)
FNDA:0,(anonymous_7)
FNDA:0,(anonymous_8)
FNDA:0,(anonymous_9)
FNDA:0,(anonymous_10)
FNDA:0,(anonymous_11)
FNDA:0,(anonymous_12)
FNDA:0,(anonymous_13)
FNDA:0,(anonymous_14)
FNDA:0,(anonymous_15)
FNDA:0,(anonymous_16)
FNDA:0,(anonymous_17)
FNDA:0,(anonymous_18)
FNDA:0,(anonymous_19)
FNDA:0,(anonymous_20)
FNDA:0,(anonymous_21)
FNDA:0,(anonymous_22)
FNDA:0,(anonymous_23)
FNDA:0,(anonymous_24)
FNDA:0,(anonymous_25)
FNDA:0,(anonymous_26)
FNDA:0,(anonymous_27)
FNDA:0,(anonymous_28)
FNDA:0,(anonymous_29)
FNDA:0,(anonymous_30)
FNDA:0,(anonymous_31)
FNDA:0,(anonymous_32)
FNDA:0,(anonymous_33)
FNDA:0,(anonymous_34)
FNDA:0,(anonymous_35)
FNDA:0,(anonymous_36)
FNDA:0,(anonymous_37)
DA:7,0
DA:8,0
DA:9,0
DA:14,0
DA:19,0
DA:24,0
DA:29,0
DA:34,0
DA:42,0
DA:43,0
DA:46,0
DA:47,0
DA:48,0
DA:53,0
DA:54,0
DA:55,0
DA:58,0
DA:65,0
DA:66,0
DA:69,0
DA:70,0
DA:71,0
DA:76,0
DA:77,0
DA:78,0
DA:82,0
DA:83,0
DA:85,0
DA:86,0
DA:89,0
DA:90,0
DA:91,0
DA:96,0
DA:97,0
DA:102,0
DA:103,0
DA:108,0
DA:109,0
DA:111,0
DA:113,0
DA:114,0
DA:115,0
DA:116,0
DA:126,0
DA:130,0
DA:135,0
DA:137,0
DA:139,0
DA:140,0
DA:141,0
DA:142,0
DA:143,0
DA:149,0
DA:150,0
DA:152,0
DA:154,0
DA:155,0
DA:156,0
DA:157,0
DA:164,0
DA:170,0
DA:171,0
DA:172,0
DA:174,0
DA:177,0
DA:179,0
DA:181,0
DA:182,0
DA:185,0
DA:189,0
DA:191,0
DA:196,0
DA:197,0
DA:198,0
DA:204,0
DA:206,0
DA:207,0
DA:208,0
DA:210,0
DA:213,0
DA:215,0
DA:216,0
DA:219,0
DA:220,0
DA:224,0
DA:225,0
DA:228,0
DA:229,0
DA:232,0
DA:235,0
DA:241,0
DA:242,0
DA:244,0
DA:248,0
DA:250,0
DA:251,0
DA:252,0
DA:255,0
DA:256,0
DA:259,0
DA:260,0
DA:264,0
DA:271,0
DA:272,0
DA:273,0
DA:275,0
DA:276,0
DA:279,0
DA:280,0
DA:284,0
DA:285,0
DA:286,0
DA:287,0
DA:291,0
DA:292,0
DA:293,0
DA:299,0
DA:305,0
DA:306,0
DA:307,0
DA:308,0
DA:309,0
DA:310,0
DA:316,0
DA:317,0
DA:318,0
DA:319,0
DA:326,0
DA:327,0
DA:332,0
DA:335,0
LF:131
LH:0
BRDA:37,0,0,0
BRDA:37,0,1,0
BRDA:42,1,0,0
BRDA:42,1,1,0
BRDA:54,2,0,0
BRDA:54,2,1,0
BRDA:61,3,0,0
BRDA:61,3,1,0
BRDA:65,4,0,0
BRDA:65,4,1,0
BRDA:65,5,0,0
BRDA:65,5,1,0
BRDA:77,6,0,0
BRDA:77,6,1,0
BRDA:85,7,0,0
BRDA:85,7,1,0
BRDA:97,8,0,0
BRDA:97,8,1,0
BRDA:103,9,0,0
BRDA:103,9,1,0
BRDA:109,10,0,0
BRDA:109,10,1,0
BRDA:135,11,0,0
BRDA:135,11,1,0
BRDA:150,12,0,0
BRDA:150,12,1,0
BRDA:169,13,0,0
BRDA:174,14,0,0
BRDA:174,14,1,0
BRDA:174,15,0,0
BRDA:174,15,1,0
BRDA:174,15,2,0
BRDA:179,16,0,0
BRDA:179,16,1,0
BRDA:189,17,0,0
BRDA:189,17,1,0
BRDA:197,18,0,0
BRDA:197,18,1,0
BRDA:213,19,0,0
BRDA:213,19,1,0
BRDA:228,20,0,0
BRDA:228,20,1,0
BRDA:242,21,0,0
BRDA:242,21,1,0
BRDA:248,22,0,0
BRDA:248,22,1,0
BRDA:259,23,0,0
BRDA:259,23,1,0
BRDA:275,24,0,0
BRDA:275,24,1,0
BRDA:279,25,0,0
BRDA:279,25,1,0
BRDA:284,26,0,0
BRDA:284,26,1,0
BRDA:292,27,0,0
BRDA:292,27,1,0
BRDA:309,28,0,0
BRDA:309,28,1,0
BRF:58
BRH:0
end_of_record
TN:
SF:js/dateUtils.js
FN:17,isOverdue
FN:31,isDueToday
FN:43,isDueThisWeek
FN:63,daysUntilDue
FN:82,formatDueDate
FN:116,getDueDateStatus
FN:143,isValidDateString
FN:156,getStartOfDay
FNF:8
FNH:8
FNDA:10,isOverdue
FNDA:6,isDueToday
FNDA:10,isDueThisWeek
FNDA:8,daysUntilDue
FNDA:7,formatDueDate
FNDA:7,getDueDateStatus
FNDA:48,isValidDateString
FNDA:56,getStartOfDay
DA:7,1
DA:18,10
DA:20,5
DA:21,5
DA:23,5
DA:32,6
DA:34,4
DA:35,4
DA:44,10
DA:46,8
DA:47,8
DA:48,8
DA:50,8
DA:52,8
DA:64,8
DA:66,5
DA:67,5
DA:69,5
DA:70,5
DA:83,7
DA:84,2
DA:87,5
DA:88,5
DA:89,5
DA:90,5
DA:92,5
DA:93,1
DA:94,4
DA:95,1
DA:96,3
DA:97,1
DA:99,2
DA:117,7
DA:119,5
DA:120,5
DA:121,5
DA:122,5
DA:124,5
DA:125,1
DA:126,4
DA:127,1
DA:128,3
DA:129,1
DA:130,2
DA:131,1
DA:133,1
DA:144,48
DA:146,36
DA:147,36
DA:157,56
DA:158,56
DA:159,56
DA:162,1
LF:53
LH:53
BRDA:18,0,0,5
BRDA:18,0,1,5
BRDA:32,1,0,2
BRDA:32,1,1,4
BRDA:44,2,0,2
BRDA:44,2,1,8
BRDA:52,3,0,8
BRDA:52,3,1,7
BRDA:64,4,0,3
BRDA:64,4,1,5
BRDA:83,5,0,2
BRDA:83,5,1,5
BRDA:84,6,0,1
BRDA:84,6,1,1
BRDA:92,7,0,1
BRDA:92,7,1,4
BRDA:94,8,0,1
BRDA:94,8,1,3
BRDA:96,9,0,1
BRDA:96,9,1,2
BRDA:117,10,0,2
BRDA:117,10,1,5
BRDA:124,11,0,1
BRDA:124,11,1,4
BRDA:126,12,0,1
BRDA:126,12,1,3
BRDA:128,13,0,1
BRDA:128,13,1,2
BRDA:130,14,0,1
BRDA:130,14,1,1
BRDA:144,15,0,12
BRDA:144,15,1,36
BRDA:144,16,0,48
BRDA:144,16,1,36
BRDA:147,17,0,36
BRDA:147,17,1,32
BRF:36
BRH:36
end_of_record
TN:
SF:js/filters.js
FN:6,(anonymous_0)
FN:12,(anonymous_1)
FN:19,(anonymous_2)
FN:23,(anonymous_3)
FN:29,(anonymous_4)
FN:39,(anonymous_5)
FN:44,(anonymous_6)
FN:49,(anonymous_7)
FN:59,(anonymous_8)
FN:67,(anonymous_9)
FN:74,(anonymous_10)
FN:75,(anonymous_11)
FN:78,(anonymous_12)
FN:85,(anonymous_13)
FN:90,(anonymous_14)
FN:111,(anonymous_15)
FN:122,(anonymous_16)
FN:126,(anonymous_17)
FN:128,(anonymous_18)
FN:141,(anonymous_19)
FN:142,(anonymous_20)
FN:158,(anonymous_21)
FN:159,(anonymous_22)
FN:176,(anonymous_23)
FN:179,(anonymous_24)
FN:180,(anonymous_25)
FN:181,(anonymous_26)
FN:191,(anonymous_27)
FN:205,(anonymous_28)
FN:213,(anonymous_29)
FN:219,(anonymous_30)
FNF:31
FNH:0
FNDA:0,(anonymous_0)
FNDA:0,(anonymous_1)
FNDA:0,(anonymous_2)
FNDA:0,(anonymous_3)
FNDA:0,(anonymous_4)
FNDA:0,(anonymous_5)
FNDA:0,(anonymous_6)
FNDA:0,(anonymous_7)
FNDA:0,(anonymous_8)
FNDA:0,(anonymous_9)
FNDA:0,(anonymous_10)
FNDA:0,(anonymous_11)
FNDA:0,(anonymous_12)
FNDA:0,(anonymous_13)
FNDA:0,(anonymous_14)
FNDA:0,(anonymous_15)
FNDA:0,(anonymous_16)
FNDA:0,(anonymous_17)
FNDA:0,(anonymous_18)
FNDA:0,(anonymous_19)
FNDA:0,(anonymous_20)
FNDA:0,(anonymous_21)
FNDA:0,(anonymous_22)
FNDA:0,(anonymous_23)
FNDA:0,(anonymous_24)
FNDA:0,(anonymous_25)
FNDA:0,(anonymous_26)
FNDA:0,(anonymous_27)
FNDA:0,(anonymous_28)
FNDA:0,(anonymous_29)
FNDA:0,(anonymous_30)
DA:7,0
DA:8,0
DA:14,0
DA:15,0
DA:17,0
DA:19,0
DA:20,0
DA:23,0
DA:24,0
DA:28,0
DA:29,0
DA:30,0
DA:31,0
DA:32,0
DA:34,0
DA:39,0
DA:40,0
DA:44,0
DA:45,0
DA:49,0
DA:50,0
DA:54,0
DA:57,0
DA:58,0
DA:59,0
DA:60,0
DA:65,0
DA:66,0
DA:67,0
DA:68,0
DA:75,0
DA:76,0
DA:77,0
DA:78,0
DA:79,0
DA:86,0
DA:87,0
DA:88,0
DA:90,0
DA:91,0
DA:96,0
DA:99,0
DA:100,0
DA:102,0
DA:103,0
DA:105,0
DA:106,0
DA:112,0
DA:113,0
DA:114,0
DA:115,0
DA:116,0
DA:123,0
DA:126,0
DA:127,0
DA:128,0
DA:129,0
DA:130,0
DA:131,0
DA:132,0
DA:133,0
DA:134,0
DA:135,0
DA:141,0
DA:142,0
DA:143,0
DA:144,0
DA:145,0
DA:146,0
DA:147,0
DA:148,0
DA:149,0
DA:150,0
DA:151,0
DA:158,0
DA:159,0
DA:160,0
DA:161,0
DA:162,0
DA:163,0
DA:164,0
DA:165,0
DA:166,0
DA:167,0
DA:168,0
DA:177,0
DA:179,0
DA:180,0
DA:181,0
DA:187,0
DA:192,0
DA:193,0
DA:206,0
DA:207,0
DA:208,0
DA:215,0
DA:216,0
DA:219,0
DA:220,0
DA:226,0
DA:229,0
LF:101
LH:0
BRDA:17,0,0,0
BRDA:17,0,1,0
BRDA:28,1,0,0
BRDA:28,1,1,0
BRDA:30,2,0,0
BRDA:30,2,1,0
BRDA:58,3,0,0
BRDA:58,3,1,0
BRDA:66,4,0,0
BRDA:66,4,1,0
BRDA:76,5,0,0
BRDA:76,5,1,0
BRDA:92,6,0,0
BRDA:92,6,1,0
BRDA:93,7,0,0
BRDA:93,7,1,0
BRDA:94,8,0,0
BRDA:94,8,1,0
BRDA:99,9,0,0
BRDA:99,9,1,0
BRDA:102,10,0,0
BRDA:102,10,1,0
BRDA:105,11,0,0
BRDA:105,11,1,0
BRDA:113,12,0,0
BRDA:113,12,1,0
BRDA:113,13,0,0
BRDA:113,13,1,0
BRDA:115,14,0,0
BRDA:115,14,1,0
BRDA:130,15,0,0
BRDA:130,15,1,0
BRDA:131,16,0,0
BRDA:131,16,1,0
BRDA:134,17,0,0
BRDA:134,17,1,0
BRDA:144,18,0,0
BRDA:144,18,1,0
BRDA:146,19,0,0
BRDA:146,19,1,0
BRDA:147,20,0,0
BRDA:147,20,1,0
BRDA:150,21,0,0
BRDA:150,21,1,0
BRDA:161,22,0,0
BRDA:161,22,1,0
BRDA:163,23,0,0
BRDA:163,23,1,0
BRDA:164,24,0,0
BRDA:164,24,1,0
BRDA:167,25,0,0
BRDA:167,25,1,0
BRDA:178,26,0,0
BRDA:178,26,1,0
BRDA:182,27,0,0
BRDA:182,27,1,0
BRDA:183,28,0,0
BRDA:183,28,1,0
BRDA:184,29,0,0
BRDA:184,29,1,0
BRDA:194,30,0,0
BRDA:194,30,1,0
BRDA:194,30,2,0
BRDA:194,30,3,0
BRDA:194,30,4,0
BRDA:194,30,5,0
BRDA:194,30,6,0
BRDA:207,31,0,0
BRDA:207,31,1,0
BRDA:208,32,0,0
BRDA:208,32,1,0
BRF:71
BRH:0
end_of_record
TN:
SF:js/storage.js
FN:35,(anonymous_0)
FN:40,(anonymous_1)
FN:59,(anonymous_2)
FN:69,(anonymous_3)
FN:79,(anonymous_4)
FN:85,(anonymous_5)
FN:87,(anonymous_6)
FN:95,(anonymous_7)
FN:97,(anonymous_8)
FN:101,(anonymous_9)
FN:103,(anonymous_10)
FN:107,(anonymous_11)
FN:117,(anonymous_12)
FN:127,(anonymous_13)
FN:133,(anonymous_14)
FN:135,(anonymous_15)
FN:143,(anonymous_16)
FN:145,(anonymous_17)
FN:149,(anonymous_18)
FN:151,(anonymous_19)
FN:155,(anonymous_20)
FN:165,(anonymous_21)
FN:175,(anonymous_22)
FN:182,(anonymous_23)
FN:195,(anonymous_24)
FN:204,(anonymous_25)
FN:223,(anonymous_26)
FN:242,(anonymous_27)
FN:251,(anonymous_28)
FN:270,(anonymous_29)
FN:271,(anonymous_30)
FN:273,(anonymous_31)
FN:285,(anonymous_32)
FNF:33
FNH:27
FNDA:1,(anonymous_0)
FNDA:2,(anonymous_1)
FNDA:15,(anonymous_2)
FNDA:13,(anonymous_3)
FNDA:0,(anonymous_4)
FNDA:2,(anonymous_5)
FNDA:2,(anonymous_6)
FNDA:2,(anonymous_7)
FNDA:1,(anonymous_8)
FNDA:3,(anonymous_9)
FNDA:3,(anonymous_10)
FNDA:14,(anonymous_11)
FNDA:12,(anonymous_12)
FNDA:1,(anonymous_13)
FNDA:1,(anonymous_14)
FNDA:1,(anonymous_15)
FNDA:1,(anonymous_16)
FNDA:1,(anonymous_17)
FNDA:2,(anonymous_18)
FNDA:2,(anonymous_19)
FNDA:8,(anonymous_20)
FNDA:8,(anonymous_21)
FNDA:1,(anonymous_22)
FNDA:1,(anonymous_23)
FNDA:1,(anonymous_24)
FNDA:1,(anonymous_25)
FNDA:1,(anonymous_26)
FNDA:1,(anonymous_27)
FNDA:0,(anonymous_28)
FNDA:0,(anonymous_29)
FNDA:0,(anonymous_30)
FNDA:0,(anonymous_31)
FNDA:0,(anonymous_32)
DA:5,1
DA:12,1
DA:36,1
DA:41,2
DA:42,2
DA:45,2
DA:46,2
DA:49,2
DA:50,2
DA:60,15
DA:61,15
DA:62,15
DA:64,0
DA:65,0
DA:70,13
DA:71,13
DA:72,13
DA:74,0
DA:75,0
DA:80,0
DA:81,0
DA:82,0
DA:86,2
DA:87,2
DA:88,2
DA:89,1
DA:90,1
DA:92,1
DA:96,2
DA:97,2
DA:98,2
DA:102,3
DA:103,3
DA:108,14
DA:109,14
DA:110,14
DA:112,0
DA:113,0
DA:118,12
DA:119,12
DA:120,12
DA:122,0
DA:123,0
DA:128,1
DA:129,1
DA:130,1
DA:134,1
DA:135,1
DA:136,1
DA:137,1
DA:138,1
DA:140,0
DA:144,1
DA:145,1
DA:146,1
DA:150,2
DA:151,2
DA:156,8
DA:157,8
DA:158,8
DA:160,0
DA:161,0
DA:166,8
DA:167,8
DA:168,8
DA:170,0
DA:171,0
DA:176,1
DA:177,1
DA:178,1
DA:183,1
DA:184,1
DA:185,1
DA:186,1
DA:187,1
DA:188,1
DA:190,0
DA:191,0
DA:196,1
DA:205,1
DA:206,1
DA:207,1
DA:209,1
DA:210,1
DA:212,1
DA:213,1
DA:215,1
DA:217,0
DA:218,0
DA:224,1
DA:225,1
DA:227,1
DA:228,9
DA:229,3
DA:230,3
DA:231,3
DA:235,1
DA:243,1
DA:244,1
DA:245,1
DA:246,1
DA:247,1
DA:252,0
DA:258,0
DA:259,0
DA:261,0
DA:262,0
DA:263,0
DA:264,0
DA:265,0
DA:266,0
DA:267,0
DA:271,0
DA:272,0
DA:273,0
DA:274,0
DA:275,0
DA:276,0
DA:277,0
DA:279,0
DA:282,0
DA:285,0
DA:286,0
DA:292,1
DA:295,1
DA:296,1
DA:300,1
LF:127
LH:86
BRDA:41,0,0,2
BRDA:41,0,1,0
BRDA:45,1,0,2
BRDA:45,1,1,0
BRDA:49,2,0,2
BRDA:49,2,1,0
BRDA:62,3,0,13
BRDA:62,3,1,2
BRDA:88,4,0,1
BRDA:88,4,1,1
BRDA:110,5,0,12
BRDA:110,5,1,2
BRDA:136,6,0,1
BRDA:136,6,1,0
BRDA:158,7,0,6
BRDA:158,7,1,2
BRDA:176,8,0,1
BRDA:176,8,1,0
BRDA:206,9,0,1
BRDA:206,9,1,0
BRDA:206,10,0,1
BRDA:206,10,1,1
BRDA:209,11,0,1
BRDA:209,11,1,0
BRDA:209,12,0,1
BRDA:209,12,1,1
BRDA:212,13,0,1
BRDA:212,13,1,0
BRDA:212,14,0,1
BRDA:212,14,1,1
BRDA:228,15,0,3
BRDA:228,15,1,6
BRDA:243,16,0,0
BRDA:243,16,1,1
BRDA:276,17,0,0
BRDA:276,17,1,0
BRDA:276,18,0,0
BRDA:276,18,1,0
BRDA:295,19,0,1
BRDA:295,19,1,0
BRF:40
BRH:26
end_of_record
TN:
SF:js/taskManager.js
FN:6,(anonymous_0)
FN:24,(anonymous_1)
FN:30,(anonymous_2)
FN:35,(anonymous_3)
FN:40,(anonymous_4)
FN:45,(anonymous_5)
FN:65,(anonymous_6)
FN:66,(anonymous_7)
FN:86,(anonymous_8)
FN:87,(anonymous_9)
FN:99,(anonymous_10)
FN:100,(anonymous_11)
FN:111,(anonymous_12)
FN:112,(anonymous_13)
FN:116,(anonymous_14)
FN:124,(anonymous_15)
FN:130,(anonymous_16)
FN:136,(anonymous_17)
FN:142,(anonymous_18)
FN:148,(anonymous_19)
FN:156,(anonymous_20)
FN:163,(anonymous_21)
FN:181,(anonymous_22)
FN:189,(anonymous_23)
FN:206,(anonymous_24)
FN:213,(anonymous_25)
FN:260,(anonymous_26)
FN:268,(anonymous_27)
FN:276,(anonymous_28)
FN:309,(anonymous_29)
FN:317,(anonymous_30)
FN:345,(anonymous_31)
FN:364,(anonymous_32)
FN:372,(anonymous_33)
FN:376,(anonymous_34)
FN:383,(anonymous_35)
FN:389,(anonymous_36)
FN:390,(anonymous_37)
FN:394,(anonymous_38)
FN:406,(anonymous_39)
FN:408,(anonymous_40)
FN:409,(anonymous_41)
FN:419,(anonymous_42)
FN:420,(anonymous_43)
FN:427,(anonymous_44)
FN:428,(anonymous_45)
FN:437,(anonymous_46)
FNF:47
FNH:0
FNDA:0,(anonymous_0)
FNDA:0,(anonymous_1)
FNDA:0,(anonymous_2)
FNDA:0,(anonymous_3)
FNDA:0,(anonymous_4)
FNDA:0,(anonymous_5)
FNDA:0,(anonymous_6)
FNDA:0,(anonymous_7)
FNDA:0,(anonymous_8)
FNDA:0,(anonymous_9)
FNDA:0,(anonymous_10)
FNDA:0,(anonymous_11)
FNDA:0,(anonymous_12)
FNDA:0,(anonymous_13)
FNDA:0,(anonymous_14)
FNDA:0,(anonymous_15)
FNDA:0,(anonymous_16)
FNDA:0,(anonymous_17)
FNDA:0,(anonymous_18)
FNDA:0,(anonymous_19)
FNDA:0,(anonymous_20)
FNDA:0,(anonymous_21)
FNDA:0,(anonymous_22)
FNDA:0,(anonymous_23)
FNDA:0,(anonymous_24)
FNDA:0,(anonymous_25)
FNDA:0,(anonymous_26)
FNDA:0,(anonymous_27)
FNDA:0,(anonymous_28)
FNDA:0,(anonymous_29)
FNDA:0,(anonymous_30)
FNDA:0,(anonymous_31)
FNDA:0,(anonymous_32)
FNDA:0,(anonymous_33)
FNDA:0,(anonymous_34)
FNDA:0,(anonymous_35)
FNDA:0,(anonymous_36)
FNDA:0,(anonymous_37)
FNDA:0,(anonymous_38)
FNDA:0,(anonymous_39)
FNDA:0,(anonymous_40)
FNDA:0,(anonymous_41)
FNDA:0,(anonymous_42)
FNDA:0,(anonymous_43)
FNDA:0,(anonymous_44)
FNDA:0,(anonymous_45)
FNDA:0,(anonymous_46)
DA:7,0
DA:8,0
DA:9,0
DA:18,0
DA:19,0
DA:20,0
DA:25,0
DA:26,0
DA:31,0
DA:36,0
DA:41,0
DA:46,0
DA:58,0
DA:59,0
DA:60,0
DA:61,0
DA:66,0
DA:67,0
DA:68,0
DA:71,0
DA:79,0
DA:80,0
DA:81,0
DA:82,0
DA:87,0
DA:88,0
DA:89,0
DA:92,0
DA:93,0
DA:94,0
DA:95,0
DA:100,0
DA:101,0
DA:103,0
DA:104,0
DA:105,0
DA:107,0
DA:112,0
DA:117,0
DA:118,0
DA:119,0
DA:120,0
DA:125,0
DA:126,0
DA:131,0
DA:132,0
DA:137,0
DA:138,0
DA:143,0
DA:144,0
DA:149,0
DA:150,0
DA:151,0
DA:152,0
DA:157,0
DA:158,0
DA:159,0
DA:164,0
DA:175,0
DA:176,0
DA:177,0
DA:181,0
DA:182,0
DA:185,0
DA:190,0
DA:191,0
DA:193,0
DA:195,0
DA:197,0
DA:198,0
DA:199,0
DA:200,0
DA:203,0
DA:204,0
DA:206,0
DA:207,0
DA:208,0
DA:214,0
DA:215,0
DA:216,0
DA:218,0
DA:219,0
DA:220,0
DA:222,0
DA:256,0
DA:261,0
DA:262,0
DA:263,0
DA:269,0
DA:270,0
DA:271,0
DA:277,0
DA:278,0
DA:279,0
DA:281,0
DA:284,0
DA:286,0
DA:288,0
DA:289,0
DA:299,0
DA:303,0
DA:305,0
DA:310,0
DA:311,0
DA:312,0
DA:318,0
DA:320,0
DA:321,0
DA:322,0
DA:324,0
DA:327,0
DA:329,0
DA:330,0
DA:333,0
DA:334,0
DA:337,0
DA:340,0
DA:346,0
DA:347,0
DA:349,0
DA:353,0
DA:355,0
DA:356,0
DA:357,0
DA:359,0
DA:366,0
DA:367,0
DA:368,0
DA:369,0
DA:371,0
DA:372,0
DA:375,0
DA:376,0
DA:377,0
DA:378,0
DA:382,0
DA:383,0
DA:387,0
DA:388,0
DA:389,0
DA:390,0
DA:394,0
DA:395,0
DA:396,0
DA:402,0
DA:408,0
DA:409,0
DA:410,0
DA:411,0
DA:412,0
DA:413,0
DA:419,0
DA:420,0
DA:421,0
DA:422,0
DA:427,0
DA:428,0
DA:429,0
DA:430,0
DA:431,0
DA:438,0
DA:439,0
DA:440,0
DA:445,0
DA:448,0
DA:449,0
DA:453,0
LF:167
LH:0
BRDA:49,0,0,0
BRDA:49,0,1,0
BRDA:51,1,0,0
BRDA:51,1,1,0
BRDA:52,2,0,0
BRDA:52,2,1,0
BRDA:53,3,0,0
BRDA:53,3,1,0
BRDA:67,4,0,0
BRDA:67,4,1,0
BRDA:74,5,0,0
BRDA:74,5,1,0
BRDA:75,6,0,0
BRDA:75,6,1,0
BRDA:75,7,0,0
BRDA:75,7,1,0
BRDA:88,8,0,0
BRDA:88,8,1,0
BRDA:101,9,0,0
BRDA:101,9,1,0
BRDA:149,10,0,0
BRDA:149,10,1,0
BRDA:150,11,0,0
BRDA:150,11,1,0
BRDA:151,12,0,0
BRDA:151,12,1,0
BRDA:176,13,0,0
BRDA:176,13,1,0
BRDA:193,14,0,0
BRDA:193,14,1,0
BRDA:193,15,0,0
BRDA:193,15,1,0
BRDA:197,16,0,0
BRDA:197,16,1,0
BRDA:215,17,0,0
BRDA:215,17,1,0
BRDA:219,18,0,0
BRDA:219,18,1,0
BRDA:220,19,0,0
BRDA:220,19,1,0
BRDA:230,20,0,0
BRDA:230,20,1,0
BRDA:237,21,0,0
BRDA:237,21,1,0
BRDA:247,22,0,0
BRDA:247,22,1,0
BRDA:262,23,0,0
BRDA:262,23,1,0
BRDA:270,24,0,0
BRDA:270,24,1,0
BRDA:276,25,0,0
BRDA:281,26,0,0
BRDA:281,26,1,0
BRDA:281,27,0,0
BRDA:281,27,1,0
BRDA:281,27,2,0
BRDA:286,28,0,0
BRDA:286,28,1,0
BRDA:303,29,0,0
BRDA:303,29,1,0
BRDA:311,30,0,0
BRDA:311,30,1,0
BRDA:327,31,0,0
BRDA:327,31,1,0
BRDA:347,32,0,0
BRDA:347,32,1,0
BRDA:353,33,0,0
BRDA:353,33,1,0
BRDA:371,34,0,0
BRDA:371,34,1,0
BRDA:375,35,0,0
BRDA:375,35,1,0
BRDA:382,36,0,0
BRDA:382,36,1,0
BRDA:387,37,0,0
BRDA:387,37,1,0
BRDA:395,38,0,0
BRDA:395,38,1,0
BRDA:412,39,0,0
BRDA:412,39,1,0
BRDA:448,40,0,0
BRDA:448,40,1,0
BRF:82
BRH:0
end_of_record
TN:
SF:js/utils.js
FN:6,generateId
FN:11,formatDate
FN:22,isOverdue
FN:32,isDueSoon
FN:44,getPriorityClass
FN:54,getStatusClass
FN:64,getDueDateClass
FN:72,capitalize
FN:77,statusToText
FN:87,priorityToText
FN:97,isValidEmail
FN:103,debounce
FN:105,executedFunction
FN:106,(anonymous_13)
FN:116,sortTasks
FN:121,(anonymous_15)
FN:123,(anonymous_16)
FN:125,(anonymous_17)
FN:132,(anonymous_18)
FN:140,(anonymous_19)
FN:143,(anonymous_20)
FN:145,(anonymous_21)
FN:147,(anonymous_22)
FN:154,filterTasks
FN:155,(anonymous_24)
FN:199,showToast
FN:213,(anonymous_26)
FN:221,confirmDialog
FN:222,(anonymous_28)
FN:229,getFormData
FN:239,setFormData
FN:249,clearForm
FN:254,validateForm
FN:258,(anonymous_33)
FNF:34
FNH:0
FNDA:0,generateId
FNDA:0,formatDate
FNDA:0,isOverdue
FNDA:0,isDueSoon
FNDA:0,getPriorityClass
FNDA:0,getStatusClass
FNDA:0,getDueDateClass
FNDA:0,capitalize
FNDA:0,statusToText
FNDA:0,priorityToText
FNDA:0,isValidEmail
FNDA:0,debounce
FNDA:0,executedFunction
FNDA:0,(anonymous_13)
FNDA:0,sortTasks
FNDA:0,(anonymous_15)
FNDA:0,(anonymous_16)
FNDA:0,(anonymous_17)
FNDA:0,(anonymous_18)
FNDA:0,(anonymous_19)
FNDA:0,(anonymous_20)
FNDA:0,(anonymous_21)
FNDA:0,(anonymous_22)
FNDA:0,filterTasks
FNDA:0,(anonymous_24)
FNDA:0,showToast
FNDA:0,(anonymous_26)
FNDA:0,confirmDialog
FNDA:0,(anonymous_28)
FNDA:0,getFormData
FNDA:0,setFormData
FNDA:0,clearForm
FNDA:0,validateForm
FNDA:0,(anonymous_33)
DA:7,0
DA:12,0
DA:13,0
DA:14,0
DA:23,0
DA:24,0
DA:25,0
DA:26,0
DA:27,0
DA:28,0
DA:33,0
DA:34,0
DA:35,0
DA:36,0
DA:37,0
DA:38,0
DA:39,0
DA:40,0
DA:45,0
DA:46,0
DA:47,0
DA:48,0
DA:49,0
DA:55,0
DA:56,0
DA:57,0
DA:58,0
DA:59,0
DA:65,0
DA:66,0
DA:67,0
DA:68,0
DA:73,0
DA:78,0
DA:79,0
DA:80,0
DA:81,0
DA:82,0
DA:88,0
DA:89,0
DA:90,0
DA:91,0
DA:92,0
DA:98,0
DA:99,0
DA:105,0
DA:106,0
DA:107,0
DA:108,0
DA:110,0
DA:111,0
DA:117,0
DA:119,0
DA:121,0
DA:123,0
DA:125,0
DA:126,0
DA:127,0
DA:128,0
DA:129,0
DA:132,0
DA:133,0
DA:134,0
DA:135,0
DA:136,0
DA:139,0
DA:140,0
DA:142,0
DA:143,0
DA:145,0
DA:147,0
DA:149,0
DA:155,0
DA:157,0
DA:158,0
DA:159,0
DA:160,0
DA:161,0
DA:165,0
DA:166,0
DA:170,0
DA:171,0
DA:175,0
DA:176,0
DA:180,0
DA:181,0
DA:182,0
DA:183,0
DA:184,0
DA:186,0
DA:187,0
DA:188,0
DA:189,0
DA:190,0
DA:191,0
DA:194,0
DA:200,0
DA:201,0
DA:203,0
DA:204,0
DA:205,0
DA:210,0
DA:213,0
DA:214,0
DA:215,0
DA:222,0
DA:223,0
DA:224,0
DA:230,0
DA:231,0
DA:232,0
DA:233,0
DA:235,0
DA:240,0
DA:241,0
DA:242,0
DA:243,0
DA:250,0
DA:255,0
DA:256,0
DA:258,0
DA:259,0
DA:260,0
DA:261,0
DA:263,0
DA:267,0
DA:271,0
DA:272,0
DA:278,0
DA:281,0
LF:130
LH:0
BRDA:12,0,0,0
BRDA:12,0,1,0
BRDA:23,1,0,0
BRDA:23,1,1,0
BRDA:33,2,0,0
BRDA:33,2,1,0
BRDA:40,3,0,0
BRDA:40,3,1,0
BRDA:45,4,0,0
BRDA:45,4,1,0
BRDA:45,4,2,0
BRDA:45,4,3,0
BRDA:55,5,0,0
BRDA:55,5,1,0
BRDA:55,5,2,0
BRDA:55,5,3,0
BRDA:65,6,0,0
BRDA:65,6,1,0
BRDA:66,7,0,0
BRDA:66,7,1,0
BRDA:67,8,0,0
BRDA:67,8,1,0
BRDA:78,9,0,0
BRDA:78,9,1,0
BRDA:78,9,2,0
BRDA:78,9,3,0
BRDA:88,10,0,0
BRDA:88,10,1,0
BRDA:88,10,2,0
BRDA:88,10,3,0
BRDA:119,11,0,0
BRDA:119,11,1,0
BRDA:119,11,2,0
BRDA:119,11,3,0
BRDA:119,11,4,0
BRDA:119,11,5,0
BRDA:119,11,6,0
BRDA:119,11,7,0
BRDA:119,11,8,0
BRDA:126,12,0,0
BRDA:126,12,1,0
BRDA:126,13,0,0
BRDA:126,13,1,0
BRDA:127,14,0,0
BRDA:127,14,1,0
BRDA:128,15,0,0
BRDA:128,15,1,0
BRDA:133,16,0,0
BRDA:133,16,1,0
BRDA:133,17,0,0
BRDA:133,17,1,0
BRDA:134,18,0,0
BRDA:134,18,1,0
BRDA:135,19,0,0
BRDA:135,19,1,0
BRDA:157,20,0,0
BRDA:157,20,1,0
BRDA:161,21,0,0
BRDA:161,21,1,0
BRDA:161,22,0,0
BRDA:161,22,1,0
BRDA:165,23,0,0
BRDA:165,23,1,0
BRDA:165,24,0,0
BRDA:165,24,1,0
BRDA:166,25,0,0
BRDA:166,25,1,0
BRDA:170,26,0,0
BRDA:170,26,1,0
BRDA:170,27,0,0
BRDA:170,27,1,0
BRDA:171,28,0,0
BRDA:171,28,1,0
BRDA:175,29,0,0
BRDA:175,29,1,0
BRDA:175,30,0,0
BRDA:175,30,1,0
BRDA:176,31,0,0
BRDA:176,31,1,0
BRDA:180,32,0,0
BRDA:180,32,1,0
BRDA:180,33,0,0
BRDA:180,33,1,0
BRDA:181,34,0,0
BRDA:181,34,1,0
BRDA:183,35,0,0
BRDA:183,35,1,0
BRDA:184,36,0,0
BRDA:184,36,1,0
BRDA:186,37,0,0
BRDA:186,37,1,0
BRDA:187,38,0,0
BRDA:187,38,1,0
BRDA:191,39,0,0
BRDA:191,39,1,0
BRDA:191,40,0,0
BRDA:191,40,1,0
BRDA:199,41,0,0
BRDA:199,42,0,0
BRDA:201,43,0,0
BRDA:201,43,1,0
BRDA:214,44,0,0
BRDA:214,44,1,0
BRDA:242,45,0,0
BRDA:242,45,1,0
BRDA:259,46,0,0
BRDA:259,46,1,0
BRF:107
BRH:0
end_of_record
TN:
SF:js/validators.js
FN:27,validateTask
FN:85,validateDueDate
FNF:2
FNH:2
FNDA:9,validateTask
FNDA:4,validateDueDate
DA:7,1
DA:28,9
DA:29,0
DA:35,9
DA:38,9
DA:39,9
DA:40,2
DA:41,7
DA:42,1
DA:46,9
DA:47,9
DA:48,2
DA:52,9
DA:53,0
DA:57,9
DA:58,2
DA:62,9
DA:63,2
DA:67,9
DA:68,4
DA:69,4
DA:70,3
DA:74,9
DA:86,4
DA:88,4
DA:89,0
DA:90,0
DA:93,4
DA:94,4
DA:95,2
DA:96,2
DA:100,2
DA:101,2
DA:102,2
DA:103,2
DA:105,2
DA:106,1
DA:109,2
DA:115,1
LF:39
LH:35
BRDA:28,0,0,0
BRDA:28,0,1,9
BRDA:28,1,0,9
BRDA:28,1,1,9
BRDA:39,2,0,2
BRDA:39,2,1,7
BRDA:41,3,0,1
BRDA:41,3,1,6
BRDA:47,4,0,2
BRDA:47,4,1,7
BRDA:47,5,0,9
BRDA:47,5,1,9
BRDA:52,6,0,0
BRDA:52,6,1,9
BRDA:52,7,0,9
BRDA:52,7,1,9
BRDA:57,8,0,2
BRDA:57,8,1,7
BRDA:62,9,0,2
BRDA:62,9,1,7
BRDA:67,10,0,4
BRDA:67,10,1,5
BRDA:69,11,0,3
BRDA:69,11,1,1
BRDA:88,12,0,0
BRDA:88,12,1,4
BRDA:94,13,0,2
BRDA:94,13,1,2
BRDA:105,14,0,1
BRDA:105,14,1,1
BRF:30
BRH:27
end_of_record
